---------------------------------------------------------------
[ 2017-09-25T17:34:23+08:00 ] 104.238.148.249 157.119.232.5 GET /
[ info ] api.ullone.com/ [运行时间：0.023488s][吞吐率：42.58req/s] [内存消耗：198.23kb] [文件加载：29]
[ info ] [ LANG ] /webdata/api/thinkphp/lang/zh-cn.php
[ info ] [ ROUTE ] array (
  'type' => 'module',
  'module' => 
  array (
    0 => '',
    1 => NULL,
    2 => NULL,
  ),
)
[ info ] [ HEADER ] array (
  'x-request-id' => '901b10bc2181bb8383fa24b3ff33ffca',
  'upgrade-insecure-requests' => '1',
  'user-agent' => 'Mozilla/5.0 (Windows NT 6.1; WOW64) AppleWebKit/537.36 (KHTML, like Gecko) Chrome/60.0.3112.113 Safari/537.36',
  'x-forwarded-for' => '183.15.243.248',
  'x-real-ip' => '183.15.243.248',
  'x-edge-retry-times' => '-',
  'accept-language' => 'zh-CN,zh;q=0.8',
  'accept-encoding' => 'gzip',
  'cache-control' => 'max-age=0',
  'client-ip' => '183.15.243.248',
  'accept' => 'text/html,application/xhtml+xml,application/xml;q=0.9,image/webp,image/apng,*/*;q=0.8',
  'x-via' => 'shanks/0.8.12',
  'cookie' => 'pgv_pvi=7293854720',
  'host' => 'api.ullone.com',
  'content-type' => '',
  'content-length' => '',
)
[ info ] [ PARAM ] array (
)
[ info ] [ LOG ] INIT File
[ error ] [0]语法解析错误: syntax error, unexpected 'fa' (T_STRING), expecting function (T_FUNCTION)[/webdata/api/application/index/controller/Index.php:12]
---------------------------------------------------------------
[ 2017-09-25T17:34:23+08:00 ] 104.238.148.249 157.119.232.13 GET /
[ info ] api.ullone.com/ [运行时间：0.003139s][吞吐率：318.57req/s] [内存消耗：131.98kb] [文件加载：29]
[ info ] [ LANG ] /webdata/api/thinkphp/lang/zh-cn.php
[ info ] [ ROUTE ] array (
  'type' => 'module',
  'module' => 
  array (
    0 => '',
    1 => NULL,
    2 => NULL,
  ),
)
[ info ] [ HEADER ] array (
  'x-request-id' => '901b10bc2181bb8383fa24b3ff33ffca',
  'upgrade-insecure-requests' => '1',
  'user-agent' => 'Mozilla/5.0 (Windows NT 6.1; WOW64) AppleWebKit/537.36 (KHTML, like Gecko) Chrome/60.0.3112.113 Safari/537.36',
  'x-forwarded-for' => '183.15.243.248',
  'x-real-ip' => '183.15.243.248',
  'x-edge-retry-times' => '-',
  'accept-language' => 'zh-CN,zh;q=0.8',
  'accept-encoding' => 'gzip',
  'cache-control' => 'max-age=0',
  'client-ip' => '183.15.243.248',
  'accept' => 'text/html,application/xhtml+xml,application/xml;q=0.9,image/webp,image/apng,*/*;q=0.8',
  'x-via' => 'shanks/0.8.12',
  'cookie' => 'pgv_pvi=7293854720',
  'host' => 'api.ullone.com',
  'content-type' => '',
  'content-length' => '',
)
[ info ] [ PARAM ] array (
)
[ info ] [ LOG ] INIT File
[ error ] [0]语法解析错误: syntax error, unexpected 'fa' (T_STRING), expecting function (T_FUNCTION)[/webdata/api/application/index/controller/Index.php:12]
---------------------------------------------------------------
[ 2017-09-25T17:52:52+08:00 ] 104.238.148.249 157.119.232.6 GET /
[ info ] api.ullone.com/ [运行时间：0.003444s][吞吐率：290.36req/s] [内存消耗：144.18kb] [文件加载：25]
[ info ] [ LANG ] /webdata/api/thinkphp/lang/zh-cn.php
[ info ] [ ROUTE ] array (
  'type' => 'module',
  'module' => 
  array (
    0 => '',
    1 => NULL,
    2 => NULL,
  ),
)
[ info ] [ HEADER ] array (
  'x-request-id' => '2abece7faa3d4a8aefc77af3a293e9a5',
  'x-forwarded-for' => '52.80.112.246',
  'user-agent' => 'Mozilla/5.0 (Macintosh; Intel Mac OS X 10_11_5) AppleWebKit/537.36 (KHTML, like Gecko) Chrome/51.0.2704.103 Safari/537.36',
  'x-edge-retry-times' => '-',
  'x-real-ip' => '52.80.112.246',
  'accept-encoding' => 'gzip',
  'client-ip' => '52.80.112.246',
  'accept' => '*/*',
  'x-via' => 'shanks/0.8.12',
  'host' => 'api.ullone.com',
  'content-type' => '',
  'content-length' => '',
)
[ info ] [ PARAM ] array (
)
[ info ] [ RUN ] app\index\controller\Index->index[ /webdata/api/application/index/controller/Index.php ]
[ info ] [ LOG ] INIT File
---------------------------------------------------------------
[ 2017-09-25T17:59:02+08:00 ] 104.238.148.249 157.119.232.11 POST /
[ info ] api.ullone.com/ [运行时间：0.002419s][吞吐率：413.39req/s] [内存消耗：143.13kb] [文件加载：25]
[ info ] [ LANG ] /webdata/api/thinkphp/lang/zh-cn.php
[ info ] [ ROUTE ] array (
  'type' => 'module',
  'module' => 
  array (
    0 => '',
    1 => NULL,
    2 => NULL,
  ),
)
[ info ] [ HEADER ] array (
  'x-request-id' => 'b0449b1a63fa37b8274cd473ec5a39d3',
  'x-edge-retry-times' => '-',
  'user-agent' => 'shanks/0.8.12',
  'x-forwarded-for' => '183.15.243.248',
  'x-real-ip' => '183.15.243.248',
  'client-ip' => '183.15.243.248',
  'content-length' => '10446',
  'accept-encoding' => 'gzip',
  'referer' => 'https://servicewechat.com/wx61c00f82c85f0036/devtools/page-frame.html',
  'content-type' => 'multipart/form-data; boundary=--------------------------908189056612976041065003',
  'accept' => '*/*',
  'x-via' => 'shanks/0.8.12',
  'host' => 'api.ullone.com',
)
[ info ] [ PARAM ] array (
)
[ info ] [ RUN ] app\index\controller\Index->index[ /webdata/api/application/index/controller/Index.php ]
[ info ] [ LOG ] INIT File
---------------------------------------------------------------
[ 2017-09-25T18:00:55+08:00 ] 104.238.148.249 157.119.232.7 GET /
[ info ] api.ullone.com/ [运行时间：0.001345s][吞吐率：743.41req/s] [内存消耗：143.89kb] [文件加载：25]
[ info ] [ LANG ] /webdata/api/thinkphp/lang/zh-cn.php
[ info ] [ ROUTE ] array (
  'type' => 'module',
  'module' => 
  array (
    0 => '',
    1 => NULL,
    2 => NULL,
  ),
)
[ info ] [ HEADER ] array (
  'x-request-id' => 'ac11005d69e2bc505044c58b62cb138f',
  'upgrade-insecure-requests' => '1',
  'user-agent' => 'Mozilla/5.0 (Windows NT 6.1; WOW64) AppleWebKit/537.36 (KHTML, like Gecko) Chrome/60.0.3112.113 Safari/537.36',
  'x-forwarded-for' => '183.15.243.248',
  'x-real-ip' => '183.15.243.248',
  'x-edge-retry-times' => '-',
  'accept-language' => 'zh-CN,zh;q=0.8',
  'accept-encoding' => 'gzip',
  'cache-control' => 'max-age=0',
  'client-ip' => '183.15.243.248',
  'accept' => 'text/html,application/xhtml+xml,application/xml;q=0.9,image/webp,image/apng,*/*;q=0.8',
  'x-via' => 'shanks/0.8.12',
  'cookie' => 'pgv_pvi=7293854720',
  'host' => 'api.ullone.com',
  'content-type' => '',
  'content-length' => '',
)
[ info ] [ PARAM ] array (
)
[ info ] [ RUN ] app\index\controller\Index->index[ /webdata/api/application/index/controller/Index.php ]
[ info ] [ LOG ] INIT File
---------------------------------------------------------------
[ 2017-09-25T18:01:59+08:00 ] 104.238.148.249 157.119.232.6 POST /
[ info ] api.ullone.com/ [运行时间：0.002336s][吞吐率：428.08req/s] [内存消耗：143.13kb] [文件加载：25]
[ info ] [ LANG ] /webdata/api/thinkphp/lang/zh-cn.php
[ info ] [ ROUTE ] array (
  'type' => 'module',
  'module' => 
  array (
    0 => '',
    1 => NULL,
    2 => NULL,
  ),
)
[ info ] [ HEADER ] array (
  'x-request-id' => 'b376137cad8d930e3facba53fbb8bbde',
  'x-edge-retry-times' => '-',
  'user-agent' => 'shanks/0.8.12',
  'x-forwarded-for' => '183.15.243.248',
  'x-real-ip' => '183.15.243.248',
  'client-ip' => '183.15.243.248',
  'content-length' => '13594',
  'accept-encoding' => 'gzip',
  'referer' => 'https://servicewechat.com/wx61c00f82c85f0036/devtools/page-frame.html',
  'content-type' => 'multipart/form-data; boundary=--------------------------375019937368836777023662',
  'accept' => '*/*',
  'x-via' => 'shanks/0.8.12',
  'host' => 'api.ullone.com',
)
[ info ] [ PARAM ] array (
)
[ info ] [ RUN ] app\index\controller\Index->index[ /webdata/api/application/index/controller/Index.php ]
[ info ] [ LOG ] INIT File
---------------------------------------------------------------
[ 2017-09-25T18:02:03+08:00 ] 104.238.148.249 157.119.232.5 GET /
[ info ] api.ullone.com/ [运行时间：0.002878s][吞吐率：347.47req/s] [内存消耗：143.14kb] [文件加载：25]
[ info ] [ LANG ] /webdata/api/thinkphp/lang/zh-cn.php
[ info ] [ ROUTE ] array (
  'type' => 'module',
  'module' => 
  array (
    0 => '',
    1 => NULL,
    2 => NULL,
  ),
)
[ info ] [ HEADER ] array (
  'accept-language' => 'en',
  'x-real-ip' => '140.205.205.5',
  'user-agent' => 'Mozilla/4.0 (compatible; MSIE 6.0; Windows NT 5.1; SV1; AcooBrowser; .NET CLR 1.1.4322; .NET CLR 2.0.50727)',
  'x-forwarded-for' => '140.205.205.5',
  'x-edge-retry-times' => '-',
  'x-request-id' => '7f360c38120aef6f970e99479d4f8d27',
  'accept-encoding' => 'gzip',
  'client-ip' => '140.205.205.5',
  'accept' => 'text/html,application/xhtml+xml,application/xml;q=0.9,*/*;q=0.8',
  'x-via' => 'shanks/0.8.12',
  'host' => 'api.ullone.com',
  'content-type' => '',
  'content-length' => '',
)
[ info ] [ PARAM ] array (
)
[ info ] [ RUN ] app\index\controller\Index->index[ /webdata/api/application/index/controller/Index.php ]
[ info ] [ LOG ] INIT File
---------------------------------------------------------------
[ 2017-09-25T18:02:16+08:00 ] 104.238.148.249 157.119.232.5 POST /
[ info ] api.ullone.com/ [运行时间：0.001023s][吞吐率：977.47req/s] [内存消耗：143.13kb] [文件加载：25]
[ info ] [ LANG ] /webdata/api/thinkphp/lang/zh-cn.php
[ info ] [ ROUTE ] array (
  'type' => 'module',
  'module' => 
  array (
    0 => '',
    1 => NULL,
    2 => NULL,
  ),
)
[ info ] [ HEADER ] array (
  'x-request-id' => '1bea191da6e299c43d6a45a8ee8b323a',
  'x-edge-retry-times' => '-',
  'user-agent' => 'shanks/0.8.12',
  'x-forwarded-for' => '183.15.243.248',
  'x-real-ip' => '183.15.243.248',
  'client-ip' => '183.15.243.248',
  'content-length' => '24178',
  'accept-encoding' => 'gzip',
  'referer' => 'https://servicewechat.com/wx61c00f82c85f0036/devtools/page-frame.html',
  'content-type' => 'multipart/form-data; boundary=--------------------------579770878808744562251671',
  'accept' => '*/*',
  'x-via' => 'shanks/0.8.12',
  'host' => 'api.ullone.com',
)
[ info ] [ PARAM ] array (
)
[ info ] [ RUN ] app\index\controller\Index->index[ /webdata/api/application/index/controller/Index.php ]
[ info ] [ LOG ] INIT File
---------------------------------------------------------------
[ 2017-09-25T18:03:21+08:00 ] 104.238.148.249 157.119.232.12 POST /
[ info ] api.ullone.com/ [运行时间：0.001119s][吞吐率：893.74req/s] [内存消耗：143.13kb] [文件加载：25]
[ info ] [ LANG ] /webdata/api/thinkphp/lang/zh-cn.php
[ info ] [ ROUTE ] array (
  'type' => 'module',
  'module' => 
  array (
    0 => '',
    1 => NULL,
    2 => NULL,
  ),
)
[ info ] [ HEADER ] array (
  'x-request-id' => '615917663387e302de2acfeebfec7e37',
  'x-edge-retry-times' => '-',
  'user-agent' => 'shanks/0.8.12',
  'x-forwarded-for' => '183.15.243.248',
  'x-real-ip' => '183.15.243.248',
  'client-ip' => '183.15.243.248',
  'content-length' => '84254',
  'accept-encoding' => 'gzip',
  'referer' => 'https://servicewechat.com/wx61c00f82c85f0036/devtools/page-frame.html',
  'content-type' => 'multipart/form-data; boundary=--------------------------432925205717441234001199',
  'accept' => '*/*',
  'x-via' => 'shanks/0.8.12',
  'host' => 'api.ullone.com',
)
[ info ] [ PARAM ] array (
)
[ info ] [ RUN ] app\index\controller\Index->index[ /webdata/api/application/index/controller/Index.php ]
[ info ] [ LOG ] INIT File
---------------------------------------------------------------
[ 2017-09-25T18:07:50+08:00 ] 104.238.148.249 157.119.232.9 POST /
[ info ] api.ullone.com/ [运行时间：0.002988s][吞吐率：334.69req/s] [内存消耗：144.23kb] [文件加载：25]
[ info ] [ LANG ] /webdata/api/thinkphp/lang/zh-cn.php
[ info ] [ ROUTE ] array (
  'type' => 'module',
  'module' => 
  array (
    0 => '',
    1 => NULL,
    2 => NULL,
  ),
)
[ info ] [ HEADER ] array (
  'x-request-id' => '60530801252333653d7dbd0aa6465dc7',
  'x-edge-retry-times' => '-',
  'user-agent' => 'shanks/0.8.12',
  'x-forwarded-for' => '183.15.243.248',
  'x-real-ip' => '183.15.243.248',
  'client-ip' => '183.15.243.248',
  'content-length' => '39946',
  'accept-encoding' => 'gzip',
  'referer' => 'https://servicewechat.com/wx61c00f82c85f0036/devtools/page-frame.html',
  'content-type' => 'multipart/form-data; boundary=--------------------------607645705457075371568867',
  'accept' => '*/*',
  'x-via' => 'shanks/0.8.12',
  'host' => 'api.ullone.com',
)
[ info ] [ PARAM ] array (
)
[ info ] [ RUN ] app\index\controller\Index->index[ /webdata/api/application/index/controller/Index.php ]
[ info ] [ LOG ] INIT File
---------------------------------------------------------------
[ 2017-09-25T18:18:49+08:00 ] 104.238.148.249 157.119.232.10 POST /
[ info ] api.ullone.com/ [运行时间：0.002718s][吞吐率：367.89req/s] [内存消耗：144.21kb] [文件加载：25]
[ info ] [ LANG ] /webdata/api/thinkphp/lang/zh-cn.php
[ info ] [ ROUTE ] array (
  'type' => 'module',
  'module' => 
  array (
    0 => '',
    1 => NULL,
    2 => NULL,
  ),
)
[ info ] [ HEADER ] array (
  'x-request-id' => '2b54237bdc493e57df135983ce97b3af',
  'x-edge-retry-times' => '-',
  'user-agent' => 'shanks/0.8.12',
  'x-forwarded-for' => '183.15.243.248',
  'x-real-ip' => '183.15.243.248',
  'client-ip' => '183.15.243.248',
  'content-length' => '39930',
  'accept-encoding' => 'gzip',
  'referer' => 'https://servicewechat.com/wx61c00f82c85f0036/devtools/page-frame.html',
  'content-type' => 'multipart/form-data; boundary=--------------------------165672057925394382807323',
  'accept' => '*/*',
  'x-via' => 'shanks/0.8.12',
  'host' => 'api.ullone.com',
)
[ info ] [ PARAM ] array (
)
[ info ] [ RUN ] app\index\controller\Index->index[ /webdata/api/application/index/controller/Index.php ]
[ info ] [ LOG ] INIT File
