---------------------------------------------------------------
[ 2017-09-27T09:31:33+08:00 ] 104.238.148.249 157.119.232.12 POST /
[ info ] api.ullone.com/ [运行时间：0.285430s][吞吐率：3.50req/s] [内存消耗：144.97kb] [文件加载：26]
[ info ] [ LANG ] /webdata/api/thinkphp/lang/zh-cn.php
[ info ] [ ROUTE ] array (
  'type' => 'module',
  'module' => 
  array (
    0 => '',
    1 => NULL,
    2 => NULL,
  ),
)
[ info ] [ HEADER ] array (
  'x-request-id' => '610931fdfdf7cd95c60e5c83b37befa8',
  'x-edge-retry-times' => '-',
  'user-agent' => 'MicroMessenger/6.5.13.1100 NetType/4G Language/zh_CN',
  'x-forwarded-for' => '117.136.40.188',
  'x-real-ip' => '117.136.40.188',
  'client-ip' => '117.136.40.188',
  'content-length' => '2730',
  'accept-encoding' => 'gzip',
  'referer' => 'https://servicewechat.com/wx61c00f82c85f0036/0/page-frame.html',
  'content-type' => 'multipart/form-data; boundary=1506475891647',
  'accept' => '*/*',
  'x-via' => 'shanks/0.8.12',
  'host' => 'api.ullone.com',
)
[ info ] [ PARAM ] array (
)
[ info ] [ RUN ] app\index\controller\Index->index[ /webdata/api/application/index/controller/Index.php ]
[ info ] [ LOG ] INIT File
---------------------------------------------------------------
[ 2017-09-27T09:34:49+08:00 ] 104.238.148.249 157.119.232.9 POST /
[ info ] api.ullone.com/ [运行时间：0.145086s][吞吐率：6.89req/s] [内存消耗：144.98kb] [文件加载：26]
[ info ] [ LANG ] /webdata/api/thinkphp/lang/zh-cn.php
[ info ] [ ROUTE ] array (
  'type' => 'module',
  'module' => 
  array (
    0 => '',
    1 => NULL,
    2 => NULL,
  ),
)
[ info ] [ HEADER ] array (
  'x-request-id' => '38eb7ea73f039ca1d83d348c8b9e65e1',
  'x-edge-retry-times' => '-',
  'user-agent' => 'MicroMessenger/6.5.13.1100 NetType/4G Language/zh_CN',
  'x-forwarded-for' => '117.136.40.188',
  'x-real-ip' => '117.136.40.188',
  'client-ip' => '117.136.40.188',
  'content-length' => '5307',
  'accept-encoding' => 'gzip',
  'referer' => 'https://servicewechat.com/wx61c00f82c85f0036/0/page-frame.html',
  'content-type' => 'multipart/form-data; boundary=1506476087720',
  'accept' => '*/*',
  'x-via' => 'shanks/0.8.12',
  'host' => 'api.ullone.com',
)
[ info ] [ PARAM ] array (
)
[ info ] [ RUN ] app\index\controller\Index->index[ /webdata/api/application/index/controller/Index.php ]
[ info ] [ LOG ] INIT File
---------------------------------------------------------------
[ 2017-09-27T11:46:34+08:00 ] 104.238.148.249 157.119.232.5 POST /
[ info ] api.ullone.com/ [运行时间：0.007908s][吞吐率：126.46req/s] [内存消耗：145.96kb] [文件加载：26]
[ info ] [ LANG ] /webdata/api/thinkphp/lang/zh-cn.php
[ info ] [ ROUTE ] array (
  'type' => 'module',
  'module' => 
  array (
    0 => '',
    1 => NULL,
    2 => NULL,
  ),
)
[ info ] [ HEADER ] array (
  'x-request-id' => '65e621de5162c795a7c4e039b8199ba6',
  'x-edge-retry-times' => '-',
  'user-agent' => 'shanks/0.8.12',
  'x-forwarded-for' => '183.15.240.229',
  'x-real-ip' => '183.15.240.229',
  'client-ip' => '183.15.240.229',
  'content-length' => '55958',
  'accept-encoding' => 'gzip',
  'referer' => 'https://servicewechat.com/wx61c00f82c85f0036/devtools/page-frame.html',
  'content-type' => 'multipart/form-data; boundary=--------------------------372531626176790949983830',
  'accept' => '*/*',
  'x-via' => 'shanks/0.8.12',
  'host' => 'api.ullone.com',
)
[ info ] [ PARAM ] array (
)
[ info ] [ RUN ] app\index\controller\Index->index[ /webdata/api/application/index/controller/Index.php ]
[ info ] [ LOG ] INIT File
---------------------------------------------------------------
[ 2017-09-27T11:49:05+08:00 ] 104.238.148.249 157.119.232.7 POST /
[ info ] api.ullone.com/ [运行时间：0.008004s][吞吐率：124.94req/s] [内存消耗：145.96kb] [文件加载：26]
[ info ] [ LANG ] /webdata/api/thinkphp/lang/zh-cn.php
[ info ] [ ROUTE ] array (
  'type' => 'module',
  'module' => 
  array (
    0 => '',
    1 => NULL,
    2 => NULL,
  ),
)
[ info ] [ HEADER ] array (
  'x-request-id' => 'a3003223d1d7b2f46b3b1139dddb81b6',
  'x-edge-retry-times' => '-',
  'user-agent' => 'shanks/0.8.12',
  'x-forwarded-for' => '183.15.240.229',
  'x-real-ip' => '183.15.240.229',
  'client-ip' => '183.15.240.229',
  'content-length' => '40942',
  'accept-encoding' => 'gzip',
  'referer' => 'https://servicewechat.com/wx61c00f82c85f0036/devtools/page-frame.html',
  'content-type' => 'multipart/form-data; boundary=--------------------------982033284699181982386342',
  'accept' => '*/*',
  'x-via' => 'shanks/0.8.12',
  'host' => 'api.ullone.com',
)
[ info ] [ PARAM ] array (
)
[ info ] [ RUN ] app\index\controller\Index->index[ /webdata/api/application/index/controller/Index.php ]
[ info ] [ LOG ] INIT File
---------------------------------------------------------------
[ 2017-09-27T11:59:11+08:00 ] 104.238.148.249 157.119.232.9 POST /
[ info ] api.ullone.com/ [运行时间：1.016886s][吞吐率：0.98req/s] [内存消耗：146.51kb] [文件加载：26]
[ info ] [ LANG ] /webdata/api/thinkphp/lang/zh-cn.php
[ info ] [ ROUTE ] array (
  'type' => 'module',
  'module' => 
  array (
    0 => '',
    1 => NULL,
    2 => NULL,
  ),
)
[ info ] [ HEADER ] array (
  'x-request-id' => '9749c992c41c216b0293eee7c61342c1',
  'x-edge-retry-times' => '-',
  'user-agent' => 'shanks/0.8.12',
  'x-forwarded-for' => '183.15.240.229',
  'x-real-ip' => '183.15.240.229',
  'client-ip' => '183.15.240.229',
  'content-length' => '48854',
  'accept-encoding' => 'gzip',
  'referer' => 'https://servicewechat.com/wx61c00f82c85f0036/devtools/page-frame.html',
  'content-type' => 'multipart/form-data; boundary=--------------------------840609853710215616089064',
  'accept' => '*/*',
  'x-via' => 'shanks/0.8.12',
  'host' => 'api.ullone.com',
)
[ info ] [ PARAM ] array (
)
[ info ] [ RUN ] app\index\controller\Index->index[ /webdata/api/application/index/controller/Index.php ]
[ info ] [ LOG ] INIT File
---------------------------------------------------------------
[ 2017-09-27T14:21:03+08:00 ] 104.238.148.249 157.119.232.10 POST /
[ info ] api.ullone.com/ [运行时间：1.017440s][吞吐率：0.98req/s] [内存消耗：145.43kb] [文件加载：26]
[ info ] [ LANG ] /webdata/api/thinkphp/lang/zh-cn.php
[ info ] [ ROUTE ] array (
  'type' => 'module',
  'module' => 
  array (
    0 => '',
    1 => NULL,
    2 => NULL,
  ),
)
[ info ] [ HEADER ] array (
  'x-request-id' => '8c156309bb8d0c07834a3bf6369cb5b9',
  'x-edge-retry-times' => '-',
  'user-agent' => 'shanks/0.8.12',
  'x-forwarded-for' => '183.15.240.229',
  'x-real-ip' => '183.15.240.229',
  'client-ip' => '183.15.240.229',
  'content-length' => '39182',
  'accept-encoding' => 'gzip',
  'referer' => 'https://servicewechat.com/wx61c00f82c85f0036/devtools/page-frame.html',
  'content-type' => 'multipart/form-data; boundary=--------------------------349917480286957715583712',
  'accept' => '*/*',
  'x-via' => 'shanks/0.8.12',
  'host' => 'api.ullone.com',
)
[ info ] [ PARAM ] array (
)
[ info ] [ RUN ] app\index\controller\Index->index[ /webdata/api/application/index/controller/Index.php ]
[ info ] [ LOG ] INIT File
---------------------------------------------------------------
[ 2017-09-27T14:32:06+08:00 ] 104.238.148.249 157.119.232.12 POST /
[ info ] api.ullone.com/ [运行时间：0.091290s][吞吐率：10.95req/s] [内存消耗：145.46kb] [文件加载：26]
[ info ] [ LANG ] /webdata/api/thinkphp/lang/zh-cn.php
[ info ] [ ROUTE ] array (
  'type' => 'module',
  'module' => 
  array (
    0 => '',
    1 => NULL,
    2 => NULL,
  ),
)
[ info ] [ HEADER ] array (
  'x-request-id' => '4ff8f68e00bfc288e81ae29209c745f9',
  'x-edge-retry-times' => '-',
  'user-agent' => 'MicroMessenger/6.5.13.1100 NetType/WIFI Language/zh_CN',
  'x-forwarded-for' => '183.15.240.229',
  'x-real-ip' => '183.15.240.229',
  'client-ip' => '183.15.240.229',
  'content-length' => '12388',
  'accept-encoding' => 'gzip',
  'referer' => 'https://servicewechat.com/wx61c00f82c85f0036/0/page-frame.html',
  'content-type' => 'multipart/form-data; boundary=1506493924863',
  'accept' => '*/*',
  'x-via' => 'shanks/0.8.12',
  'host' => 'api.ullone.com',
)
[ info ] [ PARAM ] array (
)
[ info ] [ RUN ] app\index\controller\Index->index[ /webdata/api/application/index/controller/Index.php ]
[ info ] [ LOG ] INIT File
---------------------------------------------------------------
[ 2017-09-27T15:05:55+08:00 ] 104.238.148.249 157.119.232.8 POST /
[ info ] api.ullone.com/ [运行时间：0.083458s][吞吐率：11.98req/s] [内存消耗：145.46kb] [文件加载：26]
[ info ] [ LANG ] /webdata/api/thinkphp/lang/zh-cn.php
[ info ] [ ROUTE ] array (
  'type' => 'module',
  'module' => 
  array (
    0 => '',
    1 => NULL,
    2 => NULL,
  ),
)
[ info ] [ HEADER ] array (
  'x-request-id' => '4d773ddcc525bbf04f87edd38fcc7807',
  'x-edge-retry-times' => '-',
  'user-agent' => 'MicroMessenger/6.5.13.1100 NetType/WIFI Language/zh_CN',
  'x-forwarded-for' => '183.15.240.229',
  'x-real-ip' => '183.15.240.229',
  'client-ip' => '183.15.240.229',
  'content-length' => '15486',
  'accept-encoding' => 'gzip',
  'referer' => 'https://servicewechat.com/wx61c00f82c85f0036/0/page-frame.html',
  'content-type' => 'multipart/form-data; boundary=1506495954924',
  'accept' => '*/*',
  'x-via' => 'shanks/0.8.12',
  'host' => 'api.ullone.com',
)
[ info ] [ PARAM ] array (
)
[ info ] [ RUN ] app\index\controller\Index->index[ /webdata/api/application/index/controller/Index.php ]
[ info ] [ LOG ] INIT File
---------------------------------------------------------------
[ 2017-09-27T15:33:33+08:00 ] 104.238.148.249 157.119.232.9 POST /
[ info ] api.ullone.com/ [运行时间：0.084339s][吞吐率：11.86req/s] [内存消耗：146.01kb] [文件加载：26]
[ info ] [ LANG ] /webdata/api/thinkphp/lang/zh-cn.php
[ info ] [ ROUTE ] array (
  'type' => 'module',
  'module' => 
  array (
    0 => '',
    1 => NULL,
    2 => NULL,
  ),
)
[ info ] [ HEADER ] array (
  'x-request-id' => 'b4ae3afc3468991cfb3b84dd7ab42458',
  'x-edge-retry-times' => '-',
  'user-agent' => 'MicroMessenger/6.5.13.1100 NetType/WIFI Language/zh_CN',
  'x-forwarded-for' => '183.15.240.229',
  'x-real-ip' => '183.15.240.229',
  'client-ip' => '183.15.240.229',
  'content-length' => '16564',
  'accept-encoding' => 'gzip',
  'referer' => 'https://servicewechat.com/wx61c00f82c85f0036/0/page-frame.html',
  'content-type' => 'multipart/form-data; boundary=1506497612585',
  'accept' => '*/*',
  'x-via' => 'shanks/0.8.12',
  'host' => 'api.ullone.com',
)
[ info ] [ PARAM ] array (
)
[ info ] [ RUN ] app\index\controller\Index->index[ /webdata/api/application/index/controller/Index.php ]
[ info ] [ LOG ] INIT File
---------------------------------------------------------------
[ 2017-09-27T15:54:23+08:00 ] 104.238.148.249 157.119.232.13 POST /
[ info ] api.ullone.com/ [运行时间：0.082281s][吞吐率：12.15req/s] [内存消耗：135.79kb] [文件加载：32]
[ info ] [ LANG ] /webdata/api/thinkphp/lang/zh-cn.php
[ info ] [ ROUTE ] array (
  'type' => 'module',
  'module' => 
  array (
    0 => '',
    1 => NULL,
    2 => NULL,
  ),
)
[ info ] [ HEADER ] array (
  'x-request-id' => 'c262331a5d7cd6aacd221207ae7504b0',
  'x-edge-retry-times' => '-',
  'user-agent' => 'MicroMessenger/6.5.13.1100 NetType/4G Language/zh_CN',
  'x-forwarded-for' => '117.136.39.209',
  'x-real-ip' => '117.136.39.209',
  'client-ip' => '117.136.39.209',
  'content-length' => '4229',
  'accept-encoding' => 'gzip',
  'referer' => 'https://servicewechat.com/wx61c00f82c85f0036/0/page-frame.html',
  'content-type' => 'multipart/form-data; boundary=1506498860916',
  'accept' => '*/*',
  'x-via' => 'shanks/0.8.12',
  'host' => 'api.ullone.com',
)
[ info ] [ PARAM ] array (
)
[ info ] [ RUN ] app\index\controller\Index->index[ /webdata/api/application/index/controller/Index.php ]
[ info ] [ LOG ] INIT File
[ error ] [2]fopen(/webdata/api/upload/silk-v3-decoder-master/upload//webdata/api/uplwav): failed to open stream: No such file or directory[/webdata/api/application/index/controller/Upload.php:93]
---------------------------------------------------------------
[ 2017-09-27T15:57:26+08:00 ] 104.238.148.249 157.119.232.5 POST /
[ info ] api.ullone.com/ [运行时间：1.015772s][吞吐率：0.98req/s] [内存消耗：146.74kb] [文件加载：26]
[ info ] [ LANG ] /webdata/api/thinkphp/lang/zh-cn.php
[ info ] [ ROUTE ] array (
  'type' => 'module',
  'module' => 
  array (
    0 => '',
    1 => NULL,
    2 => NULL,
  ),
)
[ info ] [ HEADER ] array (
  'x-request-id' => 'ca565244c3cc69752eb9b00218d23aeb',
  'x-edge-retry-times' => '-',
  'user-agent' => 'shanks/0.8.12',
  'x-forwarded-for' => '183.15.240.229',
  'x-real-ip' => '183.15.240.229',
  'client-ip' => '183.15.240.229',
  'content-length' => '19310',
  'accept-encoding' => 'gzip',
  'referer' => 'https://servicewechat.com/wx61c00f82c85f0036/devtools/page-frame.html',
  'content-type' => 'multipart/form-data; boundary=--------------------------664976794738985696473711',
  'accept' => '*/*',
  'x-via' => 'shanks/0.8.12',
  'host' => 'api.ullone.com',
)
[ info ] [ PARAM ] array (
)
[ info ] [ RUN ] app\index\controller\Index->index[ /webdata/api/application/index/controller/Index.php ]
[ info ] [ LOG ] INIT File
---------------------------------------------------------------
[ 2017-09-27T15:58:52+08:00 ] 104.238.148.249 157.119.232.6 POST /
[ info ] api.ullone.com/ [运行时间：1.016048s][吞吐率：0.98req/s] [内存消耗：146.65kb] [文件加载：26]
[ info ] [ LANG ] /webdata/api/thinkphp/lang/zh-cn.php
[ info ] [ ROUTE ] array (
  'type' => 'module',
  'module' => 
  array (
    0 => '',
    1 => NULL,
    2 => NULL,
  ),
)
[ info ] [ HEADER ] array (
  'x-request-id' => 'cb66fa287f21586b896854b286ba6347',
  'x-edge-retry-times' => '-',
  'user-agent' => 'shanks/0.8.12',
  'x-forwarded-for' => '183.15.240.229',
  'x-real-ip' => '183.15.240.229',
  'client-ip' => '183.15.240.229',
  'content-length' => '44110',
  'accept-encoding' => 'gzip',
  'referer' => 'https://servicewechat.com/wx61c00f82c85f0036/devtools/page-frame.html',
  'content-type' => 'multipart/form-data; boundary=--------------------------806259224529905517992534',
  'accept' => '*/*',
  'x-via' => 'shanks/0.8.12',
  'host' => 'api.ullone.com',
)
[ info ] [ PARAM ] array (
)
[ info ] [ RUN ] app\index\controller\Index->index[ /webdata/api/application/index/controller/Index.php ]
[ info ] [ LOG ] INIT File
---------------------------------------------------------------
[ 2017-09-27T15:59:54+08:00 ] 104.238.148.249 157.119.232.8 POST /
[ info ] api.ullone.com/ [运行时间：1.018664s][吞吐率：0.98req/s] [内存消耗：135.79kb] [文件加载：32]
[ info ] [ LANG ] /webdata/api/thinkphp/lang/zh-cn.php
[ info ] [ ROUTE ] array (
  'type' => 'module',
  'module' => 
  array (
    0 => '',
    1 => NULL,
    2 => NULL,
  ),
)
[ info ] [ HEADER ] array (
  'x-request-id' => 'af7e4398df3db6d9725554807796a1d6',
  'x-edge-retry-times' => '-',
  'user-agent' => 'shanks/0.8.12',
  'x-forwarded-for' => '183.15.240.229',
  'x-real-ip' => '183.15.240.229',
  'client-ip' => '183.15.240.229',
  'content-length' => '13538',
  'accept-encoding' => 'gzip',
  'referer' => 'https://servicewechat.com/wx61c00f82c85f0036/devtools/page-frame.html',
  'content-type' => 'multipart/form-data; boundary=--------------------------706297696130719398581555',
  'accept' => '*/*',
  'x-via' => 'shanks/0.8.12',
  'host' => 'api.ullone.com',
)
[ info ] [ PARAM ] array (
)
[ info ] [ RUN ] app\index\controller\Index->index[ /webdata/api/application/index/controller/Index.php ]
[ info ] [ LOG ] INIT File
[ error ] [2]fopen(/webdata/api/upload/silk-v3-decoder-master/upload//webdata/api/uplwav): failed to open stream: No such file or directory[/webdata/api/application/index/controller/Upload.php:94]
---------------------------------------------------------------
[ 2017-09-27T16:00:31+08:00 ] 104.238.148.249 157.119.232.5 POST /
[ info ] api.ullone.com/ [运行时间：0.003612s][吞吐率：276.85req/s] [内存消耗：145.77kb] [文件加载：26]
[ info ] [ LANG ] /webdata/api/thinkphp/lang/zh-cn.php
[ info ] [ ROUTE ] array (
  'type' => 'module',
  'module' => 
  array (
    0 => '',
    1 => NULL,
    2 => NULL,
  ),
)
[ info ] [ HEADER ] array (
  'x-request-id' => 'f0e76f81cae84285e20cc0c3ea413040',
  'x-edge-retry-times' => '-',
  'user-agent' => 'shanks/0.8.12',
  'x-forwarded-for' => '183.15.240.229',
  'x-real-ip' => '183.15.240.229',
  'client-ip' => '183.15.240.229',
  'content-length' => '23702',
  'accept-encoding' => 'gzip',
  'referer' => 'https://servicewechat.com/wx61c00f82c85f0036/devtools/page-frame.html',
  'content-type' => 'multipart/form-data; boundary=--------------------------383547098057271887207068',
  'accept' => '*/*',
  'x-via' => 'shanks/0.8.12',
  'host' => 'api.ullone.com',
)
[ info ] [ PARAM ] array (
)
[ info ] [ RUN ] app\index\controller\Index->index[ /webdata/api/application/index/controller/Index.php ]
[ info ] [ LOG ] INIT File
---------------------------------------------------------------
[ 2017-09-27T16:05:00+08:00 ] 104.238.148.249 157.119.232.12 POST /
[ info ] api.ullone.com/ [运行时间：3.878542s][吞吐率：0.26req/s] [内存消耗：448.66kb] [文件加载：26]
[ info ] [ LANG ] /webdata/api/thinkphp/lang/zh-cn.php
[ info ] [ ROUTE ] array (
  'type' => 'module',
  'module' => 
  array (
    0 => '',
    1 => NULL,
    2 => NULL,
  ),
)
[ info ] [ HEADER ] array (
  'x-request-id' => 'bc70d965f13befb9c8dda1c5dfe2044b',
  'x-edge-retry-times' => '-',
  'user-agent' => 'shanks/0.8.12',
  'x-forwarded-for' => '183.15.240.229',
  'x-real-ip' => '183.15.240.229',
  'client-ip' => '183.15.240.229',
  'content-length' => '20962',
  'accept-encoding' => 'gzip',
  'referer' => 'https://servicewechat.com/wx61c00f82c85f0036/devtools/page-frame.html',
  'content-type' => 'multipart/form-data; boundary=--------------------------061553678503818679909067',
  'accept' => '*/*',
  'x-via' => 'shanks/0.8.12',
  'host' => 'api.ullone.com',
)
[ info ] [ PARAM ] array (
)
[ info ] [ RUN ] app\index\controller\Index->index[ /webdata/api/application/index/controller/Index.php ]
[ info ] [ LOG ] INIT File
