---------------------------------------------------------------
[ 2017-09-28T10:03:53+08:00 ] 104.238.148.249 157.119.232.5 GET /
[ info ] api.ullone.com/ [运行时间：0.006714s][吞吐率：148.95req/s] [内存消耗：136.39kb] [文件加载：32]
[ info ] [ LANG ] /webdata/api/thinkphp/lang/zh-cn.php
[ info ] [ ROUTE ] array (
  'type' => 'module',
  'module' => 
  array (
    0 => '',
    1 => NULL,
    2 => NULL,
  ),
)
[ info ] [ HEADER ] array (
  'x-request-id' => 'd1b7bd4c9d918a77ea93a5a821927fe8',
  'upgrade-insecure-requests' => '1',
  'user-agent' => 'Mozilla/5.0 (Windows NT 6.1; WOW64) AppleWebKit/537.36 (KHTML, like Gecko) Chrome/61.0.3163.100 Safari/537.36',
  'x-forwarded-for' => '183.15.240.239',
  'x-real-ip' => '183.15.240.239',
  'x-edge-retry-times' => '-',
  'accept-language' => 'zh-CN,zh;q=0.8',
  'accept-encoding' => 'gzip',
  'client-ip' => '183.15.240.239',
  'accept' => 'text/html,application/xhtml+xml,application/xml;q=0.9,image/webp,image/apng,*/*;q=0.8',
  'x-via' => 'shanks/0.8.12',
  'cookie' => 'pgv_pvi=7293854720',
  'host' => 'api.ullone.com',
  'content-type' => '',
  'content-length' => '',
)
[ info ] [ PARAM ] array (
)
[ info ] [ RUN ] app\index\controller\Index->index[ /webdata/api/application/index/controller/Index.php ]
[ info ] [ LOG ] INIT File
[ error ] [2]Missing argument 1 for app\index\controller\Upload::voiceToText(), called in /webdata/api/application/index/controller/Index.php on line 13 and defined[/webdata/api/application/index/controller/Upload.php:86]
---------------------------------------------------------------
[ 2017-09-28T10:03:53+08:00 ] 104.238.148.249 157.119.232.7 GET /
[ info ] api.ullone.com/ [运行时间：0.003126s][吞吐率：319.91req/s] [内存消耗：135.24kb] [文件加载：32]
[ info ] [ LANG ] /webdata/api/thinkphp/lang/zh-cn.php
[ info ] [ ROUTE ] array (
  'type' => 'module',
  'module' => 
  array (
    0 => '',
    1 => NULL,
    2 => NULL,
  ),
)
[ info ] [ HEADER ] array (
  'x-request-id' => 'd1b7bd4c9d918a77ea93a5a821927fe8',
  'upgrade-insecure-requests' => '1',
  'user-agent' => 'Mozilla/5.0 (Windows NT 6.1; WOW64) AppleWebKit/537.36 (KHTML, like Gecko) Chrome/61.0.3163.100 Safari/537.36',
  'x-forwarded-for' => '183.15.240.239',
  'x-real-ip' => '183.15.240.239',
  'x-edge-retry-times' => '-',
  'accept-language' => 'zh-CN,zh;q=0.8',
  'accept-encoding' => 'gzip',
  'client-ip' => '183.15.240.239',
  'accept' => 'text/html,application/xhtml+xml,application/xml;q=0.9,image/webp,image/apng,*/*;q=0.8',
  'x-via' => 'shanks/0.8.12',
  'cookie' => 'pgv_pvi=7293854720',
  'host' => 'api.ullone.com',
  'content-type' => '',
  'content-length' => '',
)
[ info ] [ PARAM ] array (
)
[ info ] [ RUN ] app\index\controller\Index->index[ /webdata/api/application/index/controller/Index.php ]
[ info ] [ LOG ] INIT File
[ error ] [2]Missing argument 1 for app\index\controller\Upload::voiceToText(), called in /webdata/api/application/index/controller/Index.php on line 13 and defined[/webdata/api/application/index/controller/Upload.php:86]
---------------------------------------------------------------
[ 2017-09-28T10:04:54+08:00 ] 104.238.148.249 157.119.232.11 GET /
[ info ] api.ullone.com/ [运行时间：0.002520s][吞吐率：396.81req/s] [内存消耗：354.79kb] [文件加载：26]
[ info ] [ LANG ] /webdata/api/thinkphp/lang/zh-cn.php
[ info ] [ ROUTE ] array (
  'type' => 'module',
  'module' => 
  array (
    0 => '',
    1 => NULL,
    2 => NULL,
  ),
)
[ info ] [ HEADER ] array (
  'x-request-id' => '8b5629f6b6892de5a6aecdb7885ff3e6',
  'upgrade-insecure-requests' => '1',
  'user-agent' => 'Mozilla/5.0 (Windows NT 6.1; WOW64) AppleWebKit/537.36 (KHTML, like Gecko) Chrome/61.0.3163.100 Safari/537.36',
  'x-forwarded-for' => '183.15.240.239',
  'x-real-ip' => '183.15.240.239',
  'x-edge-retry-times' => '-',
  'accept-language' => 'zh-CN,zh;q=0.8',
  'accept-encoding' => 'gzip',
  'cache-control' => 'max-age=0',
  'client-ip' => '183.15.240.239',
  'accept' => 'text/html,application/xhtml+xml,application/xml;q=0.9,image/webp,image/apng,*/*;q=0.8',
  'x-via' => 'shanks/0.8.12',
  'cookie' => 'pgv_pvi=7293854720',
  'host' => 'api.ullone.com',
  'content-type' => '',
  'content-length' => '',
)
[ info ] [ PARAM ] array (
)
[ info ] [ RUN ] app\index\controller\Index->index[ /webdata/api/application/index/controller/Index.php ]
[ info ] [ LOG ] INIT File
---------------------------------------------------------------
[ 2017-09-28T10:10:32+08:00 ] 104.238.148.249 157.119.232.10 GET /
[ info ] api.ullone.com/ [运行时间：0.003747s][吞吐率：266.88req/s] [内存消耗：526.79kb] [文件加载：26]
[ info ] [ LANG ] /webdata/api/thinkphp/lang/zh-cn.php
[ info ] [ ROUTE ] array (
  'type' => 'module',
  'module' => 
  array (
    0 => '',
    1 => NULL,
    2 => NULL,
  ),
)
[ info ] [ HEADER ] array (
  'x-request-id' => '8177aaf404c9307a1c4d5458d7f4691a',
  'upgrade-insecure-requests' => '1',
  'user-agent' => 'Mozilla/5.0 (Windows NT 6.1; WOW64) AppleWebKit/537.36 (KHTML, like Gecko) Chrome/61.0.3163.100 Safari/537.36',
  'x-forwarded-for' => '183.15.240.239',
  'x-real-ip' => '183.15.240.239',
  'x-edge-retry-times' => '-',
  'accept-language' => 'zh-CN,zh;q=0.8',
  'accept-encoding' => 'gzip',
  'cache-control' => 'max-age=0',
  'client-ip' => '183.15.240.239',
  'accept' => 'text/html,application/xhtml+xml,application/xml;q=0.9,image/webp,image/apng,*/*;q=0.8',
  'x-via' => 'shanks/0.8.12',
  'cookie' => 'pgv_pvi=7293854720',
  'host' => 'api.ullone.com',
  'content-type' => '',
  'content-length' => '',
)
[ info ] [ PARAM ] array (
)
[ info ] [ RUN ] app\index\controller\Index->index[ /webdata/api/application/index/controller/Index.php ]
[ info ] [ LOG ] INIT File
---------------------------------------------------------------
[ 2017-09-28T10:15:21+08:00 ] 104.238.148.249 157.119.232.10 GET /
[ info ] api.ullone.com/ [运行时间：0.003691s][吞吐率：270.93req/s] [内存消耗：526.79kb] [文件加载：26]
[ info ] [ LANG ] /webdata/api/thinkphp/lang/zh-cn.php
[ info ] [ ROUTE ] array (
  'type' => 'module',
  'module' => 
  array (
    0 => '',
    1 => NULL,
    2 => NULL,
  ),
)
[ info ] [ HEADER ] array (
  'x-request-id' => '5913f6280554d2e2f677f12a10348f14',
  'upgrade-insecure-requests' => '1',
  'user-agent' => 'Mozilla/5.0 (Windows NT 6.1; WOW64) AppleWebKit/537.36 (KHTML, like Gecko) Chrome/61.0.3163.100 Safari/537.36',
  'x-forwarded-for' => '183.15.240.239',
  'x-real-ip' => '183.15.240.239',
  'x-edge-retry-times' => '-',
  'accept-language' => 'zh-CN,zh;q=0.8',
  'accept-encoding' => 'gzip',
  'cache-control' => 'max-age=0',
  'client-ip' => '183.15.240.239',
  'accept' => 'text/html,application/xhtml+xml,application/xml;q=0.9,image/webp,image/apng,*/*;q=0.8',
  'x-via' => 'shanks/0.8.12',
  'cookie' => 'pgv_pvi=7293854720',
  'host' => 'api.ullone.com',
  'content-type' => '',
  'content-length' => '',
)
[ info ] [ PARAM ] array (
)
[ info ] [ RUN ] app\index\controller\Index->index[ /webdata/api/application/index/controller/Index.php ]
[ info ] [ LOG ] INIT File
---------------------------------------------------------------
[ 2017-09-28T10:15:21+08:00 ] 104.238.148.249 157.119.232.7 GET /
[ info ] api.ullone.com/ [运行时间：0.001523s][吞吐率：656.59req/s] [内存消耗：525.71kb] [文件加载：26]
[ info ] [ LANG ] /webdata/api/thinkphp/lang/zh-cn.php
[ info ] [ ROUTE ] array (
  'type' => 'module',
  'module' => 
  array (
    0 => '',
    1 => NULL,
    2 => NULL,
  ),
)
[ info ] [ HEADER ] array (
  'x-request-id' => 'f5e5896338cefaa8398005406866a7d6',
  'upgrade-insecure-requests' => '1',
  'user-agent' => 'Mozilla/5.0 (Windows NT 6.1; WOW64) AppleWebKit/537.36 (KHTML, like Gecko) Chrome/61.0.3163.100 Safari/537.36',
  'x-forwarded-for' => '183.15.240.239',
  'x-real-ip' => '183.15.240.239',
  'x-edge-retry-times' => '-',
  'accept-language' => 'zh-CN,zh;q=0.8',
  'accept-encoding' => 'gzip',
  'cache-control' => 'max-age=0',
  'client-ip' => '183.15.240.239',
  'accept' => 'text/html,application/xhtml+xml,application/xml;q=0.9,image/webp,image/apng,*/*;q=0.8',
  'x-via' => 'shanks/0.8.12',
  'cookie' => 'pgv_pvi=7293854720',
  'host' => 'api.ullone.com',
  'content-type' => '',
  'content-length' => '',
)
[ info ] [ PARAM ] array (
)
[ info ] [ RUN ] app\index\controller\Index->index[ /webdata/api/application/index/controller/Index.php ]
[ info ] [ LOG ] INIT File
---------------------------------------------------------------
[ 2017-09-28T10:15:55+08:00 ] 104.238.148.249 157.119.232.8 GET /
[ info ] api.ullone.com/ [运行时间：0.002928s][吞吐率：341.53req/s] [内存消耗：354.79kb] [文件加载：26]
[ info ] [ LANG ] /webdata/api/thinkphp/lang/zh-cn.php
[ info ] [ ROUTE ] array (
  'type' => 'module',
  'module' => 
  array (
    0 => '',
    1 => NULL,
    2 => NULL,
  ),
)
[ info ] [ HEADER ] array (
  'x-request-id' => '1bb4eb7835b326d2afe945c66ef170de',
  'upgrade-insecure-requests' => '1',
  'user-agent' => 'Mozilla/5.0 (Windows NT 6.1; WOW64) AppleWebKit/537.36 (KHTML, like Gecko) Chrome/61.0.3163.100 Safari/537.36',
  'x-forwarded-for' => '183.15.240.239',
  'x-real-ip' => '183.15.240.239',
  'x-edge-retry-times' => '-',
  'accept-language' => 'zh-CN,zh;q=0.8',
  'accept-encoding' => 'gzip',
  'cache-control' => 'max-age=0',
  'client-ip' => '183.15.240.239',
  'accept' => 'text/html,application/xhtml+xml,application/xml;q=0.9,image/webp,image/apng,*/*;q=0.8',
  'x-via' => 'shanks/0.8.12',
  'cookie' => 'pgv_pvi=7293854720',
  'host' => 'api.ullone.com',
  'content-type' => '',
  'content-length' => '',
)
[ info ] [ PARAM ] array (
)
[ info ] [ RUN ] app\index\controller\Index->index[ /webdata/api/application/index/controller/Index.php ]
[ info ] [ LOG ] INIT File
---------------------------------------------------------------
[ 2017-09-28T10:23:24+08:00 ] 104.238.148.249 157.119.232.11 GET /
[ info ] api.ullone.com/ [运行时间：0.003293s][吞吐率：303.69req/s] [内存消耗：154.85kb] [文件加载：26]
[ info ] [ LANG ] /webdata/api/thinkphp/lang/zh-cn.php
[ info ] [ ROUTE ] array (
  'type' => 'module',
  'module' => 
  array (
    0 => '',
    1 => NULL,
    2 => NULL,
  ),
)
[ info ] [ HEADER ] array (
  'x-request-id' => 'b74888618ced4c79dda2c3269ce637dd',
  'upgrade-insecure-requests' => '1',
  'user-agent' => 'Mozilla/5.0 (Windows NT 6.1; WOW64) AppleWebKit/537.36 (KHTML, like Gecko) Chrome/61.0.3163.100 Safari/537.36',
  'x-forwarded-for' => '183.15.240.239',
  'x-real-ip' => '183.15.240.239',
  'x-edge-retry-times' => '-',
  'accept-language' => 'zh-CN,zh;q=0.8',
  'accept-encoding' => 'gzip',
  'cache-control' => 'max-age=0',
  'client-ip' => '183.15.240.239',
  'accept' => 'text/html,application/xhtml+xml,application/xml;q=0.9,image/webp,image/apng,*/*;q=0.8',
  'x-via' => 'shanks/0.8.12',
  'cookie' => 'pgv_pvi=7293854720',
  'host' => 'api.ullone.com',
  'content-type' => '',
  'content-length' => '',
)
[ info ] [ PARAM ] array (
)
[ info ] [ RUN ] app\index\controller\Index->index[ /webdata/api/application/index/controller/Index.php ]
[ info ] [ LOG ] INIT File
---------------------------------------------------------------
[ 2017-09-28T10:23:26+08:00 ] 104.238.148.249 157.119.232.6 GET /
[ info ] api.ullone.com/ [运行时间：0.002014s][吞吐率：496.54req/s] [内存消耗：153.77kb] [文件加载：26]
[ info ] [ LANG ] /webdata/api/thinkphp/lang/zh-cn.php
[ info ] [ ROUTE ] array (
  'type' => 'module',
  'module' => 
  array (
    0 => '',
    1 => NULL,
    2 => NULL,
  ),
)
[ info ] [ HEADER ] array (
  'x-request-id' => 'c6e539a3f01066f77a6805be2b6505cc',
  'upgrade-insecure-requests' => '1',
  'user-agent' => 'Mozilla/5.0 (Windows NT 6.1; WOW64) AppleWebKit/537.36 (KHTML, like Gecko) Chrome/61.0.3163.100 Safari/537.36',
  'x-forwarded-for' => '183.15.240.239',
  'x-real-ip' => '183.15.240.239',
  'x-edge-retry-times' => '-',
  'accept-language' => 'zh-CN,zh;q=0.8',
  'accept-encoding' => 'gzip',
  'cache-control' => 'max-age=0',
  'client-ip' => '183.15.240.239',
  'accept' => 'text/html,application/xhtml+xml,application/xml;q=0.9,image/webp,image/apng,*/*;q=0.8',
  'x-via' => 'shanks/0.8.12',
  'cookie' => 'pgv_pvi=7293854720',
  'host' => 'api.ullone.com',
  'content-type' => '',
  'content-length' => '',
)
[ info ] [ PARAM ] array (
)
[ info ] [ RUN ] app\index\controller\Index->index[ /webdata/api/application/index/controller/Index.php ]
[ info ] [ LOG ] INIT File
---------------------------------------------------------------
[ 2017-09-28T10:23:29+08:00 ] 104.238.148.249 157.119.232.8 GET /
[ info ] api.ullone.com/ [运行时间：0.001162s][吞吐率：860.55req/s] [内存消耗：153.77kb] [文件加载：26]
[ info ] [ LANG ] /webdata/api/thinkphp/lang/zh-cn.php
[ info ] [ ROUTE ] array (
  'type' => 'module',
  'module' => 
  array (
    0 => '',
    1 => NULL,
    2 => NULL,
  ),
)
[ info ] [ HEADER ] array (
  'x-request-id' => 'c5f568b9223dc3bf34dd8b03baf1ac3d',
  'upgrade-insecure-requests' => '1',
  'user-agent' => 'Mozilla/5.0 (Windows NT 6.1; WOW64) AppleWebKit/537.36 (KHTML, like Gecko) Chrome/61.0.3163.100 Safari/537.36',
  'x-forwarded-for' => '183.15.240.239',
  'x-real-ip' => '183.15.240.239',
  'x-edge-retry-times' => '-',
  'accept-language' => 'zh-CN,zh;q=0.8',
  'accept-encoding' => 'gzip',
  'cache-control' => 'max-age=0',
  'client-ip' => '183.15.240.239',
  'accept' => 'text/html,application/xhtml+xml,application/xml;q=0.9,image/webp,image/apng,*/*;q=0.8',
  'x-via' => 'shanks/0.8.12',
  'cookie' => 'pgv_pvi=7293854720',
  'host' => 'api.ullone.com',
  'content-type' => '',
  'content-length' => '',
)
[ info ] [ PARAM ] array (
)
[ info ] [ RUN ] app\index\controller\Index->index[ /webdata/api/application/index/controller/Index.php ]
[ info ] [ LOG ] INIT File
---------------------------------------------------------------
[ 2017-09-28T10:23:30+08:00 ] 104.238.148.249 157.119.232.7 GET /
[ info ] api.ullone.com/ [运行时间：0.000959s][吞吐率：1,042.58req/s] [内存消耗：153.78kb] [文件加载：26]
[ info ] [ LANG ] /webdata/api/thinkphp/lang/zh-cn.php
[ info ] [ ROUTE ] array (
  'type' => 'module',
  'module' => 
  array (
    0 => '',
    1 => NULL,
    2 => NULL,
  ),
)
[ info ] [ HEADER ] array (
  'x-request-id' => '01e840215168f77bf87d490b98be346e',
  'upgrade-insecure-requests' => '1',
  'user-agent' => 'Mozilla/5.0 (Windows NT 6.1; WOW64) AppleWebKit/537.36 (KHTML, like Gecko) Chrome/61.0.3163.100 Safari/537.36',
  'x-forwarded-for' => '183.15.240.239',
  'x-real-ip' => '183.15.240.239',
  'x-edge-retry-times' => '-',
  'accept-language' => 'zh-CN,zh;q=0.8',
  'accept-encoding' => 'gzip',
  'cache-control' => 'max-age=0',
  'client-ip' => '183.15.240.239',
  'accept' => 'text/html,application/xhtml+xml,application/xml;q=0.9,image/webp,image/apng,*/*;q=0.8',
  'x-via' => 'shanks/0.8.12',
  'cookie' => 'pgv_pvi=7293854720',
  'host' => 'api.ullone.com',
  'content-type' => '',
  'content-length' => '',
)
[ info ] [ PARAM ] array (
)
[ info ] [ RUN ] app\index\controller\Index->index[ /webdata/api/application/index/controller/Index.php ]
[ info ] [ LOG ] INIT File
---------------------------------------------------------------
[ 2017-09-28T10:26:33+08:00 ] 104.238.148.249 157.119.232.11 GET /
[ info ] api.ullone.com/ [运行时间：0.003046s][吞吐率：328.30req/s] [内存消耗：154.85kb] [文件加载：26]
[ info ] [ LANG ] /webdata/api/thinkphp/lang/zh-cn.php
[ info ] [ ROUTE ] array (
  'type' => 'module',
  'module' => 
  array (
    0 => '',
    1 => NULL,
    2 => NULL,
  ),
)
[ info ] [ HEADER ] array (
  'x-request-id' => '6bbfccaa4745e4509eb7f8b6cc8634d9',
  'upgrade-insecure-requests' => '1',
  'user-agent' => 'Mozilla/5.0 (Windows NT 6.1; WOW64) AppleWebKit/537.36 (KHTML, like Gecko) Chrome/61.0.3163.100 Safari/537.36',
  'x-forwarded-for' => '183.15.240.239',
  'x-real-ip' => '183.15.240.239',
  'x-edge-retry-times' => '-',
  'accept-language' => 'zh-CN,zh;q=0.8',
  'accept-encoding' => 'gzip',
  'cache-control' => 'max-age=0',
  'client-ip' => '183.15.240.239',
  'accept' => 'text/html,application/xhtml+xml,application/xml;q=0.9,image/webp,image/apng,*/*;q=0.8',
  'x-via' => 'shanks/0.8.12',
  'cookie' => 'pgv_pvi=7293854720',
  'host' => 'api.ullone.com',
  'content-type' => '',
  'content-length' => '',
)
[ info ] [ PARAM ] array (
)
[ info ] [ RUN ] app\index\controller\Index->index[ /webdata/api/application/index/controller/Index.php ]
[ info ] [ LOG ] INIT File
---------------------------------------------------------------
[ 2017-09-28T10:26:34+08:00 ] 104.238.148.249 157.119.232.10 GET /
[ info ] api.ullone.com/ [运行时间：0.001131s][吞吐率：884.13req/s] [内存消耗：153.77kb] [文件加载：26]
[ info ] [ LANG ] /webdata/api/thinkphp/lang/zh-cn.php
[ info ] [ ROUTE ] array (
  'type' => 'module',
  'module' => 
  array (
    0 => '',
    1 => NULL,
    2 => NULL,
  ),
)
[ info ] [ HEADER ] array (
  'x-request-id' => 'f417b2e17ccff8182473d48c52496085',
  'upgrade-insecure-requests' => '1',
  'user-agent' => 'Mozilla/5.0 (Windows NT 6.1; WOW64) AppleWebKit/537.36 (KHTML, like Gecko) Chrome/61.0.3163.100 Safari/537.36',
  'x-forwarded-for' => '183.15.240.239',
  'x-real-ip' => '183.15.240.239',
  'x-edge-retry-times' => '-',
  'accept-language' => 'zh-CN,zh;q=0.8',
  'accept-encoding' => 'gzip',
  'cache-control' => 'max-age=0',
  'client-ip' => '183.15.240.239',
  'accept' => 'text/html,application/xhtml+xml,application/xml;q=0.9,image/webp,image/apng,*/*;q=0.8',
  'x-via' => 'shanks/0.8.12',
  'cookie' => 'pgv_pvi=7293854720',
  'host' => 'api.ullone.com',
  'content-type' => '',
  'content-length' => '',
)
[ info ] [ PARAM ] array (
)
[ info ] [ RUN ] app\index\controller\Index->index[ /webdata/api/application/index/controller/Index.php ]
[ info ] [ LOG ] INIT File
---------------------------------------------------------------
[ 2017-09-28T10:26:34+08:00 ] 104.238.148.249 157.119.232.12 GET /
[ info ] api.ullone.com/ [运行时间：0.001596s][吞吐率：626.58req/s] [内存消耗：153.77kb] [文件加载：26]
[ info ] [ LANG ] /webdata/api/thinkphp/lang/zh-cn.php
[ info ] [ ROUTE ] array (
  'type' => 'module',
  'module' => 
  array (
    0 => '',
    1 => NULL,
    2 => NULL,
  ),
)
[ info ] [ HEADER ] array (
  'x-request-id' => '3c9abb8daad3486a6971c0c6abc20fa9',
  'upgrade-insecure-requests' => '1',
  'user-agent' => 'Mozilla/5.0 (Windows NT 6.1; WOW64) AppleWebKit/537.36 (KHTML, like Gecko) Chrome/61.0.3163.100 Safari/537.36',
  'x-forwarded-for' => '183.15.240.239',
  'x-real-ip' => '183.15.240.239',
  'x-edge-retry-times' => '-',
  'accept-language' => 'zh-CN,zh;q=0.8',
  'accept-encoding' => 'gzip',
  'cache-control' => 'max-age=0',
  'client-ip' => '183.15.240.239',
  'accept' => 'text/html,application/xhtml+xml,application/xml;q=0.9,image/webp,image/apng,*/*;q=0.8',
  'x-via' => 'shanks/0.8.12',
  'cookie' => 'pgv_pvi=7293854720',
  'host' => 'api.ullone.com',
  'content-type' => '',
  'content-length' => '',
)
[ info ] [ PARAM ] array (
)
[ info ] [ RUN ] app\index\controller\Index->index[ /webdata/api/application/index/controller/Index.php ]
[ info ] [ LOG ] INIT File
---------------------------------------------------------------
[ 2017-09-28T10:26:35+08:00 ] 104.238.148.249 157.119.232.12 GET /
[ info ] api.ullone.com/ [运行时间：0.000931s][吞吐率：1,074.09req/s] [内存消耗：153.78kb] [文件加载：26]
[ info ] [ LANG ] /webdata/api/thinkphp/lang/zh-cn.php
[ info ] [ ROUTE ] array (
  'type' => 'module',
  'module' => 
  array (
    0 => '',
    1 => NULL,
    2 => NULL,
  ),
)
[ info ] [ HEADER ] array (
  'x-request-id' => '871b7edcc5befc95bcb82b0e0d0e7175',
  'upgrade-insecure-requests' => '1',
  'user-agent' => 'Mozilla/5.0 (Windows NT 6.1; WOW64) AppleWebKit/537.36 (KHTML, like Gecko) Chrome/61.0.3163.100 Safari/537.36',
  'x-forwarded-for' => '183.15.240.239',
  'x-real-ip' => '183.15.240.239',
  'x-edge-retry-times' => '-',
  'accept-language' => 'zh-CN,zh;q=0.8',
  'accept-encoding' => 'gzip',
  'cache-control' => 'max-age=0',
  'client-ip' => '183.15.240.239',
  'accept' => 'text/html,application/xhtml+xml,application/xml;q=0.9,image/webp,image/apng,*/*;q=0.8',
  'x-via' => 'shanks/0.8.12',
  'cookie' => 'pgv_pvi=7293854720',
  'host' => 'api.ullone.com',
  'content-type' => '',
  'content-length' => '',
)
[ info ] [ PARAM ] array (
)
[ info ] [ RUN ] app\index\controller\Index->index[ /webdata/api/application/index/controller/Index.php ]
[ info ] [ LOG ] INIT File
---------------------------------------------------------------
[ 2017-09-28T10:26:35+08:00 ] 104.238.148.249 157.119.232.8 GET /
[ info ] api.ullone.com/ [运行时间：0.001368s][吞吐率：730.97req/s] [内存消耗：153.77kb] [文件加载：26]
[ info ] [ LANG ] /webdata/api/thinkphp/lang/zh-cn.php
[ info ] [ ROUTE ] array (
  'type' => 'module',
  'module' => 
  array (
    0 => '',
    1 => NULL,
    2 => NULL,
  ),
)
[ info ] [ HEADER ] array (
  'x-request-id' => '18286b9904af7b20d431b17377177d53',
  'upgrade-insecure-requests' => '1',
  'user-agent' => 'Mozilla/5.0 (Windows NT 6.1; WOW64) AppleWebKit/537.36 (KHTML, like Gecko) Chrome/61.0.3163.100 Safari/537.36',
  'x-forwarded-for' => '183.15.240.239',
  'x-real-ip' => '183.15.240.239',
  'x-edge-retry-times' => '-',
  'accept-language' => 'zh-CN,zh;q=0.8',
  'accept-encoding' => 'gzip',
  'cache-control' => 'max-age=0',
  'client-ip' => '183.15.240.239',
  'accept' => 'text/html,application/xhtml+xml,application/xml;q=0.9,image/webp,image/apng,*/*;q=0.8',
  'x-via' => 'shanks/0.8.12',
  'cookie' => 'pgv_pvi=7293854720',
  'host' => 'api.ullone.com',
  'content-type' => '',
  'content-length' => '',
)
[ info ] [ PARAM ] array (
)
[ info ] [ RUN ] app\index\controller\Index->index[ /webdata/api/application/index/controller/Index.php ]
[ info ] [ LOG ] INIT File
---------------------------------------------------------------
[ 2017-09-28T10:26:37+08:00 ] 104.238.148.249 157.119.232.5 GET /
[ info ] api.ullone.com/ [运行时间：0.001450s][吞吐率：689.63req/s] [内存消耗：153.77kb] [文件加载：26]
[ info ] [ LANG ] /webdata/api/thinkphp/lang/zh-cn.php
[ info ] [ ROUTE ] array (
  'type' => 'module',
  'module' => 
  array (
    0 => '',
    1 => NULL,
    2 => NULL,
  ),
)
[ info ] [ HEADER ] array (
  'x-request-id' => '455be4e107fcedf26ec38288fe92bef6',
  'upgrade-insecure-requests' => '1',
  'user-agent' => 'Mozilla/5.0 (Windows NT 6.1; WOW64) AppleWebKit/537.36 (KHTML, like Gecko) Chrome/61.0.3163.100 Safari/537.36',
  'x-forwarded-for' => '183.15.240.239',
  'x-real-ip' => '183.15.240.239',
  'x-edge-retry-times' => '-',
  'accept-language' => 'zh-CN,zh;q=0.8',
  'accept-encoding' => 'gzip',
  'cache-control' => 'max-age=0',
  'client-ip' => '183.15.240.239',
  'accept' => 'text/html,application/xhtml+xml,application/xml;q=0.9,image/webp,image/apng,*/*;q=0.8',
  'x-via' => 'shanks/0.8.12',
  'cookie' => 'pgv_pvi=7293854720',
  'host' => 'api.ullone.com',
  'content-type' => '',
  'content-length' => '',
)
[ info ] [ PARAM ] array (
)
[ info ] [ RUN ] app\index\controller\Index->index[ /webdata/api/application/index/controller/Index.php ]
[ info ] [ LOG ] INIT File
---------------------------------------------------------------
[ 2017-09-28T10:26:38+08:00 ] 104.238.148.249 157.119.232.7 GET /
[ info ] api.ullone.com/ [运行时间：0.001173s][吞吐率：852.50req/s] [内存消耗：153.77kb] [文件加载：26]
[ info ] [ LANG ] /webdata/api/thinkphp/lang/zh-cn.php
[ info ] [ ROUTE ] array (
  'type' => 'module',
  'module' => 
  array (
    0 => '',
    1 => NULL,
    2 => NULL,
  ),
)
[ info ] [ HEADER ] array (
  'x-request-id' => '71e8de0d002835ea411380e076b46787',
  'upgrade-insecure-requests' => '1',
  'user-agent' => 'Mozilla/5.0 (Windows NT 6.1; WOW64) AppleWebKit/537.36 (KHTML, like Gecko) Chrome/61.0.3163.100 Safari/537.36',
  'x-forwarded-for' => '183.15.240.239',
  'x-real-ip' => '183.15.240.239',
  'x-edge-retry-times' => '-',
  'accept-language' => 'zh-CN,zh;q=0.8',
  'accept-encoding' => 'gzip',
  'cache-control' => 'max-age=0',
  'client-ip' => '183.15.240.239',
  'accept' => 'text/html,application/xhtml+xml,application/xml;q=0.9,image/webp,image/apng,*/*;q=0.8',
  'x-via' => 'shanks/0.8.12',
  'cookie' => 'pgv_pvi=7293854720',
  'host' => 'api.ullone.com',
  'content-type' => '',
  'content-length' => '',
)
[ info ] [ PARAM ] array (
)
[ info ] [ RUN ] app\index\controller\Index->index[ /webdata/api/application/index/controller/Index.php ]
[ info ] [ LOG ] INIT File
---------------------------------------------------------------
[ 2017-09-28T10:31:00+08:00 ] 104.238.148.249 157.119.232.11 GET /
[ info ] api.ullone.com/ [运行时间：0.003515s][吞吐率：284.49req/s] [内存消耗：154.92kb] [文件加载：26]
[ info ] [ LANG ] /webdata/api/thinkphp/lang/zh-cn.php
[ info ] [ ROUTE ] array (
  'type' => 'module',
  'module' => 
  array (
    0 => '',
    1 => NULL,
    2 => NULL,
  ),
)
[ info ] [ HEADER ] array (
  'x-request-id' => '809e8fb6c168f8bbb2144d20a8c52024',
  'upgrade-insecure-requests' => '1',
  'user-agent' => 'Mozilla/5.0 (Windows NT 6.1; WOW64) AppleWebKit/537.36 (KHTML, like Gecko) Chrome/61.0.3163.100 Safari/537.36',
  'x-forwarded-for' => '183.15.240.239',
  'x-real-ip' => '183.15.240.239',
  'x-edge-retry-times' => '-',
  'accept-language' => 'zh-CN,zh;q=0.8',
  'accept-encoding' => 'gzip',
  'cache-control' => 'max-age=0',
  'client-ip' => '183.15.240.239',
  'accept' => 'text/html,application/xhtml+xml,application/xml;q=0.9,image/webp,image/apng,*/*;q=0.8',
  'x-via' => 'shanks/0.8.12',
  'cookie' => 'pgv_pvi=7293854720',
  'host' => 'api.ullone.com',
  'content-type' => '',
  'content-length' => '',
)
[ info ] [ PARAM ] array (
)
[ info ] [ RUN ] app\index\controller\Index->index[ /webdata/api/application/index/controller/Index.php ]
[ info ] [ LOG ] INIT File
---------------------------------------------------------------
[ 2017-09-28T10:31:02+08:00 ] 104.238.148.249 157.119.232.8 GET /
[ info ] api.ullone.com/ [运行时间：0.001124s][吞吐率：889.57req/s] [内存消耗：153.84kb] [文件加载：26]
[ info ] [ LANG ] /webdata/api/thinkphp/lang/zh-cn.php
[ info ] [ ROUTE ] array (
  'type' => 'module',
  'module' => 
  array (
    0 => '',
    1 => NULL,
    2 => NULL,
  ),
)
[ info ] [ HEADER ] array (
  'x-request-id' => 'b1128cb50f1ab9c80734bd74c37f2c24',
  'upgrade-insecure-requests' => '1',
  'user-agent' => 'Mozilla/5.0 (Windows NT 6.1; WOW64) AppleWebKit/537.36 (KHTML, like Gecko) Chrome/61.0.3163.100 Safari/537.36',
  'x-forwarded-for' => '183.15.240.239',
  'x-real-ip' => '183.15.240.239',
  'x-edge-retry-times' => '-',
  'accept-language' => 'zh-CN,zh;q=0.8',
  'accept-encoding' => 'gzip',
  'cache-control' => 'max-age=0',
  'client-ip' => '183.15.240.239',
  'accept' => 'text/html,application/xhtml+xml,application/xml;q=0.9,image/webp,image/apng,*/*;q=0.8',
  'x-via' => 'shanks/0.8.12',
  'cookie' => 'pgv_pvi=7293854720',
  'host' => 'api.ullone.com',
  'content-type' => '',
  'content-length' => '',
)
[ info ] [ PARAM ] array (
)
[ info ] [ RUN ] app\index\controller\Index->index[ /webdata/api/application/index/controller/Index.php ]
[ info ] [ LOG ] INIT File
---------------------------------------------------------------
[ 2017-09-28T10:31:04+08:00 ] 104.238.148.249 157.119.232.13 GET /
[ info ] api.ullone.com/ [运行时间：0.001581s][吞吐率：632.53req/s] [内存消耗：153.84kb] [文件加载：26]
[ info ] [ LANG ] /webdata/api/thinkphp/lang/zh-cn.php
[ info ] [ ROUTE ] array (
  'type' => 'module',
  'module' => 
  array (
    0 => '',
    1 => NULL,
    2 => NULL,
  ),
)
[ info ] [ HEADER ] array (
  'x-request-id' => 'c96e5ba9d34d661a819ff4b0d82ce214',
  'upgrade-insecure-requests' => '1',
  'user-agent' => 'Mozilla/5.0 (Windows NT 6.1; WOW64) AppleWebKit/537.36 (KHTML, like Gecko) Chrome/61.0.3163.100 Safari/537.36',
  'x-forwarded-for' => '183.15.240.239',
  'x-real-ip' => '183.15.240.239',
  'x-edge-retry-times' => '-',
  'accept-language' => 'zh-CN,zh;q=0.8',
  'accept-encoding' => 'gzip',
  'cache-control' => 'max-age=0',
  'client-ip' => '183.15.240.239',
  'accept' => 'text/html,application/xhtml+xml,application/xml;q=0.9,image/webp,image/apng,*/*;q=0.8',
  'x-via' => 'shanks/0.8.12',
  'cookie' => 'pgv_pvi=7293854720',
  'host' => 'api.ullone.com',
  'content-type' => '',
  'content-length' => '',
)
[ info ] [ PARAM ] array (
)
[ info ] [ RUN ] app\index\controller\Index->index[ /webdata/api/application/index/controller/Index.php ]
[ info ] [ LOG ] INIT File
---------------------------------------------------------------
[ 2017-09-28T10:35:40+08:00 ] 104.238.148.249 157.119.232.7 GET /
[ info ] api.ullone.com/ [运行时间：0.005418s][吞吐率：184.58req/s] [内存消耗：136.24kb] [文件加载：32]
[ info ] [ LANG ] /webdata/api/thinkphp/lang/zh-cn.php
[ info ] [ ROUTE ] array (
  'type' => 'module',
  'module' => 
  array (
    0 => '',
    1 => NULL,
    2 => NULL,
  ),
)
[ info ] [ HEADER ] array (
  'x-request-id' => '4603b5c7131d68ee010bf85279cc296e',
  'upgrade-insecure-requests' => '1',
  'user-agent' => 'Mozilla/5.0 (Windows NT 6.1; WOW64) AppleWebKit/537.36 (KHTML, like Gecko) Chrome/61.0.3163.100 Safari/537.36',
  'x-forwarded-for' => '183.15.240.239',
  'x-real-ip' => '183.15.240.239',
  'x-edge-retry-times' => '-',
  'accept-language' => 'zh-CN,zh;q=0.8',
  'accept-encoding' => 'gzip',
  'cache-control' => 'max-age=0',
  'client-ip' => '183.15.240.239',
  'accept' => 'text/html,application/xhtml+xml,application/xml;q=0.9,image/webp,image/apng,*/*;q=0.8',
  'x-via' => 'shanks/0.8.12',
  'cookie' => 'pgv_pvi=7293854720',
  'host' => 'api.ullone.com',
  'content-type' => '',
  'content-length' => '',
)
[ info ] [ PARAM ] array (
)
[ info ] [ RUN ] app\index\controller\Index->index[ /webdata/api/application/index/controller/Index.php ]
[ info ] [ LOG ] INIT File
[ error ] [2]fopen(/webdata/api/upload/silk-v3-decoder-master/upload/test.txt): failed to open stream: Success[/webdata/api/application/index/controller/Upload.php:89]
---------------------------------------------------------------
[ 2017-09-28T10:35:40+08:00 ] 104.238.148.249 157.119.232.11 GET /
[ info ] api.ullone.com/ [运行时间：0.003080s][吞吐率：324.66req/s] [内存消耗：135.20kb] [文件加载：32]
[ info ] [ LANG ] /webdata/api/thinkphp/lang/zh-cn.php
[ info ] [ ROUTE ] array (
  'type' => 'module',
  'module' => 
  array (
    0 => '',
    1 => NULL,
    2 => NULL,
  ),
)
[ info ] [ HEADER ] array (
  'x-request-id' => '4603b5c7131d68ee010bf85279cc296e',
  'upgrade-insecure-requests' => '1',
  'user-agent' => 'Mozilla/5.0 (Windows NT 6.1; WOW64) AppleWebKit/537.36 (KHTML, like Gecko) Chrome/61.0.3163.100 Safari/537.36',
  'x-forwarded-for' => '183.15.240.239',
  'x-real-ip' => '183.15.240.239',
  'x-edge-retry-times' => '-',
  'accept-language' => 'zh-CN,zh;q=0.8',
  'accept-encoding' => 'gzip',
  'cache-control' => 'max-age=0',
  'client-ip' => '183.15.240.239',
  'accept' => 'text/html,application/xhtml+xml,application/xml;q=0.9,image/webp,image/apng,*/*;q=0.8',
  'x-via' => 'shanks/0.8.12',
  'cookie' => 'pgv_pvi=7293854720',
  'host' => 'api.ullone.com',
  'content-type' => '',
  'content-length' => '',
)
[ info ] [ PARAM ] array (
)
[ info ] [ RUN ] app\index\controller\Index->index[ /webdata/api/application/index/controller/Index.php ]
[ info ] [ LOG ] INIT File
[ error ] [2]fopen(/webdata/api/upload/silk-v3-decoder-master/upload/test.txt): failed to open stream: No such file or directory[/webdata/api/application/index/controller/Upload.php:89]
---------------------------------------------------------------
[ 2017-09-28T10:39:56+08:00 ] 104.238.148.249 157.119.232.5 GET /
[ info ] api.ullone.com/ [运行时间：0.005379s][吞吐率：185.90req/s] [内存消耗：136.24kb] [文件加载：32]
[ info ] [ LANG ] /webdata/api/thinkphp/lang/zh-cn.php
[ info ] [ ROUTE ] array (
  'type' => 'module',
  'module' => 
  array (
    0 => '',
    1 => NULL,
    2 => NULL,
  ),
)
[ info ] [ HEADER ] array (
  'x-request-id' => 'd2349b449a92aaf210c623bfe6b22f27',
  'upgrade-insecure-requests' => '1',
  'user-agent' => 'Mozilla/5.0 (Windows NT 6.1; WOW64) AppleWebKit/537.36 (KHTML, like Gecko) Chrome/61.0.3163.100 Safari/537.36',
  'x-forwarded-for' => '183.15.240.239',
  'x-real-ip' => '183.15.240.239',
  'x-edge-retry-times' => '-',
  'accept-language' => 'zh-CN,zh;q=0.8',
  'accept-encoding' => 'gzip',
  'cache-control' => 'max-age=0',
  'client-ip' => '183.15.240.239',
  'accept' => 'text/html,application/xhtml+xml,application/xml;q=0.9,image/webp,image/apng,*/*;q=0.8',
  'x-via' => 'shanks/0.8.12',
  'cookie' => 'pgv_pvi=7293854720',
  'host' => 'api.ullone.com',
  'content-type' => '',
  'content-length' => '',
)
[ info ] [ PARAM ] array (
)
[ info ] [ RUN ] app\index\controller\Index->index[ /webdata/api/application/index/controller/Index.php ]
[ info ] [ LOG ] INIT File
[ error ] [2]fopen(/webdata/api/upload/silk-v3-decoder-master/upload/test.txt): failed to open stream: Success[/webdata/api/application/index/controller/Upload.php:89]
---------------------------------------------------------------
[ 2017-09-28T10:39:56+08:00 ] 104.238.148.249 157.119.232.5 GET /
[ info ] api.ullone.com/ [运行时间：0.002726s][吞吐率：366.83req/s] [内存消耗：135.20kb] [文件加载：32]
[ info ] [ LANG ] /webdata/api/thinkphp/lang/zh-cn.php
[ info ] [ ROUTE ] array (
  'type' => 'module',
  'module' => 
  array (
    0 => '',
    1 => NULL,
    2 => NULL,
  ),
)
[ info ] [ HEADER ] array (
  'x-request-id' => 'd2349b449a92aaf210c623bfe6b22f27',
  'upgrade-insecure-requests' => '1',
  'user-agent' => 'Mozilla/5.0 (Windows NT 6.1; WOW64) AppleWebKit/537.36 (KHTML, like Gecko) Chrome/61.0.3163.100 Safari/537.36',
  'x-forwarded-for' => '183.15.240.239',
  'x-real-ip' => '183.15.240.239',
  'x-edge-retry-times' => '-',
  'accept-language' => 'zh-CN,zh;q=0.8',
  'accept-encoding' => 'gzip',
  'cache-control' => 'max-age=0',
  'client-ip' => '183.15.240.239',
  'accept' => 'text/html,application/xhtml+xml,application/xml;q=0.9,image/webp,image/apng,*/*;q=0.8',
  'x-via' => 'shanks/0.8.12',
  'cookie' => 'pgv_pvi=7293854720',
  'host' => 'api.ullone.com',
  'content-type' => '',
  'content-length' => '',
)
[ info ] [ PARAM ] array (
)
[ info ] [ RUN ] app\index\controller\Index->index[ /webdata/api/application/index/controller/Index.php ]
[ info ] [ LOG ] INIT File
[ error ] [2]fopen(/webdata/api/upload/silk-v3-decoder-master/upload/test.txt): failed to open stream: No such file or directory[/webdata/api/application/index/controller/Upload.php:89]
---------------------------------------------------------------
[ 2017-09-28T10:39:57+08:00 ] 104.238.148.249 157.119.232.7 GET /
[ info ] api.ullone.com/ [运行时间：0.002157s][吞吐率：463.61req/s] [内存消耗：135.20kb] [文件加载：32]
[ info ] [ LANG ] /webdata/api/thinkphp/lang/zh-cn.php
[ info ] [ ROUTE ] array (
  'type' => 'module',
  'module' => 
  array (
    0 => '',
    1 => NULL,
    2 => NULL,
  ),
)
[ info ] [ HEADER ] array (
  'x-request-id' => 'f28d7f389f236d671f67f7b7932764fa',
  'upgrade-insecure-requests' => '1',
  'user-agent' => 'Mozilla/5.0 (Windows NT 6.1; WOW64) AppleWebKit/537.36 (KHTML, like Gecko) Chrome/61.0.3163.100 Safari/537.36',
  'x-forwarded-for' => '183.15.240.239',
  'x-real-ip' => '183.15.240.239',
  'x-edge-retry-times' => '-',
  'accept-language' => 'zh-CN,zh;q=0.8',
  'accept-encoding' => 'gzip',
  'cache-control' => 'max-age=0',
  'client-ip' => '183.15.240.239',
  'accept' => 'text/html,application/xhtml+xml,application/xml;q=0.9,image/webp,image/apng,*/*;q=0.8',
  'x-via' => 'shanks/0.8.12',
  'cookie' => 'pgv_pvi=7293854720',
  'host' => 'api.ullone.com',
  'content-type' => '',
  'content-length' => '',
)
[ info ] [ PARAM ] array (
)
[ info ] [ RUN ] app\index\controller\Index->index[ /webdata/api/application/index/controller/Index.php ]
[ info ] [ LOG ] INIT File
[ error ] [2]fopen(/webdata/api/upload/silk-v3-decoder-master/upload/test.txt): failed to open stream: No such file or directory[/webdata/api/application/index/controller/Upload.php:89]
---------------------------------------------------------------
[ 2017-09-28T10:39:57+08:00 ] 104.238.148.249 157.119.232.9 GET /
[ info ] api.ullone.com/ [运行时间：0.001495s][吞吐率：668.95req/s] [内存消耗：135.20kb] [文件加载：32]
[ info ] [ LANG ] /webdata/api/thinkphp/lang/zh-cn.php
[ info ] [ ROUTE ] array (
  'type' => 'module',
  'module' => 
  array (
    0 => '',
    1 => NULL,
    2 => NULL,
  ),
)
[ info ] [ HEADER ] array (
  'x-request-id' => 'f28d7f389f236d671f67f7b7932764fa',
  'upgrade-insecure-requests' => '1',
  'user-agent' => 'Mozilla/5.0 (Windows NT 6.1; WOW64) AppleWebKit/537.36 (KHTML, like Gecko) Chrome/61.0.3163.100 Safari/537.36',
  'x-forwarded-for' => '183.15.240.239',
  'x-real-ip' => '183.15.240.239',
  'x-edge-retry-times' => '-',
  'accept-language' => 'zh-CN,zh;q=0.8',
  'accept-encoding' => 'gzip',
  'cache-control' => 'max-age=0',
  'client-ip' => '183.15.240.239',
  'accept' => 'text/html,application/xhtml+xml,application/xml;q=0.9,image/webp,image/apng,*/*;q=0.8',
  'x-via' => 'shanks/0.8.12',
  'cookie' => 'pgv_pvi=7293854720',
  'host' => 'api.ullone.com',
  'content-type' => '',
  'content-length' => '',
)
[ info ] [ PARAM ] array (
)
[ info ] [ RUN ] app\index\controller\Index->index[ /webdata/api/application/index/controller/Index.php ]
[ info ] [ LOG ] INIT File
[ error ] [2]fopen(/webdata/api/upload/silk-v3-decoder-master/upload/test.txt): failed to open stream: No such file or directory[/webdata/api/application/index/controller/Upload.php:89]
---------------------------------------------------------------
[ 2017-09-28T10:47:12+08:00 ] 104.238.148.249 157.119.232.5 GET /
[ info ] api.ullone.com/ [运行时间：0.002764s][吞吐率：361.80req/s] [内存消耗：135.20kb] [文件加载：32]
[ info ] [ LANG ] /webdata/api/thinkphp/lang/zh-cn.php
[ info ] [ ROUTE ] array (
  'type' => 'module',
  'module' => 
  array (
    0 => '',
    1 => NULL,
    2 => NULL,
  ),
)
[ info ] [ HEADER ] array (
  'x-request-id' => 'c5651be365c6ba5b6aad7e495cf12b67',
  'upgrade-insecure-requests' => '1',
  'user-agent' => 'Mozilla/5.0 (Windows NT 6.1; WOW64) AppleWebKit/537.36 (KHTML, like Gecko) Chrome/61.0.3163.100 Safari/537.36',
  'x-forwarded-for' => '183.15.240.239',
  'x-real-ip' => '183.15.240.239',
  'x-edge-retry-times' => '-',
  'accept-language' => 'zh-CN,zh;q=0.8',
  'accept-encoding' => 'gzip',
  'cache-control' => 'max-age=0',
  'client-ip' => '183.15.240.239',
  'accept' => 'text/html,application/xhtml+xml,application/xml;q=0.9,image/webp,image/apng,*/*;q=0.8',
  'x-via' => 'shanks/0.8.12',
  'cookie' => 'pgv_pvi=7293854720',
  'host' => 'api.ullone.com',
  'content-type' => '',
  'content-length' => '',
)
[ info ] [ PARAM ] array (
)
[ info ] [ RUN ] app\index\controller\Index->index[ /webdata/api/application/index/controller/Index.php ]
[ info ] [ LOG ] INIT File
[ error ] [2]fopen(/webdata/api/upload/silk-v3-decoder-master/upload/test.txt): failed to open stream: No such file or directory[/webdata/api/application/index/controller/Upload.php:89]
---------------------------------------------------------------
[ 2017-09-28T10:47:13+08:00 ] 104.238.148.249 157.119.232.9 GET /
[ info ] api.ullone.com/ [运行时间：0.001963s][吞吐率：509.39req/s] [内存消耗：135.20kb] [文件加载：32]
[ info ] [ LANG ] /webdata/api/thinkphp/lang/zh-cn.php
[ info ] [ ROUTE ] array (
  'type' => 'module',
  'module' => 
  array (
    0 => '',
    1 => NULL,
    2 => NULL,
  ),
)
[ info ] [ HEADER ] array (
  'x-request-id' => 'c5651be365c6ba5b6aad7e495cf12b67',
  'upgrade-insecure-requests' => '1',
  'user-agent' => 'Mozilla/5.0 (Windows NT 6.1; WOW64) AppleWebKit/537.36 (KHTML, like Gecko) Chrome/61.0.3163.100 Safari/537.36',
  'x-forwarded-for' => '183.15.240.239',
  'x-real-ip' => '183.15.240.239',
  'x-edge-retry-times' => '-',
  'accept-language' => 'zh-CN,zh;q=0.8',
  'accept-encoding' => 'gzip',
  'cache-control' => 'max-age=0',
  'client-ip' => '183.15.240.239',
  'accept' => 'text/html,application/xhtml+xml,application/xml;q=0.9,image/webp,image/apng,*/*;q=0.8',
  'x-via' => 'shanks/0.8.12',
  'cookie' => 'pgv_pvi=7293854720',
  'host' => 'api.ullone.com',
  'content-type' => '',
  'content-length' => '',
)
[ info ] [ PARAM ] array (
)
[ info ] [ RUN ] app\index\controller\Index->index[ /webdata/api/application/index/controller/Index.php ]
[ info ] [ LOG ] INIT File
[ error ] [2]fopen(/webdata/api/upload/silk-v3-decoder-master/upload/test.txt): failed to open stream: No such file or directory[/webdata/api/application/index/controller/Upload.php:89]
---------------------------------------------------------------
[ 2017-09-28T10:47:13+08:00 ] 104.238.148.249 157.119.232.11 GET /
[ info ] api.ullone.com/ [运行时间：0.001669s][吞吐率：599.10req/s] [内存消耗：135.20kb] [文件加载：32]
[ info ] [ LANG ] /webdata/api/thinkphp/lang/zh-cn.php
[ info ] [ ROUTE ] array (
  'type' => 'module',
  'module' => 
  array (
    0 => '',
    1 => NULL,
    2 => NULL,
  ),
)
[ info ] [ HEADER ] array (
  'x-request-id' => '1bcda9081e3678cbb329c533291618a4',
  'upgrade-insecure-requests' => '1',
  'user-agent' => 'Mozilla/5.0 (Windows NT 6.1; WOW64) AppleWebKit/537.36 (KHTML, like Gecko) Chrome/61.0.3163.100 Safari/537.36',
  'x-forwarded-for' => '183.15.240.239',
  'x-real-ip' => '183.15.240.239',
  'x-edge-retry-times' => '-',
  'accept-language' => 'zh-CN,zh;q=0.8',
  'accept-encoding' => 'gzip',
  'cache-control' => 'max-age=0',
  'client-ip' => '183.15.240.239',
  'accept' => 'text/html,application/xhtml+xml,application/xml;q=0.9,image/webp,image/apng,*/*;q=0.8',
  'x-via' => 'shanks/0.8.12',
  'cookie' => 'pgv_pvi=7293854720',
  'host' => 'api.ullone.com',
  'content-type' => '',
  'content-length' => '',
)
[ info ] [ PARAM ] array (
)
[ info ] [ RUN ] app\index\controller\Index->index[ /webdata/api/application/index/controller/Index.php ]
[ info ] [ LOG ] INIT File
[ error ] [2]fopen(/webdata/api/upload/silk-v3-decoder-master/upload/test.txt): failed to open stream: No such file or directory[/webdata/api/application/index/controller/Upload.php:89]
---------------------------------------------------------------
[ 2017-09-28T10:47:14+08:00 ] 104.238.148.249 157.119.232.10 GET /
[ info ] api.ullone.com/ [运行时间：0.001721s][吞吐率：581.09req/s] [内存消耗：135.20kb] [文件加载：32]
[ info ] [ LANG ] /webdata/api/thinkphp/lang/zh-cn.php
[ info ] [ ROUTE ] array (
  'type' => 'module',
  'module' => 
  array (
    0 => '',
    1 => NULL,
    2 => NULL,
  ),
)
[ info ] [ HEADER ] array (
  'x-request-id' => '1bcda9081e3678cbb329c533291618a4',
  'upgrade-insecure-requests' => '1',
  'user-agent' => 'Mozilla/5.0 (Windows NT 6.1; WOW64) AppleWebKit/537.36 (KHTML, like Gecko) Chrome/61.0.3163.100 Safari/537.36',
  'x-forwarded-for' => '183.15.240.239',
  'x-real-ip' => '183.15.240.239',
  'x-edge-retry-times' => '-',
  'accept-language' => 'zh-CN,zh;q=0.8',
  'accept-encoding' => 'gzip',
  'cache-control' => 'max-age=0',
  'client-ip' => '183.15.240.239',
  'accept' => 'text/html,application/xhtml+xml,application/xml;q=0.9,image/webp,image/apng,*/*;q=0.8',
  'x-via' => 'shanks/0.8.12',
  'cookie' => 'pgv_pvi=7293854720',
  'host' => 'api.ullone.com',
  'content-type' => '',
  'content-length' => '',
)
[ info ] [ PARAM ] array (
)
[ info ] [ RUN ] app\index\controller\Index->index[ /webdata/api/application/index/controller/Index.php ]
[ info ] [ LOG ] INIT File
[ error ] [2]fopen(/webdata/api/upload/silk-v3-decoder-master/upload/test.txt): failed to open stream: No such file or directory[/webdata/api/application/index/controller/Upload.php:89]
---------------------------------------------------------------
[ 2017-09-28T10:47:16+08:00 ] 104.238.148.249 157.119.232.8 GET /
[ info ] api.ullone.com/ [运行时间：0.001584s][吞吐率：631.29req/s] [内存消耗：135.20kb] [文件加载：32]
[ info ] [ LANG ] /webdata/api/thinkphp/lang/zh-cn.php
[ info ] [ ROUTE ] array (
  'type' => 'module',
  'module' => 
  array (
    0 => '',
    1 => NULL,
    2 => NULL,
  ),
)
[ info ] [ HEADER ] array (
  'x-request-id' => '20771a2299ae1d21c6e24889877f629f',
  'upgrade-insecure-requests' => '1',
  'user-agent' => 'Mozilla/5.0 (Windows NT 6.1; WOW64) AppleWebKit/537.36 (KHTML, like Gecko) Chrome/61.0.3163.100 Safari/537.36',
  'x-forwarded-for' => '183.15.240.239',
  'x-real-ip' => '183.15.240.239',
  'x-edge-retry-times' => '-',
  'accept-language' => 'zh-CN,zh;q=0.8',
  'accept-encoding' => 'gzip',
  'cache-control' => 'max-age=0',
  'client-ip' => '183.15.240.239',
  'accept' => 'text/html,application/xhtml+xml,application/xml;q=0.9,image/webp,image/apng,*/*;q=0.8',
  'x-via' => 'shanks/0.8.12',
  'cookie' => 'pgv_pvi=7293854720',
  'host' => 'api.ullone.com',
  'content-type' => '',
  'content-length' => '',
)
[ info ] [ PARAM ] array (
)
[ info ] [ RUN ] app\index\controller\Index->index[ /webdata/api/application/index/controller/Index.php ]
[ info ] [ LOG ] INIT File
[ error ] [2]fopen(/webdata/api/upload/silk-v3-decoder-master/upload/test.txt): failed to open stream: No such file or directory[/webdata/api/application/index/controller/Upload.php:89]
---------------------------------------------------------------
[ 2017-09-28T10:47:16+08:00 ] 104.238.148.249 157.119.232.13 GET /
[ info ] api.ullone.com/ [运行时间：0.001555s][吞吐率：643.10req/s] [内存消耗：135.20kb] [文件加载：32]
[ info ] [ LANG ] /webdata/api/thinkphp/lang/zh-cn.php
[ info ] [ ROUTE ] array (
  'type' => 'module',
  'module' => 
  array (
    0 => '',
    1 => NULL,
    2 => NULL,
  ),
)
[ info ] [ HEADER ] array (
  'x-request-id' => '20771a2299ae1d21c6e24889877f629f',
  'upgrade-insecure-requests' => '1',
  'user-agent' => 'Mozilla/5.0 (Windows NT 6.1; WOW64) AppleWebKit/537.36 (KHTML, like Gecko) Chrome/61.0.3163.100 Safari/537.36',
  'x-forwarded-for' => '183.15.240.239',
  'x-real-ip' => '183.15.240.239',
  'x-edge-retry-times' => '-',
  'accept-language' => 'zh-CN,zh;q=0.8',
  'accept-encoding' => 'gzip',
  'cache-control' => 'max-age=0',
  'client-ip' => '183.15.240.239',
  'accept' => 'text/html,application/xhtml+xml,application/xml;q=0.9,image/webp,image/apng,*/*;q=0.8',
  'x-via' => 'shanks/0.8.12',
  'cookie' => 'pgv_pvi=7293854720',
  'host' => 'api.ullone.com',
  'content-type' => '',
  'content-length' => '',
)
[ info ] [ PARAM ] array (
)
[ info ] [ RUN ] app\index\controller\Index->index[ /webdata/api/application/index/controller/Index.php ]
[ info ] [ LOG ] INIT File
[ error ] [2]fopen(/webdata/api/upload/silk-v3-decoder-master/upload/test.txt): failed to open stream: No such file or directory[/webdata/api/application/index/controller/Upload.php:89]
---------------------------------------------------------------
[ 2017-09-28T10:48:24+08:00 ] 104.238.148.249 157.119.232.7 GET /
[ info ] api.ullone.com/ [运行时间：0.004747s][吞吐率：210.66req/s] [内存消耗：136.27kb] [文件加载：32]
[ info ] [ LANG ] /webdata/api/thinkphp/lang/zh-cn.php
[ info ] [ ROUTE ] array (
  'type' => 'module',
  'module' => 
  array (
    0 => '',
    1 => NULL,
    2 => NULL,
  ),
)
[ info ] [ HEADER ] array (
  'x-request-id' => '1ddac3bb0b553ef869e7908fb3e26fea',
  'upgrade-insecure-requests' => '1',
  'user-agent' => 'Mozilla/5.0 (Windows NT 6.1; WOW64) AppleWebKit/537.36 (KHTML, like Gecko) Chrome/61.0.3163.100 Safari/537.36',
  'x-forwarded-for' => '183.15.240.239',
  'x-real-ip' => '183.15.240.239',
  'x-edge-retry-times' => '-',
  'accept-language' => 'zh-CN,zh;q=0.8',
  'accept-encoding' => 'gzip',
  'cache-control' => 'max-age=0',
  'client-ip' => '183.15.240.239',
  'accept' => 'text/html,application/xhtml+xml,application/xml;q=0.9,image/webp,image/apng,*/*;q=0.8',
  'x-via' => 'shanks/0.8.12',
  'cookie' => 'pgv_pvi=7293854720',
  'host' => 'api.ullone.com',
  'content-type' => '',
  'content-length' => '',
)
[ info ] [ PARAM ] array (
)
[ info ] [ RUN ] app\index\controller\Index->index[ /webdata/api/application/index/controller/Index.php ]
[ info ] [ LOG ] INIT File
[ error ] [2]fopen(/webdata/api/upload/silk-v3-decoder-master/upload/test.txt): failed to open stream: Success[/webdata/api/application/index/controller/Upload.php:89]
---------------------------------------------------------------
[ 2017-09-28T10:48:24+08:00 ] 104.238.148.249 157.119.232.12 GET /
[ info ] api.ullone.com/ [运行时间：0.002151s][吞吐率：464.90req/s] [内存消耗：135.22kb] [文件加载：32]
[ info ] [ LANG ] /webdata/api/thinkphp/lang/zh-cn.php
[ info ] [ ROUTE ] array (
  'type' => 'module',
  'module' => 
  array (
    0 => '',
    1 => NULL,
    2 => NULL,
  ),
)
[ info ] [ HEADER ] array (
  'x-request-id' => '1ddac3bb0b553ef869e7908fb3e26fea',
  'upgrade-insecure-requests' => '1',
  'user-agent' => 'Mozilla/5.0 (Windows NT 6.1; WOW64) AppleWebKit/537.36 (KHTML, like Gecko) Chrome/61.0.3163.100 Safari/537.36',
  'x-forwarded-for' => '183.15.240.239',
  'x-real-ip' => '183.15.240.239',
  'x-edge-retry-times' => '-',
  'accept-language' => 'zh-CN,zh;q=0.8',
  'accept-encoding' => 'gzip',
  'cache-control' => 'max-age=0',
  'client-ip' => '183.15.240.239',
  'accept' => 'text/html,application/xhtml+xml,application/xml;q=0.9,image/webp,image/apng,*/*;q=0.8',
  'x-via' => 'shanks/0.8.12',
  'cookie' => 'pgv_pvi=7293854720',
  'host' => 'api.ullone.com',
  'content-type' => '',
  'content-length' => '',
)
[ info ] [ PARAM ] array (
)
[ info ] [ RUN ] app\index\controller\Index->index[ /webdata/api/application/index/controller/Index.php ]
[ info ] [ LOG ] INIT File
[ error ] [2]fopen(/webdata/api/upload/silk-v3-decoder-master/upload/test.txt): failed to open stream: No such file or directory[/webdata/api/application/index/controller/Upload.php:89]
---------------------------------------------------------------
[ 2017-09-28T10:48:24+08:00 ] 104.238.148.249 157.119.232.6 GET /
[ info ] api.ullone.com/ [运行时间：0.002178s][吞吐率：459.15req/s] [内存消耗：135.22kb] [文件加载：32]
[ info ] [ LANG ] /webdata/api/thinkphp/lang/zh-cn.php
[ info ] [ ROUTE ] array (
  'type' => 'module',
  'module' => 
  array (
    0 => '',
    1 => NULL,
    2 => NULL,
  ),
)
[ info ] [ HEADER ] array (
  'x-request-id' => 'c55a6e5e65ac3738830e2c9318a7f709',
  'upgrade-insecure-requests' => '1',
  'user-agent' => 'Mozilla/5.0 (Windows NT 6.1; WOW64) AppleWebKit/537.36 (KHTML, like Gecko) Chrome/61.0.3163.100 Safari/537.36',
  'x-forwarded-for' => '183.15.240.239',
  'x-real-ip' => '183.15.240.239',
  'x-edge-retry-times' => '-',
  'accept-language' => 'zh-CN,zh;q=0.8',
  'accept-encoding' => 'gzip',
  'cache-control' => 'max-age=0',
  'client-ip' => '183.15.240.239',
  'accept' => 'text/html,application/xhtml+xml,application/xml;q=0.9,image/webp,image/apng,*/*;q=0.8',
  'x-via' => 'shanks/0.8.12',
  'cookie' => 'pgv_pvi=7293854720',
  'host' => 'api.ullone.com',
  'content-type' => '',
  'content-length' => '',
)
[ info ] [ PARAM ] array (
)
[ info ] [ RUN ] app\index\controller\Index->index[ /webdata/api/application/index/controller/Index.php ]
[ info ] [ LOG ] INIT File
[ error ] [2]fopen(/webdata/api/upload/silk-v3-decoder-master/upload/test.txt): failed to open stream: No such file or directory[/webdata/api/application/index/controller/Upload.php:89]
---------------------------------------------------------------
[ 2017-09-28T10:48:25+08:00 ] 104.238.148.249 157.119.232.6 GET /
[ info ] api.ullone.com/ [运行时间：0.001553s][吞吐率：643.89req/s] [内存消耗：135.22kb] [文件加载：32]
[ info ] [ LANG ] /webdata/api/thinkphp/lang/zh-cn.php
[ info ] [ ROUTE ] array (
  'type' => 'module',
  'module' => 
  array (
    0 => '',
    1 => NULL,
    2 => NULL,
  ),
)
[ info ] [ HEADER ] array (
  'x-request-id' => 'c55a6e5e65ac3738830e2c9318a7f709',
  'upgrade-insecure-requests' => '1',
  'user-agent' => 'Mozilla/5.0 (Windows NT 6.1; WOW64) AppleWebKit/537.36 (KHTML, like Gecko) Chrome/61.0.3163.100 Safari/537.36',
  'x-forwarded-for' => '183.15.240.239',
  'x-real-ip' => '183.15.240.239',
  'x-edge-retry-times' => '-',
  'accept-language' => 'zh-CN,zh;q=0.8',
  'accept-encoding' => 'gzip',
  'cache-control' => 'max-age=0',
  'client-ip' => '183.15.240.239',
  'accept' => 'text/html,application/xhtml+xml,application/xml;q=0.9,image/webp,image/apng,*/*;q=0.8',
  'x-via' => 'shanks/0.8.12',
  'cookie' => 'pgv_pvi=7293854720',
  'host' => 'api.ullone.com',
  'content-type' => '',
  'content-length' => '',
)
[ info ] [ PARAM ] array (
)
[ info ] [ RUN ] app\index\controller\Index->index[ /webdata/api/application/index/controller/Index.php ]
[ info ] [ LOG ] INIT File
[ error ] [2]fopen(/webdata/api/upload/silk-v3-decoder-master/upload/test.txt): failed to open stream: No such file or directory[/webdata/api/application/index/controller/Upload.php:89]
---------------------------------------------------------------
[ 2017-09-28T10:49:14+08:00 ] 104.238.148.249 157.119.232.8 GET /
[ info ] api.ullone.com/ [运行时间：0.001744s][吞吐率：573.38req/s] [内存消耗：154.85kb] [文件加载：26]
[ info ] [ LANG ] /webdata/api/thinkphp/lang/zh-cn.php
[ info ] [ ROUTE ] array (
  'type' => 'module',
  'module' => 
  array (
    0 => '',
    1 => NULL,
    2 => NULL,
  ),
)
[ info ] [ HEADER ] array (
  'x-request-id' => '5a9da92b563cb9c225e1f43c1547a352',
  'upgrade-insecure-requests' => '1',
  'user-agent' => 'Mozilla/5.0 (Windows NT 6.1; WOW64) AppleWebKit/537.36 (KHTML, like Gecko) Chrome/61.0.3163.100 Safari/537.36',
  'x-forwarded-for' => '183.15.240.239',
  'x-real-ip' => '183.15.240.239',
  'x-edge-retry-times' => '-',
  'accept-language' => 'zh-CN,zh;q=0.8',
  'accept-encoding' => 'gzip',
  'cache-control' => 'max-age=0',
  'client-ip' => '183.15.240.239',
  'accept' => 'text/html,application/xhtml+xml,application/xml;q=0.9,image/webp,image/apng,*/*;q=0.8',
  'x-via' => 'shanks/0.8.12',
  'cookie' => 'pgv_pvi=7293854720',
  'host' => 'api.ullone.com',
  'content-type' => '',
  'content-length' => '',
)
[ info ] [ PARAM ] array (
)
[ info ] [ RUN ] app\index\controller\Index->index[ /webdata/api/application/index/controller/Index.php ]
[ info ] [ LOG ] INIT File
---------------------------------------------------------------
[ 2017-09-28T10:49:15+08:00 ] 104.238.148.249 157.119.232.5 GET /
[ info ] api.ullone.com/ [运行时间：0.000959s][吞吐率：1,042.58req/s] [内存消耗：153.78kb] [文件加载：26]
[ info ] [ LANG ] /webdata/api/thinkphp/lang/zh-cn.php
[ info ] [ ROUTE ] array (
  'type' => 'module',
  'module' => 
  array (
    0 => '',
    1 => NULL,
    2 => NULL,
  ),
)
[ info ] [ HEADER ] array (
  'x-request-id' => '2544d9a2962a29e95ccc1b1b255b7901',
  'upgrade-insecure-requests' => '1',
  'user-agent' => 'Mozilla/5.0 (Windows NT 6.1; WOW64) AppleWebKit/537.36 (KHTML, like Gecko) Chrome/61.0.3163.100 Safari/537.36',
  'x-forwarded-for' => '183.15.240.239',
  'x-real-ip' => '183.15.240.239',
  'x-edge-retry-times' => '-',
  'accept-language' => 'zh-CN,zh;q=0.8',
  'accept-encoding' => 'gzip',
  'cache-control' => 'max-age=0',
  'client-ip' => '183.15.240.239',
  'accept' => 'text/html,application/xhtml+xml,application/xml;q=0.9,image/webp,image/apng,*/*;q=0.8',
  'x-via' => 'shanks/0.8.12',
  'cookie' => 'pgv_pvi=7293854720',
  'host' => 'api.ullone.com',
  'content-type' => '',
  'content-length' => '',
)
[ info ] [ PARAM ] array (
)
[ info ] [ RUN ] app\index\controller\Index->index[ /webdata/api/application/index/controller/Index.php ]
[ info ] [ LOG ] INIT File
---------------------------------------------------------------
[ 2017-09-28T11:10:41+08:00 ] 104.238.148.249 157.119.232.13 GET /
[ info ] api.ullone.com/ [运行时间：0.006177s][吞吐率：161.89req/s] [内存消耗：136.30kb] [文件加载：32]
[ info ] [ LANG ] /webdata/api/thinkphp/lang/zh-cn.php
[ info ] [ ROUTE ] array (
  'type' => 'module',
  'module' => 
  array (
    0 => '',
    1 => NULL,
    2 => NULL,
  ),
)
[ info ] [ HEADER ] array (
  'x-request-id' => '4f7fdaa0bcc7e0ab13b24159af4e59d3',
  'upgrade-insecure-requests' => '1',
  'user-agent' => 'Mozilla/5.0 (Windows NT 6.1; WOW64) AppleWebKit/537.36 (KHTML, like Gecko) Chrome/61.0.3163.100 Safari/537.36',
  'x-forwarded-for' => '183.15.240.239',
  'x-real-ip' => '183.15.240.239',
  'x-edge-retry-times' => '-',
  'accept-language' => 'zh-CN,zh;q=0.8',
  'accept-encoding' => 'gzip',
  'cache-control' => 'max-age=0',
  'client-ip' => '183.15.240.239',
  'accept' => 'text/html,application/xhtml+xml,application/xml;q=0.9,image/webp,image/apng,*/*;q=0.8',
  'x-via' => 'shanks/0.8.12',
  'cookie' => 'pgv_pvi=7293854720',
  'host' => 'api.ullone.com',
  'content-type' => '',
  'content-length' => '',
)
[ info ] [ PARAM ] array (
)
[ info ] [ RUN ] app\index\controller\Index->index[ /webdata/api/application/index/controller/Index.php ]
[ info ] [ LOG ] INIT File
[ error ] [2]fopen(/webdata/api/upload/silk-v3-decoder-master/upload/2017092720320224.wav): failed to open stream: Success[/webdata/api/application/index/controller/Upload.php:89]
---------------------------------------------------------------
[ 2017-09-28T11:10:41+08:00 ] 104.238.148.249 157.119.232.12 GET /
[ info ] api.ullone.com/ [运行时间：0.002797s][吞吐率：357.51req/s] [内存消耗：135.22kb] [文件加载：32]
[ info ] [ LANG ] /webdata/api/thinkphp/lang/zh-cn.php
[ info ] [ ROUTE ] array (
  'type' => 'module',
  'module' => 
  array (
    0 => '',
    1 => NULL,
    2 => NULL,
  ),
)
[ info ] [ HEADER ] array (
  'x-request-id' => '4f7fdaa0bcc7e0ab13b24159af4e59d3',
  'upgrade-insecure-requests' => '1',
  'user-agent' => 'Mozilla/5.0 (Windows NT 6.1; WOW64) AppleWebKit/537.36 (KHTML, like Gecko) Chrome/61.0.3163.100 Safari/537.36',
  'x-forwarded-for' => '183.15.240.239',
  'x-real-ip' => '183.15.240.239',
  'x-edge-retry-times' => '-',
  'accept-language' => 'zh-CN,zh;q=0.8',
  'accept-encoding' => 'gzip',
  'cache-control' => 'max-age=0',
  'client-ip' => '183.15.240.239',
  'accept' => 'text/html,application/xhtml+xml,application/xml;q=0.9,image/webp,image/apng,*/*;q=0.8',
  'x-via' => 'shanks/0.8.12',
  'cookie' => 'pgv_pvi=7293854720',
  'host' => 'api.ullone.com',
  'content-type' => '',
  'content-length' => '',
)
[ info ] [ PARAM ] array (
)
[ info ] [ RUN ] app\index\controller\Index->index[ /webdata/api/application/index/controller/Index.php ]
[ info ] [ LOG ] INIT File
[ error ] [2]fopen(/webdata/api/upload/silk-v3-decoder-master/upload/2017092720320224.wav): failed to open stream: No such file or directory[/webdata/api/application/index/controller/Upload.php:89]
---------------------------------------------------------------
[ 2017-09-28T11:18:21+08:00 ] 104.238.148.249 157.119.232.11 GET /
[ info ] api.ullone.com/ [运行时间：0.005920s][吞吐率：168.91req/s] [内存消耗：354.79kb] [文件加载：26]
[ info ] [ LANG ] /webdata/api/thinkphp/lang/zh-cn.php
[ info ] [ ROUTE ] array (
  'type' => 'module',
  'module' => 
  array (
    0 => '',
    1 => NULL,
    2 => NULL,
  ),
)
[ info ] [ HEADER ] array (
  'x-request-id' => 'fcddad7685753a67b5d2ef8b68d4727e',
  'upgrade-insecure-requests' => '1',
  'user-agent' => 'Mozilla/5.0 (Windows NT 6.1; WOW64) AppleWebKit/537.36 (KHTML, like Gecko) Chrome/61.0.3163.100 Safari/537.36',
  'x-forwarded-for' => '183.15.240.239',
  'x-real-ip' => '183.15.240.239',
  'x-edge-retry-times' => '-',
  'accept-language' => 'zh-CN,zh;q=0.8',
  'accept-encoding' => 'gzip',
  'cache-control' => 'max-age=0',
  'client-ip' => '183.15.240.239',
  'accept' => 'text/html,application/xhtml+xml,application/xml;q=0.9,image/webp,image/apng,*/*;q=0.8',
  'x-via' => 'shanks/0.8.12',
  'cookie' => 'pgv_pvi=7293854720',
  'host' => 'api.ullone.com',
  'content-type' => '',
  'content-length' => '',
)
[ info ] [ PARAM ] array (
)
[ info ] [ RUN ] app\index\controller\Index->index[ /webdata/api/application/index/controller/Index.php ]
[ info ] [ LOG ] INIT File
---------------------------------------------------------------
[ 2017-09-28T11:31:24+08:00 ] 104.238.148.249 157.119.232.6 GET /
[ info ] api.ullone.com/ [运行时间：0.003366s][吞吐率：297.09req/s] [内存消耗：354.79kb] [文件加载：26]
[ info ] [ LANG ] /webdata/api/thinkphp/lang/zh-cn.php
[ info ] [ ROUTE ] array (
  'type' => 'module',
  'module' => 
  array (
    0 => '',
    1 => NULL,
    2 => NULL,
  ),
)
[ info ] [ HEADER ] array (
  'x-request-id' => '0a442e3c936b4cd95f329c5d663ba6de',
  'upgrade-insecure-requests' => '1',
  'user-agent' => 'Mozilla/5.0 (Windows NT 6.1; WOW64) AppleWebKit/537.36 (KHTML, like Gecko) Chrome/61.0.3163.100 Safari/537.36',
  'x-forwarded-for' => '183.15.240.239',
  'x-real-ip' => '183.15.240.239',
  'x-edge-retry-times' => '-',
  'accept-language' => 'zh-CN,zh;q=0.8',
  'accept-encoding' => 'gzip',
  'cache-control' => 'max-age=0',
  'client-ip' => '183.15.240.239',
  'accept' => 'text/html,application/xhtml+xml,application/xml;q=0.9,image/webp,image/apng,*/*;q=0.8',
  'x-via' => 'shanks/0.8.12',
  'cookie' => 'pgv_pvi=7293854720',
  'host' => 'api.ullone.com',
  'content-type' => '',
  'content-length' => '',
)
[ info ] [ PARAM ] array (
)
[ info ] [ RUN ] app\index\controller\Index->index[ /webdata/api/application/index/controller/Index.php ]
[ info ] [ LOG ] INIT File
---------------------------------------------------------------
[ 2017-09-28T11:34:28+08:00 ] 104.238.148.249 157.119.232.11 GET /
[ info ] api.ullone.com/ [运行时间：0.002861s][吞吐率：349.53req/s] [内存消耗：353.71kb] [文件加载：26]
[ info ] [ LANG ] /webdata/api/thinkphp/lang/zh-cn.php
[ info ] [ ROUTE ] array (
  'type' => 'module',
  'module' => 
  array (
    0 => '',
    1 => NULL,
    2 => NULL,
  ),
)
[ info ] [ HEADER ] array (
  'x-request-id' => 'c6a9e8ebea5d9f6a142ff3e2c4ff175e',
  'upgrade-insecure-requests' => '1',
  'user-agent' => 'Mozilla/5.0 (Windows NT 6.1; WOW64) AppleWebKit/537.36 (KHTML, like Gecko) Chrome/61.0.3163.100 Safari/537.36',
  'x-forwarded-for' => '183.15.240.239',
  'x-real-ip' => '183.15.240.239',
  'x-edge-retry-times' => '-',
  'accept-language' => 'zh-CN,zh;q=0.8',
  'accept-encoding' => 'gzip',
  'cache-control' => 'max-age=0',
  'client-ip' => '183.15.240.239',
  'accept' => 'text/html,application/xhtml+xml,application/xml;q=0.9,image/webp,image/apng,*/*;q=0.8',
  'x-via' => 'shanks/0.8.12',
  'cookie' => 'pgv_pvi=7293854720',
  'host' => 'api.ullone.com',
  'content-type' => '',
  'content-length' => '',
)
[ info ] [ PARAM ] array (
)
[ info ] [ RUN ] app\index\controller\Index->index[ /webdata/api/application/index/controller/Index.php ]
[ info ] [ LOG ] INIT File
---------------------------------------------------------------
[ 2017-09-28T11:43:13+08:00 ] 104.238.148.249 157.119.232.10 GET /
[ info ] api.ullone.com/ [运行时间：0.005737s][吞吐率：174.31req/s] [内存消耗：135.92kb] [文件加载：32]
[ info ] [ LANG ] /webdata/api/thinkphp/lang/zh-cn.php
[ info ] [ ROUTE ] array (
  'type' => 'module',
  'module' => 
  array (
    0 => '',
    1 => NULL,
    2 => NULL,
  ),
)
[ info ] [ HEADER ] array (
  'x-request-id' => 'a2c19c8b65a6baa20afa8ef68c92c73a',
  'upgrade-insecure-requests' => '1',
  'user-agent' => 'Mozilla/5.0 (Windows NT 6.1; WOW64) AppleWebKit/537.36 (KHTML, like Gecko) Chrome/61.0.3163.100 Safari/537.36',
  'x-forwarded-for' => '183.15.240.239',
  'x-real-ip' => '183.15.240.239',
  'x-edge-retry-times' => '-',
  'accept-language' => 'zh-CN,zh;q=0.8',
  'accept-encoding' => 'gzip',
  'cache-control' => 'max-age=0',
  'client-ip' => '183.15.240.239',
  'accept' => 'text/html,application/xhtml+xml,application/xml;q=0.9,image/webp,image/apng,*/*;q=0.8',
  'x-via' => 'shanks/0.8.12',
  'cookie' => 'pgv_pvi=7293854720',
  'host' => 'api.ullone.com',
  'content-type' => '',
  'content-length' => '',
)
[ info ] [ PARAM ] array (
)
[ info ] [ RUN ] app\index\controller\Index->index[ /webdata/api/application/index/controller/Index.php ]
[ info ] [ LOG ] INIT File
[ error ] [2]hex2bin(): Input string must be hexadecimal string[/webdata/api/application/index/controller/Upload.php:91]
---------------------------------------------------------------
[ 2017-09-28T11:43:13+08:00 ] 104.238.148.249 157.119.232.8 GET /
[ info ] api.ullone.com/ [运行时间：0.003129s][吞吐率：319.59req/s] [内存消耗：134.84kb] [文件加载：32]
[ info ] [ LANG ] /webdata/api/thinkphp/lang/zh-cn.php
[ info ] [ ROUTE ] array (
  'type' => 'module',
  'module' => 
  array (
    0 => '',
    1 => NULL,
    2 => NULL,
  ),
)
[ info ] [ HEADER ] array (
  'x-request-id' => 'a2c19c8b65a6baa20afa8ef68c92c73a',
  'upgrade-insecure-requests' => '1',
  'user-agent' => 'Mozilla/5.0 (Windows NT 6.1; WOW64) AppleWebKit/537.36 (KHTML, like Gecko) Chrome/61.0.3163.100 Safari/537.36',
  'x-forwarded-for' => '183.15.240.239',
  'x-real-ip' => '183.15.240.239',
  'x-edge-retry-times' => '-',
  'accept-language' => 'zh-CN,zh;q=0.8',
  'accept-encoding' => 'gzip',
  'cache-control' => 'max-age=0',
  'client-ip' => '183.15.240.239',
  'accept' => 'text/html,application/xhtml+xml,application/xml;q=0.9,image/webp,image/apng,*/*;q=0.8',
  'x-via' => 'shanks/0.8.12',
  'cookie' => 'pgv_pvi=7293854720',
  'host' => 'api.ullone.com',
  'content-type' => '',
  'content-length' => '',
)
[ info ] [ PARAM ] array (
)
[ info ] [ RUN ] app\index\controller\Index->index[ /webdata/api/application/index/controller/Index.php ]
[ info ] [ LOG ] INIT File
[ error ] [2]hex2bin(): Input string must be hexadecimal string[/webdata/api/application/index/controller/Upload.php:91]
---------------------------------------------------------------
[ 2017-09-28T12:04:10+08:00 ] 104.238.148.249 157.119.232.7 GET /
[ info ] api.ullone.com/ [运行时间：0.004571s][吞吐率：218.77req/s] [内存消耗：450.25kb] [文件加载：26]
[ info ] [ LANG ] /webdata/api/thinkphp/lang/zh-cn.php
[ info ] [ ROUTE ] array (
  'type' => 'module',
  'module' => 
  array (
    0 => '',
    1 => NULL,
    2 => NULL,
  ),
)
[ info ] [ HEADER ] array (
  'x-request-id' => '769a6194cc2a1092f36994409e4a471e',
  'upgrade-insecure-requests' => '1',
  'user-agent' => 'Mozilla/5.0 (Windows NT 6.1; WOW64) AppleWebKit/537.36 (KHTML, like Gecko) Chrome/61.0.3163.100 Safari/537.36',
  'x-forwarded-for' => '183.15.240.239',
  'x-real-ip' => '183.15.240.239',
  'x-edge-retry-times' => '-',
  'accept-language' => 'zh-CN,zh;q=0.8',
  'accept-encoding' => 'gzip',
  'cache-control' => 'max-age=0',
  'client-ip' => '183.15.240.239',
  'accept' => 'text/html,application/xhtml+xml,application/xml;q=0.9,image/webp,image/apng,*/*;q=0.8',
  'x-via' => 'shanks/0.8.12',
  'cookie' => 'pgv_pvi=7293854720',
  'host' => 'api.ullone.com',
  'content-type' => '',
  'content-length' => '',
)
[ info ] [ PARAM ] array (
)
[ info ] [ RUN ] app\index\controller\Index->index[ /webdata/api/application/index/controller/Index.php ]
[ info ] [ LOG ] INIT File
---------------------------------------------------------------
[ 2017-09-28T12:04:47+08:00 ] 104.238.148.249 157.119.232.7 GET /
[ info ] api.ullone.com/ [运行时间：0.002610s][吞吐率：383.15req/s] [内存消耗：346.25kb] [文件加载：26]
[ info ] [ LANG ] /webdata/api/thinkphp/lang/zh-cn.php
[ info ] [ ROUTE ] array (
  'type' => 'module',
  'module' => 
  array (
    0 => '',
    1 => NULL,
    2 => NULL,
  ),
)
[ info ] [ HEADER ] array (
  'x-request-id' => 'fec7d4864d1f6f12a6d013833f118ba1',
  'upgrade-insecure-requests' => '1',
  'user-agent' => 'Mozilla/5.0 (Windows NT 6.1; WOW64) AppleWebKit/537.36 (KHTML, like Gecko) Chrome/61.0.3163.100 Safari/537.36',
  'x-forwarded-for' => '183.15.240.239',
  'x-real-ip' => '183.15.240.239',
  'x-edge-retry-times' => '-',
  'accept-language' => 'zh-CN,zh;q=0.8',
  'accept-encoding' => 'gzip',
  'cache-control' => 'max-age=0',
  'client-ip' => '183.15.240.239',
  'accept' => 'text/html,application/xhtml+xml,application/xml;q=0.9,image/webp,image/apng,*/*;q=0.8',
  'x-via' => 'shanks/0.8.12',
  'cookie' => 'pgv_pvi=7293854720',
  'host' => 'api.ullone.com',
  'content-type' => '',
  'content-length' => '',
)
[ info ] [ PARAM ] array (
)
[ info ] [ RUN ] app\index\controller\Index->index[ /webdata/api/application/index/controller/Index.php ]
[ info ] [ LOG ] INIT File
---------------------------------------------------------------
[ 2017-09-28T12:08:02+08:00 ] 104.238.148.249 157.119.232.12 GET /
[ info ] api.ullone.com/ [运行时间：0.004258s][吞吐率：234.84req/s] [内存消耗：346.25kb] [文件加载：26]
[ info ] [ LANG ] /webdata/api/thinkphp/lang/zh-cn.php
[ info ] [ ROUTE ] array (
  'type' => 'module',
  'module' => 
  array (
    0 => '',
    1 => NULL,
    2 => NULL,
  ),
)
[ info ] [ HEADER ] array (
  'x-request-id' => '0676f3dcb238f161922109102ff8f894',
  'upgrade-insecure-requests' => '1',
  'user-agent' => 'Mozilla/5.0 (Windows NT 6.1; WOW64) AppleWebKit/537.36 (KHTML, like Gecko) Chrome/61.0.3163.100 Safari/537.36',
  'x-forwarded-for' => '183.15.240.239',
  'x-real-ip' => '183.15.240.239',
  'x-edge-retry-times' => '-',
  'accept-language' => 'zh-CN,zh;q=0.8',
  'accept-encoding' => 'gzip',
  'cache-control' => 'max-age=0',
  'client-ip' => '183.15.240.239',
  'accept' => 'text/html,application/xhtml+xml,application/xml;q=0.9,image/webp,image/apng,*/*;q=0.8',
  'x-via' => 'shanks/0.8.12',
  'cookie' => 'pgv_pvi=7293854720',
  'host' => 'api.ullone.com',
  'content-type' => '',
  'content-length' => '',
)
[ info ] [ PARAM ] array (
)
[ info ] [ RUN ] app\index\controller\Index->index[ /webdata/api/application/index/controller/Index.php ]
[ info ] [ LOG ] INIT File
---------------------------------------------------------------
[ 2017-09-28T12:08:04+08:00 ] 104.238.148.249 157.119.232.7 GET /
[ info ] api.ullone.com/ [运行时间：0.001939s][吞吐率：515.71req/s] [内存消耗：345.17kb] [文件加载：26]
[ info ] [ LANG ] /webdata/api/thinkphp/lang/zh-cn.php
[ info ] [ ROUTE ] array (
  'type' => 'module',
  'module' => 
  array (
    0 => '',
    1 => NULL,
    2 => NULL,
  ),
)
[ info ] [ HEADER ] array (
  'x-request-id' => 'ce58264968a6f5c80ed10a457f91ffab',
  'upgrade-insecure-requests' => '1',
  'user-agent' => 'Mozilla/5.0 (Windows NT 6.1; WOW64) AppleWebKit/537.36 (KHTML, like Gecko) Chrome/61.0.3163.100 Safari/537.36',
  'x-forwarded-for' => '183.15.240.239',
  'x-real-ip' => '183.15.240.239',
  'x-edge-retry-times' => '-',
  'accept-language' => 'zh-CN,zh;q=0.8',
  'accept-encoding' => 'gzip',
  'cache-control' => 'max-age=0',
  'client-ip' => '183.15.240.239',
  'accept' => 'text/html,application/xhtml+xml,application/xml;q=0.9,image/webp,image/apng,*/*;q=0.8',
  'x-via' => 'shanks/0.8.12',
  'cookie' => 'pgv_pvi=7293854720',
  'host' => 'api.ullone.com',
  'content-type' => '',
  'content-length' => '',
)
[ info ] [ PARAM ] array (
)
[ info ] [ RUN ] app\index\controller\Index->index[ /webdata/api/application/index/controller/Index.php ]
[ info ] [ LOG ] INIT File
---------------------------------------------------------------
[ 2017-09-28T12:08:06+08:00 ] 104.238.148.249 157.119.232.12 GET /
[ info ] api.ullone.com/ [运行时间：0.002092s][吞吐率：478.04req/s] [内存消耗：345.17kb] [文件加载：26]
[ info ] [ LANG ] /webdata/api/thinkphp/lang/zh-cn.php
[ info ] [ ROUTE ] array (
  'type' => 'module',
  'module' => 
  array (
    0 => '',
    1 => NULL,
    2 => NULL,
  ),
)
[ info ] [ HEADER ] array (
  'x-request-id' => 'fe31b00ae47bccf93927cb0822632bf9',
  'upgrade-insecure-requests' => '1',
  'user-agent' => 'Mozilla/5.0 (Windows NT 6.1; WOW64) AppleWebKit/537.36 (KHTML, like Gecko) Chrome/61.0.3163.100 Safari/537.36',
  'x-forwarded-for' => '183.15.240.239',
  'x-real-ip' => '183.15.240.239',
  'x-edge-retry-times' => '-',
  'accept-language' => 'zh-CN,zh;q=0.8',
  'accept-encoding' => 'gzip',
  'cache-control' => 'max-age=0',
  'client-ip' => '183.15.240.239',
  'accept' => 'text/html,application/xhtml+xml,application/xml;q=0.9,image/webp,image/apng,*/*;q=0.8',
  'x-via' => 'shanks/0.8.12',
  'cookie' => 'pgv_pvi=7293854720',
  'host' => 'api.ullone.com',
  'content-type' => '',
  'content-length' => '',
)
[ info ] [ PARAM ] array (
)
[ info ] [ RUN ] app\index\controller\Index->index[ /webdata/api/application/index/controller/Index.php ]
[ info ] [ LOG ] INIT File
---------------------------------------------------------------
[ 2017-09-28T12:08:10+08:00 ] 104.238.148.249 157.119.232.12 GET /
[ info ] api.ullone.com/ [运行时间：0.001792s][吞吐率：558.05req/s] [内存消耗：345.17kb] [文件加载：26]
[ info ] [ LANG ] /webdata/api/thinkphp/lang/zh-cn.php
[ info ] [ ROUTE ] array (
  'type' => 'module',
  'module' => 
  array (
    0 => '',
    1 => NULL,
    2 => NULL,
  ),
)
[ info ] [ HEADER ] array (
  'x-request-id' => 'b87df02ba065c93a533c4f9f4c46edc2',
  'upgrade-insecure-requests' => '1',
  'user-agent' => 'Mozilla/5.0 (Windows NT 6.1; WOW64) AppleWebKit/537.36 (KHTML, like Gecko) Chrome/61.0.3163.100 Safari/537.36',
  'x-forwarded-for' => '183.15.240.239',
  'x-real-ip' => '183.15.240.239',
  'x-edge-retry-times' => '-',
  'accept-language' => 'zh-CN,zh;q=0.8',
  'accept-encoding' => 'gzip',
  'cache-control' => 'max-age=0',
  'client-ip' => '183.15.240.239',
  'accept' => 'text/html,application/xhtml+xml,application/xml;q=0.9,image/webp,image/apng,*/*;q=0.8',
  'x-via' => 'shanks/0.8.12',
  'cookie' => 'pgv_pvi=7293854720',
  'host' => 'api.ullone.com',
  'content-type' => '',
  'content-length' => '',
)
[ info ] [ PARAM ] array (
)
[ info ] [ RUN ] app\index\controller\Index->index[ /webdata/api/application/index/controller/Index.php ]
[ info ] [ LOG ] INIT File
---------------------------------------------------------------
[ 2017-09-28T12:08:34+08:00 ] 104.238.148.249 157.119.232.11 GET /
[ info ] api.ullone.com/ [运行时间：0.001896s][吞吐率：527.39req/s] [内存消耗：554.25kb] [文件加载：26]
[ info ] [ LANG ] /webdata/api/thinkphp/lang/zh-cn.php
[ info ] [ ROUTE ] array (
  'type' => 'module',
  'module' => 
  array (
    0 => '',
    1 => NULL,
    2 => NULL,
  ),
)
[ info ] [ HEADER ] array (
  'x-request-id' => 'c1db4085f2dbbc75dda74848fbfb65cc',
  'upgrade-insecure-requests' => '1',
  'user-agent' => 'Mozilla/5.0 (Windows NT 6.1; WOW64) AppleWebKit/537.36 (KHTML, like Gecko) Chrome/61.0.3163.100 Safari/537.36',
  'x-forwarded-for' => '183.15.240.239',
  'x-real-ip' => '183.15.240.239',
  'x-edge-retry-times' => '-',
  'accept-language' => 'zh-CN,zh;q=0.8',
  'accept-encoding' => 'gzip',
  'cache-control' => 'max-age=0',
  'client-ip' => '183.15.240.239',
  'accept' => 'text/html,application/xhtml+xml,application/xml;q=0.9,image/webp,image/apng,*/*;q=0.8',
  'x-via' => 'shanks/0.8.12',
  'cookie' => 'pgv_pvi=7293854720',
  'host' => 'api.ullone.com',
  'content-type' => '',
  'content-length' => '',
)
[ info ] [ PARAM ] array (
)
[ info ] [ RUN ] app\index\controller\Index->index[ /webdata/api/application/index/controller/Index.php ]
[ info ] [ LOG ] INIT File
---------------------------------------------------------------
[ 2017-09-28T15:06:06+08:00 ] 104.238.148.249 157.119.232.10 GET /
[ info ] api.ullone.com/ [运行时间：1.865907s][吞吐率：0.54req/s] [内存消耗：180.41kb] [文件加载：26]
[ info ] [ LANG ] /webdata/api/thinkphp/lang/zh-cn.php
[ info ] [ ROUTE ] array (
  'type' => 'module',
  'module' => 
  array (
    0 => '',
    1 => NULL,
    2 => NULL,
  ),
)
[ info ] [ HEADER ] array (
  'x-request-id' => 'ce47c119e33c540061a74dcc8b6e8e37',
  'upgrade-insecure-requests' => '1',
  'user-agent' => 'Mozilla/5.0 (Windows NT 6.1; WOW64) AppleWebKit/537.36 (KHTML, like Gecko) Chrome/61.0.3163.100 Safari/537.36',
  'x-forwarded-for' => '183.15.240.239',
  'x-real-ip' => '183.15.240.239',
  'x-edge-retry-times' => '-',
  'accept-language' => 'zh-CN,zh;q=0.8',
  'accept-encoding' => 'gzip',
  'cache-control' => 'max-age=0',
  'client-ip' => '183.15.240.239',
  'accept' => 'text/html,application/xhtml+xml,application/xml;q=0.9,image/webp,image/apng,*/*;q=0.8',
  'x-via' => 'shanks/0.8.13',
  'cookie' => 'pgv_pvi=7293854720',
  'host' => 'api.ullone.com',
  'content-type' => '',
  'content-length' => '',
)
[ info ] [ PARAM ] array (
)
[ info ] [ RUN ] app\index\controller\Index->index[ /webdata/api/application/index/controller/Index.php ]
[ info ] [ LOG ] INIT File
---------------------------------------------------------------
[ 2017-09-28T15:07:19+08:00 ] 104.238.148.249 157.119.232.10 GET /
[ info ] api.ullone.com/ [运行时间：0.814336s][吞吐率：1.23req/s] [内存消耗：172.41kb] [文件加载：26]
[ info ] [ LANG ] /webdata/api/thinkphp/lang/zh-cn.php
[ info ] [ ROUTE ] array (
  'type' => 'module',
  'module' => 
  array (
    0 => '',
    1 => NULL,
    2 => NULL,
  ),
)
[ info ] [ HEADER ] array (
  'x-request-id' => 'ede7292c171170cde76f0910bfeb1cd0',
  'upgrade-insecure-requests' => '1',
  'user-agent' => 'Mozilla/5.0 (Windows NT 6.1; WOW64) AppleWebKit/537.36 (KHTML, like Gecko) Chrome/61.0.3163.100 Safari/537.36',
  'x-forwarded-for' => '183.15.240.239',
  'x-real-ip' => '183.15.240.239',
  'x-edge-retry-times' => '-',
  'accept-language' => 'zh-CN,zh;q=0.8',
  'accept-encoding' => 'gzip',
  'cache-control' => 'max-age=0',
  'client-ip' => '183.15.240.239',
  'accept' => 'text/html,application/xhtml+xml,application/xml;q=0.9,image/webp,image/apng,*/*;q=0.8',
  'x-via' => 'shanks/0.8.13',
  'cookie' => 'pgv_pvi=7293854720',
  'host' => 'api.ullone.com',
  'content-type' => '',
  'content-length' => '',
)
[ info ] [ PARAM ] array (
)
[ info ] [ RUN ] app\index\controller\Index->index[ /webdata/api/application/index/controller/Index.php ]
[ info ] [ LOG ] INIT File
