---------------------------------------------------------------
[ 2017-09-30T09:52:05+08:00 ] 104.238.148.249 157.119.232.9 POST /
[ info ] api.ullone.com/ [运行时间：1.754125s][吞吐率：0.57req/s] [内存消耗：696.62kb] [文件加载：26]
[ info ] [ LANG ] /webdata/api/thinkphp/lang/zh-cn.php
[ info ] [ ROUTE ] array (
  'type' => 'module',
  'module' => 
  array (
    0 => '',
    1 => NULL,
    2 => NULL,
  ),
)
[ info ] [ HEADER ] array (
  'x-request-id' => '6cd95596c0d8b438d02cbb0057ddbd30',
  'x-edge-retry-times' => '-',
  'user-agent' => 'MicroMessenger/6.5.13.1100 NetType/WIFI Language/zh_CN',
  'x-forwarded-for' => '183.15.245.250',
  'x-real-ip' => '183.15.245.250',
  'client-ip' => '183.15.245.250',
  'content-length' => '6371',
  'accept-encoding' => 'gzip',
  'referer' => 'https://servicewechat.com/wx61c00f82c85f0036/0/page-frame.html',
  'content-type' => 'multipart/form-data; boundary=1506736322908',
  'accept' => '*/*',
  'x-via' => 'shanks/0.8.13',
  'host' => 'api.ullone.com',
)
[ info ] [ PARAM ] array (
)
[ info ] [ RUN ] app\index\controller\Index->index[ /webdata/api/application/index/controller/Index.php ]
[ info ] [ LOG ] INIT File
---------------------------------------------------------------
[ 2017-09-30T10:15:35+08:00 ] 104.238.148.249 157.119.232.10 GET /index/Comprehension
[ info ] api.ullone.com/index/Comprehension [运行时间：1.784437s][吞吐率：0.56req/s] [内存消耗：156.81kb] [文件加载：25]
[ info ] [ LANG ] /webdata/api/thinkphp/lang/zh-cn.php
[ info ] [ ROUTE ] array (
  'type' => 'module',
  'module' => 
  array (
    0 => 'index',
    1 => 'Comprehension',
    2 => NULL,
  ),
)
[ info ] [ HEADER ] array (
  'x-request-id' => '7974d2b7b67ded0258a0589fd659c7de',
  'upgrade-insecure-requests' => '1',
  'user-agent' => 'Mozilla/5.0 (Windows NT 6.1; WOW64) AppleWebKit/537.36 (KHTML, like Gecko) Chrome/61.0.3163.100 Safari/537.36',
  'x-forwarded-for' => '183.15.245.250',
  'x-real-ip' => '183.15.245.250',
  'x-edge-retry-times' => '-',
  'accept-language' => 'zh-CN,zh;q=0.8',
  'accept-encoding' => 'gzip',
  'client-ip' => '183.15.245.250',
  'accept' => 'text/html,application/xhtml+xml,application/xml;q=0.9,image/webp,image/apng,*/*;q=0.8',
  'x-via' => 'shanks/0.8.13',
  'cookie' => 'pgv_pvi=7293854720',
  'host' => 'api.ullone.com',
  'content-type' => '',
  'content-length' => '',
)
[ info ] [ PARAM ] array (
)
[ info ] [ RUN ] app\index\controller\Comprehension->index[ /webdata/api/application/index/controller/Comprehension.php ]
[ info ] [ LOG ] INIT File
---------------------------------------------------------------
[ 2017-09-30T10:30:10+08:00 ] 104.238.148.249 157.119.232.13 POST /
[ info ] api.ullone.com/ [运行时间：1.341443s][吞吐率：0.75req/s] [内存消耗：609.19kb] [文件加载：27]
[ info ] [ LANG ] /webdata/api/thinkphp/lang/zh-cn.php
[ info ] [ ROUTE ] array (
  'type' => 'module',
  'module' => 
  array (
    0 => '',
    1 => NULL,
    2 => NULL,
  ),
)
[ info ] [ HEADER ] array (
  'x-request-id' => 'b90d993d933427c707475c085aa73047',
  'x-edge-retry-times' => '-',
  'user-agent' => 'MicroMessenger/6.5.13.1100 NetType/WIFI Language/zh_CN',
  'x-forwarded-for' => '183.15.245.250',
  'x-real-ip' => '183.15.245.250',
  'client-ip' => '183.15.245.250',
  'content-length' => '5823',
  'accept-encoding' => 'gzip',
  'referer' => 'https://servicewechat.com/wx61c00f82c85f0036/0/page-frame.html',
  'content-type' => 'multipart/form-data; boundary=1506738607769',
  'accept' => '*/*',
  'x-via' => 'shanks/0.8.13',
  'host' => 'api.ullone.com',
)
[ info ] [ PARAM ] array (
)
[ info ] [ RUN ] app\index\controller\Index->index[ /webdata/api/application/index/controller/Index.php ]
[ info ] [ LOG ] INIT File
---------------------------------------------------------------
[ 2017-09-30T10:33:16+08:00 ] 104.238.148.249 157.119.232.5 POST /
[ info ] api.ullone.com/ [运行时间：1.284429s][吞吐率：0.78req/s] [内存消耗：469.05kb] [文件加载：28]
[ info ] [ LANG ] /webdata/api/thinkphp/lang/zh-cn.php
[ info ] [ ROUTE ] array (
  'type' => 'module',
  'module' => 
  array (
    0 => '',
    1 => NULL,
    2 => NULL,
  ),
)
[ info ] [ HEADER ] array (
  'x-request-id' => 'f61dbdc729cb207cbedfed9286cdfd12',
  'x-edge-retry-times' => '-',
  'user-agent' => 'MicroMessenger/6.5.13.1100 NetType/WIFI Language/zh_CN',
  'x-forwarded-for' => '183.15.245.250',
  'x-real-ip' => '183.15.245.250',
  'client-ip' => '183.15.245.250',
  'content-length' => '4931',
  'accept-encoding' => 'gzip',
  'referer' => 'https://servicewechat.com/wx61c00f82c85f0036/0/page-frame.html',
  'content-type' => 'multipart/form-data; boundary=1506738794290',
  'accept' => '*/*',
  'x-via' => 'shanks/0.8.13',
  'host' => 'api.ullone.com',
)
[ info ] [ PARAM ] array (
)
[ info ] [ RUN ] app\index\controller\Index->index[ /webdata/api/application/index/controller/Index.php ]
[ info ] [ LOG ] INIT File
---------------------------------------------------------------
[ 2017-09-30T11:18:00+08:00 ] 104.238.148.249 157.119.232.12 GET /static/img/voice.png
[ info ] api.ullone.com/static/img/voice.png [运行时间：0.007607s][吞吐率：131.46req/s] [内存消耗：135.52kb] [文件加载：29]
[ info ] [ LANG ] /webdata/api/thinkphp/lang/zh-cn.php
[ info ] [ ROUTE ] array (
  'type' => 'module',
  'module' => 
  array (
    0 => 'static',
    1 => 'img',
    2 => 'voice.png',
  ),
)
[ info ] [ HEADER ] array (
  'x-request-id' => '8dfaed7de7b99405054b2c238b9ef1be',
  'x-forwarded-for' => '183.15.245.250',
  'user-agent' => 'Mozilla/5.0 (iPhone; CPU iPhone OS 9_1 like Mac OS X) AppleWebKit/601.1.46 (KHTML, like Gecko) Version/9.0 Mobile/13B143 Safari/601.1 wechatdevtools/1.01.170913 MicroMessenger/6.5.7 Language/zh_CN webview/20port/9974',
  'x-edge-retry-times' => '-',
  'x-real-ip' => '183.15.245.250',
  'accept-encoding' => 'gzip',
  'referer' => 'https://servicewechat.com/wx61c00f82c85f0036/devtools/page-frame.html',
  'client-ip' => '183.15.245.250',
  'accept' => 'image/webp,image/apng,image/*,*/*;q=0.8',
  'x-via' => 'shanks/0.8.13',
  'host' => 'api.ullone.com',
  'content-type' => '',
  'content-length' => '',
)
[ info ] [ PARAM ] array (
)
[ info ] [ LOG ] INIT File
---------------------------------------------------------------
[ 2017-09-30T11:34:44+08:00 ] 104.238.148.249 157.119.232.7 GET /static/voice.png
[ info ] api.ullone.com/static/voice.png [运行时间：0.004149s][吞吐率：241.02req/s] [内存消耗：135.07kb] [文件加载：29]
[ info ] [ LANG ] /webdata/api/thinkphp/lang/zh-cn.php
[ info ] [ ROUTE ] array (
  'type' => 'module',
  'module' => 
  array (
    0 => 'static',
    1 => 'voice.png',
    2 => NULL,
  ),
)
[ info ] [ HEADER ] array (
  'x-request-id' => '3727189567d2c0c278d36cc388d19421',
  'upgrade-insecure-requests' => '1',
  'user-agent' => 'Mozilla/5.0 (Windows NT 6.1; WOW64) AppleWebKit/537.36 (KHTML, like Gecko) Chrome/61.0.3163.100 Safari/537.36',
  'x-forwarded-for' => '183.15.245.250',
  'x-real-ip' => '183.15.245.250',
  'x-edge-retry-times' => '-',
  'accept-language' => 'zh-CN,zh;q=0.8',
  'accept-encoding' => 'gzip',
  'client-ip' => '183.15.245.250',
  'accept' => 'text/html,application/xhtml+xml,application/xml;q=0.9,image/webp,image/apng,*/*;q=0.8',
  'x-via' => 'shanks/0.8.13',
  'cookie' => 'pgv_pvi=7293854720',
  'host' => 'api.ullone.com',
  'content-type' => '',
  'content-length' => '',
)
[ info ] [ PARAM ] array (
)
[ info ] [ LOG ] INIT File
---------------------------------------------------------------
[ 2017-09-30T11:34:56+08:00 ] 104.238.148.249 157.119.232.5 GET /static/img/voice.png
[ info ] api.ullone.com/static/img/voice.png [运行时间：0.003180s][吞吐率：314.46req/s] [内存消耗：135.11kb] [文件加载：29]
[ info ] [ LANG ] /webdata/api/thinkphp/lang/zh-cn.php
[ info ] [ ROUTE ] array (
  'type' => 'module',
  'module' => 
  array (
    0 => 'static',
    1 => 'img',
    2 => 'voice.png',
  ),
)
[ info ] [ HEADER ] array (
  'x-request-id' => '489629a2cfe27b44f680b8ec03abfacf',
  'upgrade-insecure-requests' => '1',
  'user-agent' => 'Mozilla/5.0 (Windows NT 6.1; WOW64) AppleWebKit/537.36 (KHTML, like Gecko) Chrome/61.0.3163.100 Safari/537.36',
  'x-forwarded-for' => '183.15.245.250',
  'x-real-ip' => '183.15.245.250',
  'x-edge-retry-times' => '-',
  'accept-language' => 'zh-CN,zh;q=0.8',
  'accept-encoding' => 'gzip',
  'client-ip' => '183.15.245.250',
  'accept' => 'text/html,application/xhtml+xml,application/xml;q=0.9,image/webp,image/apng,*/*;q=0.8',
  'x-via' => 'shanks/0.8.13',
  'cookie' => 'pgv_pvi=7293854720',
  'host' => 'api.ullone.com',
  'content-type' => '',
  'content-length' => '',
)
[ info ] [ PARAM ] array (
)
[ info ] [ LOG ] INIT File
---------------------------------------------------------------
[ 2017-09-30T11:38:37+08:00 ] 104.238.148.249 157.119.232.10 GET /static/img/a.png
[ info ] api.ullone.com/static/img/a.png [运行时间：0.004964s][吞吐率：201.46req/s] [内存消耗：135.50kb] [文件加载：29]
[ info ] [ LANG ] /webdata/api/thinkphp/lang/zh-cn.php
[ info ] [ ROUTE ] array (
  'type' => 'module',
  'module' => 
  array (
    0 => 'static',
    1 => 'img',
    2 => 'a.png',
  ),
)
[ info ] [ HEADER ] array (
  'x-request-id' => '818c0b0f7ad28245a8c956f02b9d4e55',
  'x-forwarded-for' => '183.15.245.250',
  'user-agent' => 'Mozilla/5.0 (iPhone; CPU iPhone OS 9_1 like Mac OS X) AppleWebKit/601.1.46 (KHTML, like Gecko) Version/9.0 Mobile/13B143 Safari/601.1 wechatdevtools/1.01.170913 MicroMessenger/6.5.7 Language/zh_CN webview/28port/9974',
  'x-edge-retry-times' => '-',
  'x-real-ip' => '183.15.245.250',
  'accept-encoding' => 'gzip',
  'referer' => 'https://servicewechat.com/wx61c00f82c85f0036/devtools/page-frame.html',
  'client-ip' => '183.15.245.250',
  'accept' => 'image/webp,image/apng,image/*,*/*;q=0.8',
  'x-via' => 'shanks/0.8.13',
  'host' => 'api.ullone.com',
  'content-type' => '',
  'content-length' => '',
)
[ info ] [ PARAM ] array (
)
[ info ] [ LOG ] INIT File
---------------------------------------------------------------
[ 2017-09-30T11:38:42+08:00 ] 104.238.148.249 157.119.232.12 GET /static/img/a.png
[ info ] api.ullone.com/static/img/a.png [运行时间：0.002546s][吞吐率：392.80req/s] [内存消耗：135.50kb] [文件加载：29]
[ info ] [ LANG ] /webdata/api/thinkphp/lang/zh-cn.php
[ info ] [ ROUTE ] array (
  'type' => 'module',
  'module' => 
  array (
    0 => 'static',
    1 => 'img',
    2 => 'a.png',
  ),
)
[ info ] [ HEADER ] array (
  'x-request-id' => '9a4b5e4b4974023bb85bf4b13686498b',
  'x-forwarded-for' => '183.15.245.250',
  'user-agent' => 'Mozilla/5.0 (iPhone; CPU iPhone OS 9_1 like Mac OS X) AppleWebKit/601.1.46 (KHTML, like Gecko) Version/9.0 Mobile/13B143 Safari/601.1 wechatdevtools/1.01.170913 MicroMessenger/6.5.7 Language/zh_CN webview/29port/9974',
  'x-edge-retry-times' => '-',
  'x-real-ip' => '183.15.245.250',
  'accept-encoding' => 'gzip',
  'referer' => 'https://servicewechat.com/wx61c00f82c85f0036/devtools/page-frame.html',
  'client-ip' => '183.15.245.250',
  'accept' => 'image/webp,image/apng,image/*,*/*;q=0.8',
  'x-via' => 'shanks/0.8.13',
  'host' => 'api.ullone.com',
  'content-type' => '',
  'content-length' => '',
)
[ info ] [ PARAM ] array (
)
[ info ] [ LOG ] INIT File
---------------------------------------------------------------
[ 2017-09-30T11:46:28+08:00 ] 104.238.148.249 157.119.232.11 GET /static/img/voice.png
[ info ] api.ullone.com/static/img/voice.png [运行时间：0.004166s][吞吐率：240.03req/s] [内存消耗：135.65kb] [文件加载：29]
[ info ] [ LANG ] /webdata/api/thinkphp/lang/zh-cn.php
[ info ] [ ROUTE ] array (
  'type' => 'module',
  'module' => 
  array (
    0 => 'static',
    1 => 'img',
    2 => 'voice.png',
  ),
)
[ info ] [ HEADER ] array (
  'x-request-id' => 'fddc45bbaa99a82de9f0230c3c32a2b8',
  'upgrade-insecure-requests' => '1',
  'user-agent' => 'Mozilla/5.0 (Windows NT 6.1; WOW64) AppleWebKit/537.36 (KHTML, like Gecko) Chrome/61.0.3163.100 Safari/537.36',
  'x-forwarded-for' => '183.15.245.250',
  'x-real-ip' => '183.15.245.250',
  'x-edge-retry-times' => '-',
  'accept-language' => 'zh-CN,zh;q=0.8',
  'accept-encoding' => 'gzip',
  'cache-control' => 'max-age=0',
  'client-ip' => '183.15.245.250',
  'accept' => 'text/html,application/xhtml+xml,application/xml;q=0.9,image/webp,image/apng,*/*;q=0.8',
  'x-via' => 'shanks/0.8.13',
  'cookie' => 'pgv_pvi=7293854720',
  'host' => 'api.ullone.com',
  'content-type' => '',
  'content-length' => '',
)
[ info ] [ PARAM ] array (
)
[ info ] [ LOG ] INIT File
---------------------------------------------------------------
[ 2017-09-30T11:50:37+08:00 ] 104.238.148.249 157.119.232.11 GET /static/img/voice1.png
[ info ] api.ullone.com/static/img/voice1.png [运行时间：0.004098s][吞吐率：244.03req/s] [内存消耗：135.52kb] [文件加载：29]
[ info ] [ LANG ] /webdata/api/thinkphp/lang/zh-cn.php
[ info ] [ ROUTE ] array (
  'type' => 'module',
  'module' => 
  array (
    0 => 'static',
    1 => 'img',
    2 => 'voice1.png',
  ),
)
[ info ] [ HEADER ] array (
  'x-request-id' => 'a2d0e2428a6547a5d2289d865ba838b9',
  'x-forwarded-for' => '183.15.245.250',
  'user-agent' => 'Mozilla/5.0 (iPhone; CPU iPhone OS 9_1 like Mac OS X) AppleWebKit/601.1.46 (KHTML, like Gecko) Version/9.0 Mobile/13B143 Safari/601.1 wechatdevtools/1.01.170913 MicroMessenger/6.5.7 Language/zh_CN webview/1port/9974',
  'x-edge-retry-times' => '-',
  'x-real-ip' => '183.15.245.250',
  'accept-encoding' => 'gzip',
  'referer' => 'https://servicewechat.com/wx61c00f82c85f0036/devtools/page-frame.html',
  'client-ip' => '183.15.245.250',
  'accept' => 'image/webp,image/apng,image/*,*/*;q=0.8',
  'x-via' => 'shanks/0.8.13',
  'host' => 'api.ullone.com',
  'content-type' => '',
  'content-length' => '',
)
[ info ] [ PARAM ] array (
)
[ info ] [ LOG ] INIT File
---------------------------------------------------------------
[ 2017-09-30T11:50:48+08:00 ] 104.238.148.249 157.119.232.6 GET /static/img/voice1.png
[ info ] api.ullone.com/static/img/voice1.png [运行时间：0.003206s][吞吐率：311.91req/s] [内存消耗：135.52kb] [文件加载：29]
[ info ] [ LANG ] /webdata/api/thinkphp/lang/zh-cn.php
[ info ] [ ROUTE ] array (
  'type' => 'module',
  'module' => 
  array (
    0 => 'static',
    1 => 'img',
    2 => 'voice1.png',
  ),
)
[ info ] [ HEADER ] array (
  'x-request-id' => '9db6f4f8533fa6990e61e626d5dc7a22',
  'x-forwarded-for' => '183.15.245.250',
  'user-agent' => 'Mozilla/5.0 (iPhone; CPU iPhone OS 9_1 like Mac OS X) AppleWebKit/601.1.46 (KHTML, like Gecko) Version/9.0 Mobile/13B143 Safari/601.1 wechatdevtools/1.01.170913 MicroMessenger/6.5.7 Language/zh_CN webview/3port/9974',
  'x-edge-retry-times' => '-',
  'x-real-ip' => '183.15.245.250',
  'accept-encoding' => 'gzip',
  'referer' => 'https://servicewechat.com/wx61c00f82c85f0036/devtools/page-frame.html',
  'client-ip' => '183.15.245.250',
  'accept' => 'image/webp,image/apng,image/*,*/*;q=0.8',
  'x-via' => 'shanks/0.8.13',
  'host' => 'api.ullone.com',
  'content-type' => '',
  'content-length' => '',
)
[ info ] [ PARAM ] array (
)
[ info ] [ LOG ] INIT File
---------------------------------------------------------------
[ 2017-09-30T11:55:38+08:00 ] 104.238.148.249 157.119.232.6 POST /
[ info ] api.ullone.com/ [运行时间：2.689543s][吞吐率：0.37req/s] [内存消耗：608.11kb] [文件加载：27]
[ info ] [ LANG ] /webdata/api/thinkphp/lang/zh-cn.php
[ info ] [ ROUTE ] array (
  'type' => 'module',
  'module' => 
  array (
    0 => '',
    1 => NULL,
    2 => NULL,
  ),
)
[ info ] [ HEADER ] array (
  'x-request-id' => '94becfaa5be513ae96d5a470a07f80b1',
  'x-edge-retry-times' => '-',
  'user-agent' => 'MicroMessenger/6.5.13.1100 NetType/WIFI Language/zh_CN',
  'x-forwarded-for' => '183.15.245.250',
  'x-real-ip' => '183.15.245.250',
  'client-ip' => '183.15.245.250',
  'content-length' => '5332',
  'accept-encoding' => 'gzip',
  'referer' => 'https://servicewechat.com/wx61c00f82c85f0036/0/page-frame.html',
  'content-type' => 'multipart/form-data; boundary=1506743734785',
  'accept' => '*/*',
  'x-via' => 'shanks/0.8.13',
  'host' => 'api.ullone.com',
)
[ info ] [ PARAM ] array (
)
[ info ] [ RUN ] app\index\controller\Index->index[ /webdata/api/application/index/controller/Index.php ]
[ info ] [ LOG ] INIT File
---------------------------------------------------------------
[ 2017-09-30T11:56:00+08:00 ] 104.238.148.249 157.119.232.12 POST /
[ info ] api.ullone.com/ [运行时间：0.828503s][吞吐率：1.21req/s] [内存消耗：408.11kb] [文件加载：27]
[ info ] [ LANG ] /webdata/api/thinkphp/lang/zh-cn.php
[ info ] [ ROUTE ] array (
  'type' => 'module',
  'module' => 
  array (
    0 => '',
    1 => NULL,
    2 => NULL,
  ),
)
[ info ] [ HEADER ] array (
  'x-request-id' => '27f9d173575565eccc89d102db56c072',
  'x-edge-retry-times' => '-',
  'user-agent' => 'MicroMessenger/6.5.13.1100 NetType/WIFI Language/zh_CN',
  'x-forwarded-for' => '183.15.245.250',
  'x-real-ip' => '183.15.245.250',
  'client-ip' => '183.15.245.250',
  'content-length' => '3243',
  'accept-encoding' => 'gzip',
  'referer' => 'https://servicewechat.com/wx61c00f82c85f0036/0/page-frame.html',
  'content-type' => 'multipart/form-data; boundary=1506743759169',
  'accept' => '*/*',
  'x-via' => 'shanks/0.8.13',
  'host' => 'api.ullone.com',
)
[ info ] [ PARAM ] array (
)
[ info ] [ RUN ] app\index\controller\Index->index[ /webdata/api/application/index/controller/Index.php ]
[ info ] [ LOG ] INIT File
---------------------------------------------------------------
[ 2017-09-30T12:05:55+08:00 ] 104.238.148.249 157.119.232.9 POST /
[ info ] api.ullone.com/ [运行时间：1.779183s][吞吐率：0.56req/s] [内存消耗：479.95kb] [文件加载：28]
[ info ] [ LANG ] /webdata/api/thinkphp/lang/zh-cn.php
[ info ] [ ROUTE ] array (
  'type' => 'module',
  'module' => 
  array (
    0 => '',
    1 => NULL,
    2 => NULL,
  ),
)
[ info ] [ HEADER ] array (
  'x-request-id' => '5aef637de2c0758a10a48cd6757fd159',
  'x-edge-retry-times' => '-',
  'user-agent' => 'MicroMessenger/6.5.13.1100 NetType/WIFI Language/zh_CN',
  'x-forwarded-for' => '183.15.245.250',
  'x-real-ip' => '183.15.245.250',
  'client-ip' => '183.15.245.250',
  'content-length' => '4721',
  'accept-encoding' => 'gzip',
  'referer' => 'https://servicewechat.com/wx61c00f82c85f0036/0/page-frame.html',
  'content-type' => 'multipart/form-data; boundary=1506744352744',
  'accept' => '*/*',
  'x-via' => 'shanks/0.8.13',
  'host' => 'api.ullone.com',
)
[ info ] [ PARAM ] array (
)
[ info ] [ RUN ] app\index\controller\Index->index[ /webdata/api/application/index/controller/Index.php ]
[ info ] [ LOG ] INIT File
---------------------------------------------------------------
[ 2017-09-30T12:07:07+08:00 ] 104.238.148.249 157.119.232.7 POST /
[ info ] api.ullone.com/ [运行时间：1.232064s][吞吐率：0.81req/s] [内存消耗：511.95kb] [文件加载：28]
[ info ] [ LANG ] /webdata/api/thinkphp/lang/zh-cn.php
[ info ] [ ROUTE ] array (
  'type' => 'module',
  'module' => 
  array (
    0 => '',
    1 => NULL,
    2 => NULL,
  ),
)
[ info ] [ HEADER ] array (
  'x-request-id' => 'a471fcaa3a841dc7e89a3aa5ea665785',
  'x-edge-retry-times' => '-',
  'user-agent' => 'MicroMessenger/6.5.13.1100 NetType/WIFI Language/zh_CN',
  'x-forwarded-for' => '183.15.245.250',
  'x-real-ip' => '183.15.245.250',
  'client-ip' => '183.15.245.250',
  'content-length' => '5563',
  'accept-encoding' => 'gzip',
  'referer' => 'https://servicewechat.com/wx61c00f82c85f0036/0/page-frame.html',
  'content-type' => 'multipart/form-data; boundary=1506744425178',
  'accept' => '*/*',
  'x-via' => 'shanks/0.8.13',
  'host' => 'api.ullone.com',
)
[ info ] [ PARAM ] array (
)
[ info ] [ RUN ] app\index\controller\Index->index[ /webdata/api/application/index/controller/Index.php ]
[ info ] [ LOG ] INIT File
---------------------------------------------------------------
[ 2017-09-30T12:07:24+08:00 ] 104.238.148.249 157.119.232.12 POST /
[ info ] api.ullone.com/ [运行时间：1.162285s][吞吐率：0.86req/s] [内存消耗：390.32kb] [文件加载：28]
[ info ] [ LANG ] /webdata/api/thinkphp/lang/zh-cn.php
[ info ] [ ROUTE ] array (
  'type' => 'module',
  'module' => 
  array (
    0 => '',
    1 => NULL,
    2 => NULL,
  ),
)
[ info ] [ HEADER ] array (
  'x-request-id' => '51912c0b21880347d94135882b2ac7cb',
  'x-edge-retry-times' => '-',
  'user-agent' => 'MicroMessenger/6.5.13.1100 NetType/WIFI Language/zh_CN',
  'x-forwarded-for' => '183.15.245.250',
  'x-real-ip' => '183.15.245.250',
  'client-ip' => '183.15.245.250',
  'content-length' => '3817',
  'accept-encoding' => 'gzip',
  'referer' => 'https://servicewechat.com/wx61c00f82c85f0036/0/page-frame.html',
  'content-type' => 'multipart/form-data; boundary=1506744442386',
  'accept' => '*/*',
  'x-via' => 'shanks/0.8.13',
  'host' => 'api.ullone.com',
)
[ info ] [ PARAM ] array (
)
[ info ] [ RUN ] app\index\controller\Index->index[ /webdata/api/application/index/controller/Index.php ]
[ info ] [ LOG ] INIT File
