---------------------------------------------------------------
[ 2017-10-11T11:12:22+08:00 ] 104.238.148.249 157.119.232.8 POST /
[ info ] api.ullone.com/ [运行时间：1.033318s][吞吐率：0.97req/s] [内存消耗：146.13kb] [文件加载：27]
[ info ] [ LANG ] /webdata/api/thinkphp/lang/zh-cn.php
[ info ] [ ROUTE ] array (
  'type' => 'module',
  'module' => 
  array (
    0 => '',
    1 => NULL,
    2 => NULL,
  ),
)
[ info ] [ HEADER ] array (
  'x-request-id' => '250bb0aacdc90763bcf5e24f05da0e7e',
  'x-edge-retry-times' => '-',
  'user-agent' => 'shanks/0.8.14',
  'x-forwarded-for' => '183.15.243.254',
  'x-real-ip' => '183.15.243.254',
  'client-ip' => '183.15.243.254',
  'content-length' => '64926',
  'accept-encoding' => 'gzip',
  'referer' => 'https://servicewechat.com/touristappid/devtools/page-frame.html',
  'content-type' => 'multipart/form-data; boundary=--------------------------233701164355589701827391',
  'accept' => '*/*',
  'x-via' => 'shanks/0.8.14',
  'host' => 'api.ullone.com',
)
[ info ] [ PARAM ] array (
)
[ info ] [ RUN ] app\index\controller\Index->index[ /webdata/api/application/index/controller/Index.php ]
[ info ] [ LOG ] INIT File
---------------------------------------------------------------
[ 2017-10-11T11:29:59+08:00 ] 104.238.148.249 157.119.232.9 POST /
[ info ] api.ullone.com/ [运行时间：1.020000s][吞吐率：0.98req/s] [内存消耗：146.13kb] [文件加载：27]
[ info ] [ LANG ] /webdata/api/thinkphp/lang/zh-cn.php
[ info ] [ ROUTE ] array (
  'type' => 'module',
  'module' => 
  array (
    0 => '',
    1 => NULL,
    2 => NULL,
  ),
)
[ info ] [ HEADER ] array (
  'x-request-id' => '476f17a07ace8fab9ec8f8ea2448154f',
  'x-edge-retry-times' => '-',
  'user-agent' => 'shanks/0.8.14',
  'x-forwarded-for' => '183.15.243.254',
  'x-real-ip' => '183.15.243.254',
  'client-ip' => '183.15.243.254',
  'content-length' => '2094',
  'accept-encoding' => 'gzip',
  'referer' => 'https://servicewechat.com/touristappid/devtools/page-frame.html',
  'content-type' => 'multipart/form-data; boundary=--------------------------743390194203814382699787',
  'accept' => '*/*',
  'x-via' => 'shanks/0.8.14',
  'host' => 'api.ullone.com',
)
[ info ] [ PARAM ] array (
)
[ info ] [ RUN ] app\index\controller\Index->index[ /webdata/api/application/index/controller/Index.php ]
[ info ] [ LOG ] INIT File
---------------------------------------------------------------
[ 2017-10-11T11:30:02+08:00 ] 104.238.148.249 157.119.232.8 POST /
[ info ] api.ullone.com/ [运行时间：1.017061s][吞吐率：0.98req/s] [内存消耗：146.13kb] [文件加载：27]
[ info ] [ LANG ] /webdata/api/thinkphp/lang/zh-cn.php
[ info ] [ ROUTE ] array (
  'type' => 'module',
  'module' => 
  array (
    0 => '',
    1 => NULL,
    2 => NULL,
  ),
)
[ info ] [ HEADER ] array (
  'x-request-id' => '06c1db310bc75751520b37e0e90ad3a6',
  'x-edge-retry-times' => '-',
  'user-agent' => 'shanks/0.8.14',
  'x-forwarded-for' => '183.15.243.254',
  'x-real-ip' => '183.15.243.254',
  'client-ip' => '183.15.243.254',
  'content-length' => '14678',
  'accept-encoding' => 'gzip',
  'referer' => 'https://servicewechat.com/touristappid/devtools/page-frame.html',
  'content-type' => 'multipart/form-data; boundary=--------------------------015570690560216393641948',
  'accept' => '*/*',
  'x-via' => 'shanks/0.8.14',
  'host' => 'api.ullone.com',
)
[ info ] [ PARAM ] array (
)
[ info ] [ RUN ] app\index\controller\Index->index[ /webdata/api/application/index/controller/Index.php ]
[ info ] [ LOG ] INIT File
---------------------------------------------------------------
[ 2017-10-11T14:23:32+08:00 ] 104.238.148.249 157.119.232.9 POST /
[ info ] api.ullone.com/ [运行时间：1.030828s][吞吐率：0.97req/s] [内存消耗：146.13kb] [文件加载：27]
[ info ] [ LANG ] /webdata/api/thinkphp/lang/zh-cn.php
[ info ] [ ROUTE ] array (
  'type' => 'module',
  'module' => 
  array (
    0 => '',
    1 => NULL,
    2 => NULL,
  ),
)
[ info ] [ HEADER ] array (
  'x-request-id' => '8e6813aa32761aafdfa72b2dd3110318',
  'x-edge-retry-times' => '-',
  'user-agent' => 'shanks/0.8.14',
  'x-forwarded-for' => '183.15.249.177',
  'x-real-ip' => '183.15.249.177',
  'client-ip' => '183.15.249.177',
  'content-length' => '19518',
  'accept-encoding' => 'gzip',
  'referer' => 'https://servicewechat.com/touristappid/devtools/page-frame.html',
  'content-type' => 'multipart/form-data; boundary=--------------------------285386560766397137390066',
  'accept' => '*/*',
  'x-via' => 'shanks/0.8.14',
  'host' => 'api.ullone.com',
)
[ info ] [ PARAM ] array (
)
[ info ] [ RUN ] app\index\controller\Index->index[ /webdata/api/application/index/controller/Index.php ]
[ info ] [ LOG ] INIT File
---------------------------------------------------------------
[ 2017-10-11T14:29:05+08:00 ] 104.238.148.249 157.119.232.12 POST /
[ info ] api.ullone.com/ [运行时间：1.272240s][吞吐率：0.79req/s] [内存消耗：552.77kb] [文件加载：27]
[ info ] [ LANG ] /webdata/api/thinkphp/lang/zh-cn.php
[ info ] [ ROUTE ] array (
  'type' => 'module',
  'module' => 
  array (
    0 => '',
    1 => NULL,
    2 => NULL,
  ),
)
[ info ] [ HEADER ] array (
  'x-request-id' => '1d3cb6d34cb3a24ae2163347945eb3dd',
  'x-edge-retry-times' => '-',
  'user-agent' => 'Mozilla/5.0 (iPhone; CPU iPhone OS 10_2 like Mac OS X) AppleWebKit/602.3.12 (KHTML, like Gecko) Mobile/14C92 MicroMessenger/6.5.18 NetType/WIFI Language/zh_CN',
  'content-type' => 'multipart/form-data; boundary=WABoundary+9160247779C962F7WA',
  'x-real-ip' => '183.15.249.177',
  'x-forwarded-for' => '183.15.249.177',
  'accept-language' => 'zh-cn',
  'content-length' => '5212',
  'accept-encoding' => 'gzip',
  'referer' => 'https://servicewechat.com/wx61c00f82c85f0036/0/page-frame.html',
  'client-ip' => '183.15.249.177',
  'accept' => '*/*',
  'x-via' => 'shanks/0.8.14',
  'host' => 'api.ullone.com',
)
[ info ] [ PARAM ] array (
)
[ info ] [ RUN ] app\index\controller\Index->index[ /webdata/api/application/index/controller/Index.php ]
[ info ] [ LOG ] INIT File
---------------------------------------------------------------
[ 2017-10-11T14:29:30+08:00 ] 104.238.148.249 157.119.232.11 POST /
[ info ] api.ullone.com/ [运行时间：1.087590s][吞吐率：0.92req/s] [内存消耗：916.77kb] [文件加载：27]
[ info ] [ LANG ] /webdata/api/thinkphp/lang/zh-cn.php
[ info ] [ ROUTE ] array (
  'type' => 'module',
  'module' => 
  array (
    0 => '',
    1 => NULL,
    2 => NULL,
  ),
)
[ info ] [ HEADER ] array (
  'x-request-id' => '29caeb72e7f39b506e61a3cc3d5630f0',
  'x-edge-retry-times' => '-',
  'user-agent' => 'Mozilla/5.0 (iPhone; CPU iPhone OS 10_2 like Mac OS X) AppleWebKit/602.3.12 (KHTML, like Gecko) Mobile/14C92 MicroMessenger/6.5.18 NetType/WIFI Language/zh_CN',
  'content-type' => 'multipart/form-data; boundary=WABoundary+0C063787E9887C26WA',
  'x-real-ip' => '183.15.249.177',
  'x-forwarded-for' => '183.15.249.177',
  'accept-language' => 'zh-cn',
  'content-length' => '10484',
  'accept-encoding' => 'gzip',
  'referer' => 'https://servicewechat.com/wx61c00f82c85f0036/0/page-frame.html',
  'client-ip' => '183.15.249.177',
  'accept' => '*/*',
  'x-via' => 'shanks/0.8.14',
  'host' => 'api.ullone.com',
)
[ info ] [ PARAM ] array (
)
[ info ] [ RUN ] app\index\controller\Index->index[ /webdata/api/application/index/controller/Index.php ]
[ info ] [ LOG ] INIT File
---------------------------------------------------------------
[ 2017-10-11T16:14:48+08:00 ] 104.238.148.249 157.119.232.13 POST /
[ info ] api.ullone.com/ [运行时间：5.387413s][吞吐率：0.19req/s] [内存消耗：350.13kb] [文件加载：28]
[ info ] [ LANG ] /webdata/api/thinkphp/lang/zh-cn.php
[ info ] [ ROUTE ] array (
  'type' => 'module',
  'module' => 
  array (
    0 => '',
    1 => NULL,
    2 => NULL,
  ),
)
[ info ] [ HEADER ] array (
  'x-request-id' => '29633b5d19cb9113c5c88ee1d11b8892',
  'x-edge-retry-times' => '-',
  'user-agent' => 'Mozilla/5.0 (Linux; Android 6.0; M5s Build/MRA58K; wv) AppleWebKit/537.36 (KHTML, like Gecko) Version/4.0 Chrome/53.0.2785.49 Mobile MQQBrowser/6.2 TBS/043520 Safari/537.36 MicroMessenger/6.5.16.1120 NetType/4G Language/zh_CN MicroMessenger/6.5.16.1120 NetType/4G Language/zh_CN',
  'x-forwarded-for' => '112.97.227.137',
  'x-real-ip' => '112.97.227.137',
  'client-ip' => '112.97.227.137',
  'content-length' => '3084',
  'accept-encoding' => 'gzip',
  'referer' => 'https://servicewechat.com/wx61c00f82c85f0036/0/page-frame.html',
  'content-type' => 'multipart/form-data; boundary=1507709682797',
  'accept' => '*/*',
  'x-via' => 'shanks/0.8.14',
  'host' => 'api.ullone.com',
)
[ info ] [ PARAM ] array (
)
[ info ] [ RUN ] app\index\controller\Index->index[ /webdata/api/application/index/controller/Index.php ]
[ info ] [ LOG ] INIT File
---------------------------------------------------------------
[ 2017-10-11T16:15:32+08:00 ] 104.238.148.249 157.119.232.5 POST /
[ info ] api.ullone.com/ [运行时间：0.485451s][吞吐率：2.06req/s] [内存消耗：188.77kb] [文件加载：27]
[ info ] [ LANG ] /webdata/api/thinkphp/lang/zh-cn.php
[ info ] [ ROUTE ] array (
  'type' => 'module',
  'module' => 
  array (
    0 => '',
    1 => NULL,
    2 => NULL,
  ),
)
[ info ] [ HEADER ] array (
  'x-request-id' => '0e0884400f5fa5d9df7dd4c46a26dc67',
  'x-edge-retry-times' => '-',
  'user-agent' => 'Mozilla/5.0 (iPhone; CPU iPhone OS 10_2 like Mac OS X) AppleWebKit/602.3.12 (KHTML, like Gecko) Mobile/14C92 MicroMessenger/6.5.18 NetType/WIFI Language/zh_CN',
  'content-type' => 'multipart/form-data; boundary=WABoundary+F602CE8375A59956WA',
  'x-real-ip' => '183.15.249.108',
  'x-forwarded-for' => '183.15.249.108',
  'accept-language' => 'zh-cn',
  'content-length' => '506',
  'accept-encoding' => 'gzip',
  'referer' => 'https://servicewechat.com/wx61c00f82c85f0036/0/page-frame.html',
  'client-ip' => '183.15.249.108',
  'accept' => '*/*',
  'x-via' => 'shanks/0.8.14',
  'host' => 'api.ullone.com',
)
[ info ] [ PARAM ] array (
)
[ info ] [ RUN ] app\index\controller\Index->index[ /webdata/api/application/index/controller/Index.php ]
[ info ] [ LOG ] INIT File
---------------------------------------------------------------
[ 2017-10-11T16:15:41+08:00 ] 104.238.148.249 157.119.232.13 POST /
[ info ] api.ullone.com/ [运行时间：0.834383s][吞吐率：1.20req/s] [内存消耗：420.77kb] [文件加载：27]
[ info ] [ LANG ] /webdata/api/thinkphp/lang/zh-cn.php
[ info ] [ ROUTE ] array (
  'type' => 'module',
  'module' => 
  array (
    0 => '',
    1 => NULL,
    2 => NULL,
  ),
)
[ info ] [ HEADER ] array (
  'x-request-id' => '02de21b8e11a96608b241c6224c68907',
  'x-edge-retry-times' => '-',
  'user-agent' => 'Mozilla/5.0 (iPhone; CPU iPhone OS 10_2 like Mac OS X) AppleWebKit/602.3.12 (KHTML, like Gecko) Mobile/14C92 MicroMessenger/6.5.18 NetType/WIFI Language/zh_CN',
  'content-type' => 'multipart/form-data; boundary=WABoundary+722C3CA17D435717WA',
  'x-real-ip' => '183.15.249.108',
  'x-forwarded-for' => '183.15.249.108',
  'accept-language' => 'zh-cn',
  'content-length' => '3441',
  'accept-encoding' => 'gzip',
  'referer' => 'https://servicewechat.com/wx61c00f82c85f0036/0/page-frame.html',
  'client-ip' => '183.15.249.108',
  'accept' => '*/*',
  'x-via' => 'shanks/0.8.14',
  'host' => 'api.ullone.com',
)
[ info ] [ PARAM ] array (
)
[ info ] [ RUN ] app\index\controller\Index->index[ /webdata/api/application/index/controller/Index.php ]
[ info ] [ LOG ] INIT File
