---------------------------------------------------------------
[ 2017-10-14T18:33:29+08:00 ] 104.238.148.249 157.119.232.7 HEAD /
[ info ] api.ullone.com/ [运行时间：0.008451s][吞吐率：118.33req/s] [内存消耗：134.18kb] [文件加载：32]
[ info ] [ LANG ] /webdata/api/thinkphp/lang/zh-cn.php
[ info ] [ ROUTE ] array (
  'type' => 'module',
  'module' => 
  array (
    0 => '',
    1 => NULL,
    2 => NULL,
  ),
)
[ info ] [ HEADER ] array (
  'x-request-id' => '3d34ec4fdaeb2eebb335247d96b67f48',
  'x-edge-retry-times' => '-',
  'user-agent' => 'Mozilla/5.0 (Windows NT 6.1; Win64; x64) AppleWebKit/537.36 (KHTML, like Gecko) Chrome/40.0.2214.85 Safari/537.36',
  'x-forwarded-for' => '2001:4ca0:108:42::19',
  'x-real-ip' => '2001:4ca0:108:42::19',
  'client-ip' => '2001:4ca0:108:42::19',
  'accept' => '*/*',
  'x-via' => 'shanks/0.8.14',
  'host' => 'api.ullone.com',
  'content-type' => '',
  'content-length' => '',
)
[ info ] [ PARAM ] array (
)
[ info ] [ RUN ] app\index\controller\Index->index[ /webdata/api/application/index/controller/Index.php ]
[ info ] [ LOG ] INIT File
[ error ] [8]未定义数组索引: file[/webdata/api/application/index/controller/Upload.php:21]
---------------------------------------------------------------
[ 2017-10-14T18:33:29+08:00 ] 104.238.148.249 157.119.232.7 HEAD /
[ info ] api.ullone.com/ [运行时间：0.002931s][吞吐率：341.19req/s] [内存消耗：134.19kb] [文件加载：32]
[ info ] [ LANG ] /webdata/api/thinkphp/lang/zh-cn.php
[ info ] [ ROUTE ] array (
  'type' => 'module',
  'module' => 
  array (
    0 => '',
    1 => NULL,
    2 => NULL,
  ),
)
[ info ] [ HEADER ] array (
  'x-request-id' => '3d34ec4fdaeb2eebb335247d96b67f48',
  'x-edge-retry-times' => '-',
  'user-agent' => 'Mozilla/5.0 (Windows NT 6.1; Win64; x64) AppleWebKit/537.36 (KHTML, like Gecko) Chrome/40.0.2214.85 Safari/537.36',
  'x-forwarded-for' => '2001:4ca0:108:42::19',
  'x-real-ip' => '2001:4ca0:108:42::19',
  'client-ip' => '2001:4ca0:108:42::19',
  'accept' => '*/*',
  'x-via' => 'shanks/0.8.14',
  'host' => 'api.ullone.com',
  'content-type' => '',
  'content-length' => '',
)
[ info ] [ PARAM ] array (
)
[ info ] [ RUN ] app\index\controller\Index->index[ /webdata/api/application/index/controller/Index.php ]
[ info ] [ LOG ] INIT File
[ error ] [8]未定义数组索引: file[/webdata/api/application/index/controller/Upload.php:21]
