---------------------------------------------------------------
[ 2017-10-16T10:27:33+08:00 ] 104.238.148.249 157.119.232.13 POST /
[ info ] api.ullone.com/ [运行时间：4.528113s][吞吐率：0.22req/s] [内存消耗：622.23kb] [文件加载：28]
[ info ] [ LANG ] /webdata/api/thinkphp/lang/zh-cn.php
[ info ] [ ROUTE ] array (
  'type' => 'module',
  'module' => 
  array (
    0 => '',
    1 => NULL,
    2 => NULL,
  ),
)
[ info ] [ HEADER ] array (
  'x-request-id' => '47631e327abf2aeb3d38885715c6e75a',
  'x-edge-retry-times' => '-',
  'user-agent' => 'Mozilla/5.0 (Linux; Android 6.0; M5s Build/MRA58K; wv) AppleWebKit/537.36 (KHTML, like Gecko) Version/4.0 Chrome/53.0.2785.49 Mobile MQQBrowser/6.2 TBS/043602 Safari/537.36 MicroMessenger/6.5.16.1120 NetType/WIFI Language/zh_CN MicroMessenger/6.5.16.1120 NetType/WIFI Language/zh_CN',
  'x-forwarded-for' => '183.15.249.13',
  'x-real-ip' => '183.15.249.13',
  'client-ip' => '183.15.249.13',
  'content-length' => '7507',
  'accept-encoding' => 'gzip',
  'referer' => 'https://servicewechat.com/wx61c00f82c85f0036/0/page-frame.html',
  'content-type' => 'multipart/form-data; boundary=1508120852305',
  'accept' => '*/*',
  'x-via' => 'shanks/0.8.14',
  'host' => 'api.ullone.com',
)
[ info ] [ PARAM ] array (
)
[ info ] [ RUN ] app\index\controller\Index->index[ /webdata/api/application/index/controller/Index.php ]
[ info ] [ LOG ] INIT File
---------------------------------------------------------------
[ 2017-10-16T10:27:37+08:00 ] 104.238.148.249 157.119.232.13 POST /
[ info ] api.ullone.com/ [运行时间：5.079757s][吞吐率：0.20req/s] [内存消耗：3,870.96kb] [文件加载：28]
[ info ] [ LANG ] /webdata/api/thinkphp/lang/zh-cn.php
[ info ] [ ROUTE ] array (
  'type' => 'module',
  'module' => 
  array (
    0 => '',
    1 => NULL,
    2 => NULL,
  ),
)
[ info ] [ HEADER ] array (
  'x-request-id' => '0c0e1c7ac630b3561763c895594e6606',
  'x-edge-retry-times' => '-',
  'user-agent' => 'Mozilla/5.0 (Linux; Android 7.0; MHA-AL00 Build/HUAWEIMHA-AL00; wv) AppleWebKit/537.36 (KHTML, like Gecko) Version/4.0 Chrome/53.0.2785.49 Mobile MQQBrowser/6.2 TBS/043520 Safari/537.36 MicroMessenger/6.5.16.1120 NetType/WIFI Language/zh_CN MicroMessenger/6.5.16.1120 NetType/WIFI Language/zh_CN',
  'x-forwarded-for' => '183.15.249.13',
  'x-real-ip' => '183.15.249.13',
  'client-ip' => '183.15.249.13',
  'content-length' => '58638',
  'accept-encoding' => 'gzip',
  'referer' => 'https://servicewechat.com/wx61c00f82c85f0036/0/page-frame.html',
  'content-type' => 'multipart/form-data; boundary=1508120850763',
  'accept' => '*/*',
  'x-via' => 'shanks/0.8.14',
  'host' => 'api.ullone.com',
)
[ info ] [ PARAM ] array (
)
[ info ] [ RUN ] app\index\controller\Index->index[ /webdata/api/application/index/controller/Index.php ]
[ info ] [ LOG ] INIT File
---------------------------------------------------------------
[ 2017-10-16T10:27:53+08:00 ] 104.238.148.249 157.119.232.5 POST /
[ info ] api.ullone.com/ [运行时间：2.900798s][吞吐率：0.34req/s] [内存消耗：1,570.10kb] [文件加载：28]
[ info ] [ LANG ] /webdata/api/thinkphp/lang/zh-cn.php
[ info ] [ ROUTE ] array (
  'type' => 'module',
  'module' => 
  array (
    0 => '',
    1 => NULL,
    2 => NULL,
  ),
)
[ info ] [ HEADER ] array (
  'x-request-id' => 'd24e51feeffd2a4677e2d3984b42c4d4',
  'x-edge-retry-times' => '-',
  'user-agent' => 'Mozilla/5.0 (Linux; Android 7.0; MHA-AL00 Build/HUAWEIMHA-AL00; wv) AppleWebKit/537.36 (KHTML, like Gecko) Version/4.0 Chrome/53.0.2785.49 Mobile MQQBrowser/6.2 TBS/043520 Safari/537.36 MicroMessenger/6.5.16.1120 NetType/WIFI Language/zh_CN MicroMessenger/6.5.16.1120 NetType/WIFI Language/zh_CN',
  'x-forwarded-for' => '183.15.249.13',
  'x-real-ip' => '183.15.249.13',
  'client-ip' => '183.15.249.13',
  'content-length' => '21760',
  'accept-encoding' => 'gzip',
  'referer' => 'https://servicewechat.com/wx61c00f82c85f0036/0/page-frame.html',
  'content-type' => 'multipart/form-data; boundary=1508120869223',
  'accept' => '*/*',
  'x-via' => 'shanks/0.8.14',
  'host' => 'api.ullone.com',
)
[ info ] [ PARAM ] array (
)
[ info ] [ RUN ] app\index\controller\Index->index[ /webdata/api/application/index/controller/Index.php ]
[ info ] [ LOG ] INIT File
---------------------------------------------------------------
[ 2017-10-16T10:28:30+08:00 ] 104.238.148.249 157.119.232.11 POST /
[ info ] api.ullone.com/ [运行时间：1.042928s][吞吐率：0.96req/s] [内存消耗：836.86kb] [文件加载：27]
[ info ] [ LANG ] /webdata/api/thinkphp/lang/zh-cn.php
[ info ] [ ROUTE ] array (
  'type' => 'module',
  'module' => 
  array (
    0 => '',
    1 => NULL,
    2 => NULL,
  ),
)
[ info ] [ HEADER ] array (
  'x-request-id' => '7c02984cc1a2322c39c8e759013e5f86',
  'x-edge-retry-times' => '-',
  'user-agent' => 'Mozilla/5.0 (Linux; Android 6.0; M5s Build/MRA58K; wv) AppleWebKit/537.36 (KHTML, like Gecko) Version/4.0 Chrome/53.0.2785.49 Mobile MQQBrowser/6.2 TBS/043602 Safari/537.36 MicroMessenger/6.5.16.1120 NetType/WIFI Language/zh_CN MicroMessenger/6.5.16.1120 NetType/WIFI Language/zh_CN',
  'x-forwarded-for' => '183.15.249.13',
  'x-real-ip' => '183.15.249.13',
  'client-ip' => '183.15.249.13',
  'content-length' => '8447',
  'accept-encoding' => 'gzip',
  'referer' => 'https://servicewechat.com/wx61c00f82c85f0036/0/page-frame.html',
  'content-type' => 'multipart/form-data; boundary=1508120912523',
  'accept' => '*/*',
  'x-via' => 'shanks/0.8.14',
  'host' => 'api.ullone.com',
)
[ info ] [ PARAM ] array (
)
[ info ] [ RUN ] app\index\controller\Index->index[ /webdata/api/application/index/controller/Index.php ]
[ info ] [ LOG ] INIT File
---------------------------------------------------------------
[ 2017-10-16T10:28:45+08:00 ] 104.238.148.249 157.119.232.8 POST /
[ info ] api.ullone.com/ [运行时间：2.836820s][吞吐率：0.35req/s] [内存消耗：802.18kb] [文件加载：28]
[ info ] [ LANG ] /webdata/api/thinkphp/lang/zh-cn.php
[ info ] [ ROUTE ] array (
  'type' => 'module',
  'module' => 
  array (
    0 => '',
    1 => NULL,
    2 => NULL,
  ),
)
[ info ] [ HEADER ] array (
  'x-request-id' => '0cb22c08f97a4da03c209dd1c2991fff',
  'x-edge-retry-times' => '-',
  'user-agent' => 'Mozilla/5.0 (Linux; Android 7.0; MHA-AL00 Build/HUAWEIMHA-AL00; wv) AppleWebKit/537.36 (KHTML, like Gecko) Version/4.0 Chrome/53.0.2785.49 Mobile MQQBrowser/6.2 TBS/043520 Safari/537.36 MicroMessenger/6.5.16.1120 NetType/WIFI Language/zh_CN MicroMessenger/6.5.16.1120 NetType/WIFI Language/zh_CN',
  'x-forwarded-for' => '183.15.249.13',
  'x-real-ip' => '183.15.249.13',
  'client-ip' => '183.15.249.13',
  'content-length' => '8869',
  'accept-encoding' => 'gzip',
  'referer' => 'https://servicewechat.com/wx61c00f82c85f0036/0/page-frame.html',
  'content-type' => 'multipart/form-data; boundary=1508120921319',
  'accept' => '*/*',
  'x-via' => 'shanks/0.8.14',
  'host' => 'api.ullone.com',
)
[ info ] [ PARAM ] array (
)
[ info ] [ RUN ] app\index\controller\Index->index[ /webdata/api/application/index/controller/Index.php ]
[ info ] [ LOG ] INIT File
---------------------------------------------------------------
[ 2017-10-16T10:28:56+08:00 ] 104.238.148.249 157.119.232.6 POST /
[ info ] api.ullone.com/ [运行时间：6.089835s][吞吐率：0.16req/s] [内存消耗：544.66kb] [文件加载：28]
[ info ] [ LANG ] /webdata/api/thinkphp/lang/zh-cn.php
[ info ] [ ROUTE ] array (
  'type' => 'module',
  'module' => 
  array (
    0 => '',
    1 => NULL,
    2 => NULL,
  ),
)
[ info ] [ HEADER ] array (
  'x-request-id' => 'd3f5a76d0f5ca593b4af931aa9a14e04',
  'x-edge-retry-times' => '-',
  'user-agent' => 'Mozilla/5.0 (Linux; Android 6.0; M5s Build/MRA58K; wv) AppleWebKit/537.36 (KHTML, like Gecko) Version/4.0 Chrome/53.0.2785.49 Mobile MQQBrowser/6.2 TBS/043602 Safari/537.36 MicroMessenger/6.5.16.1120 NetType/WIFI Language/zh_CN MicroMessenger/6.5.16.1120 NetType/WIFI Language/zh_CN',
  'x-forwarded-for' => '183.15.249.13',
  'x-real-ip' => '183.15.249.13',
  'client-ip' => '183.15.249.13',
  'content-length' => '5969',
  'accept-encoding' => 'gzip',
  'referer' => 'https://servicewechat.com/wx61c00f82c85f0036/0/page-frame.html',
  'content-type' => 'multipart/form-data; boundary=1508120933505',
  'accept' => '*/*',
  'x-via' => 'shanks/0.8.14',
  'host' => 'api.ullone.com',
)
[ info ] [ PARAM ] array (
)
[ info ] [ RUN ] app\index\controller\Index->index[ /webdata/api/application/index/controller/Index.php ]
[ info ] [ LOG ] INIT File
---------------------------------------------------------------
[ 2017-10-16T10:29:01+08:00 ] 104.238.148.249 157.119.232.6 POST /
[ info ] api.ullone.com/ [运行时间：0.685472s][吞吐率：1.46req/s] [内存消耗：368.86kb] [文件加载：27]
[ info ] [ LANG ] /webdata/api/thinkphp/lang/zh-cn.php
[ info ] [ ROUTE ] array (
  'type' => 'module',
  'module' => 
  array (
    0 => '',
    1 => NULL,
    2 => NULL,
  ),
)
[ info ] [ HEADER ] array (
  'x-request-id' => 'e6c85b1c03cd5df6364a689f5f5b0ccb',
  'x-edge-retry-times' => '-',
  'user-agent' => 'Mozilla/5.0 (Linux; Android 7.0; MHA-AL00 Build/HUAWEIMHA-AL00; wv) AppleWebKit/537.36 (KHTML, like Gecko) Version/4.0 Chrome/53.0.2785.49 Mobile MQQBrowser/6.2 TBS/043520 Safari/537.36 MicroMessenger/6.5.16.1120 NetType/WIFI Language/zh_CN MicroMessenger/6.5.16.1120 NetType/WIFI Language/zh_CN',
  'x-forwarded-for' => '183.15.249.13',
  'x-real-ip' => '183.15.249.13',
  'client-ip' => '183.15.249.13',
  'content-length' => '2697',
  'accept-encoding' => 'gzip',
  'referer' => 'https://servicewechat.com/wx61c00f82c85f0036/0/page-frame.html',
  'content-type' => 'multipart/form-data; boundary=1508120939730',
  'accept' => '*/*',
  'x-via' => 'shanks/0.8.14',
  'host' => 'api.ullone.com',
)
[ info ] [ PARAM ] array (
)
[ info ] [ RUN ] app\index\controller\Index->index[ /webdata/api/application/index/controller/Index.php ]
[ info ] [ LOG ] INIT File
---------------------------------------------------------------
[ 2017-10-16T10:30:14+08:00 ] 104.238.148.249 157.119.232.9 POST /
[ info ] api.ullone.com/ [运行时间：6.066726s][吞吐率：0.16req/s] [内存消耗：1,746.55kb] [文件加载：28]
[ info ] [ LANG ] /webdata/api/thinkphp/lang/zh-cn.php
[ info ] [ ROUTE ] array (
  'type' => 'module',
  'module' => 
  array (
    0 => '',
    1 => NULL,
    2 => NULL,
  ),
)
[ info ] [ HEADER ] array (
  'x-request-id' => '51cf48869640c1192cd3697aae6f89bc',
  'x-edge-retry-times' => '-',
  'user-agent' => 'Mozilla/5.0 (Linux; Android 7.0; MHA-AL00 Build/HUAWEIMHA-AL00; wv) AppleWebKit/537.36 (KHTML, like Gecko) Version/4.0 Chrome/53.0.2785.49 Mobile MQQBrowser/6.2 TBS/043520 Safari/537.36 MicroMessenger/6.5.16.1120 NetType/WIFI Language/zh_CN MicroMessenger/6.5.16.1120 NetType/WIFI Language/zh_CN',
  'x-forwarded-for' => '183.15.249.13',
  'x-real-ip' => '183.15.249.13',
  'client-ip' => '183.15.249.13',
  'content-length' => '23769',
  'accept-encoding' => 'gzip',
  'referer' => 'https://servicewechat.com/wx61c00f82c85f0036/0/page-frame.html',
  'content-type' => 'multipart/form-data; boundary=1508121006533',
  'accept' => '*/*',
  'x-via' => 'shanks/0.8.14',
  'host' => 'api.ullone.com',
)
[ info ] [ PARAM ] array (
)
[ info ] [ RUN ] app\index\controller\Index->index[ /webdata/api/application/index/controller/Index.php ]
[ info ] [ LOG ] INIT File
---------------------------------------------------------------
[ 2017-10-16T10:31:18+08:00 ] 104.238.148.249 157.119.232.12 POST /
[ info ] api.ullone.com/ [运行时间：6.600604s][吞吐率：0.15req/s] [内存消耗：5,243.59kb] [文件加载：28]
[ info ] [ LANG ] /webdata/api/thinkphp/lang/zh-cn.php
[ info ] [ ROUTE ] array (
  'type' => 'module',
  'module' => 
  array (
    0 => '',
    1 => NULL,
    2 => NULL,
  ),
)
[ info ] [ HEADER ] array (
  'x-request-id' => '9e149a7464ca70ac7257dd881bfbd759',
  'x-edge-retry-times' => '-',
  'user-agent' => 'Mozilla/5.0 (Linux; Android 7.0; MHA-AL00 Build/HUAWEIMHA-AL00; wv) AppleWebKit/537.36 (KHTML, like Gecko) Version/4.0 Chrome/53.0.2785.49 Mobile MQQBrowser/6.2 TBS/043520 Safari/537.36 MicroMessenger/6.5.16.1120 NetType/WIFI Language/zh_CN MicroMessenger/6.5.16.1120 NetType/WIFI Language/zh_CN',
  'x-forwarded-for' => '183.15.249.13',
  'x-real-ip' => '183.15.249.13',
  'client-ip' => '183.15.249.13',
  'content-length' => '82082',
  'accept-encoding' => 'gzip',
  'referer' => 'https://servicewechat.com/wx61c00f82c85f0036/0/page-frame.html',
  'content-type' => 'multipart/form-data; boundary=1508121070042',
  'accept' => '*/*',
  'x-via' => 'shanks/0.8.14',
  'host' => 'api.ullone.com',
)
[ info ] [ PARAM ] array (
)
[ info ] [ RUN ] app\index\controller\Index->index[ /webdata/api/application/index/controller/Index.php ]
[ info ] [ LOG ] INIT File
---------------------------------------------------------------
[ 2017-10-16T15:27:07+08:00 ] 104.238.148.249 157.119.232.7 POST /
[ info ] api.ullone.com/ [运行时间：1.333960s][吞吐率：0.75req/s] [内存消耗：288.77kb] [文件加载：27]
[ info ] [ LANG ] /webdata/api/thinkphp/lang/zh-cn.php
[ info ] [ ROUTE ] array (
  'type' => 'module',
  'module' => 
  array (
    0 => '',
    1 => NULL,
    2 => NULL,
  ),
)
[ info ] [ HEADER ] array (
  'x-request-id' => '9682c48e27c0259bcca527853eef702b',
  'x-edge-retry-times' => '-',
  'user-agent' => 'Mozilla/5.0 (iPhone; CPU iPhone OS 10_2 like Mac OS X) AppleWebKit/602.3.12 (KHTML, like Gecko) Mobile/14C92 MicroMessenger/6.5.18 NetType/WIFI Language/zh_TW',
  'content-type' => 'multipart/form-data; boundary=WABoundary+E994B53560F818E4WA',
  'x-real-ip' => '183.15.249.13',
  'x-forwarded-for' => '183.15.249.13',
  'accept-language' => 'zh-cn',
  'content-length' => '1812',
  'accept-encoding' => 'gzip',
  'referer' => 'https://servicewechat.com/wx61c00f82c85f0036/0/page-frame.html',
  'client-ip' => '183.15.249.13',
  'accept' => '*/*',
  'x-via' => 'shanks/0.8.14',
  'host' => 'api.ullone.com',
)
[ info ] [ PARAM ] array (
)
[ info ] [ RUN ] app\index\controller\Index->index[ /webdata/api/application/index/controller/Index.php ]
[ info ] [ LOG ] INIT File
---------------------------------------------------------------
[ 2017-10-16T15:27:12+08:00 ] 104.238.148.249 157.119.232.9 POST /
[ info ] api.ullone.com/ [运行时间：0.838309s][吞吐率：1.19req/s] [内存消耗：300.77kb] [文件加载：27]
[ info ] [ LANG ] /webdata/api/thinkphp/lang/zh-cn.php
[ info ] [ ROUTE ] array (
  'type' => 'module',
  'module' => 
  array (
    0 => '',
    1 => NULL,
    2 => NULL,
  ),
)
[ info ] [ HEADER ] array (
  'x-request-id' => '74fc6e11d8ab22dba2358748375952f7',
  'x-edge-retry-times' => '-',
  'user-agent' => 'Mozilla/5.0 (iPhone; CPU iPhone OS 10_2 like Mac OS X) AppleWebKit/602.3.12 (KHTML, like Gecko) Mobile/14C92 MicroMessenger/6.5.18 NetType/WIFI Language/zh_TW',
  'content-type' => 'multipart/form-data; boundary=WABoundary+C09BBC7A7C9B7B38WA',
  'x-real-ip' => '183.15.249.13',
  'x-forwarded-for' => '183.15.249.13',
  'accept-language' => 'zh-cn',
  'content-length' => '1972',
  'accept-encoding' => 'gzip',
  'referer' => 'https://servicewechat.com/wx61c00f82c85f0036/0/page-frame.html',
  'client-ip' => '183.15.249.13',
  'accept' => '*/*',
  'x-via' => 'shanks/0.8.14',
  'host' => 'api.ullone.com',
)
[ info ] [ PARAM ] array (
)
[ info ] [ RUN ] app\index\controller\Index->index[ /webdata/api/application/index/controller/Index.php ]
[ info ] [ LOG ] INIT File
---------------------------------------------------------------
[ 2017-10-16T15:27:20+08:00 ] 104.238.148.249 157.119.232.5 POST /
[ info ] api.ullone.com/ [运行时间：0.581517s][吞吐率：1.72req/s] [内存消耗：268.77kb] [文件加载：27]
[ info ] [ LANG ] /webdata/api/thinkphp/lang/zh-cn.php
[ info ] [ ROUTE ] array (
  'type' => 'module',
  'module' => 
  array (
    0 => '',
    1 => NULL,
    2 => NULL,
  ),
)
[ info ] [ HEADER ] array (
  'x-request-id' => '47d1812ef1128d1dbae39d0e6fe67121',
  'x-edge-retry-times' => '-',
  'user-agent' => 'Mozilla/5.0 (iPhone; CPU iPhone OS 10_2 like Mac OS X) AppleWebKit/602.3.12 (KHTML, like Gecko) Mobile/14C92 MicroMessenger/6.5.18 NetType/WIFI Language/zh_TW',
  'content-type' => 'multipart/form-data; boundary=WABoundary+02A955D18081D44EWA',
  'x-real-ip' => '183.15.249.13',
  'x-forwarded-for' => '183.15.249.13',
  'accept-language' => 'zh-cn',
  'content-length' => '1699',
  'accept-encoding' => 'gzip',
  'referer' => 'https://servicewechat.com/wx61c00f82c85f0036/0/page-frame.html',
  'client-ip' => '183.15.249.13',
  'accept' => '*/*',
  'x-via' => 'shanks/0.8.14',
  'host' => 'api.ullone.com',
)
[ info ] [ PARAM ] array (
)
[ info ] [ RUN ] app\index\controller\Index->index[ /webdata/api/application/index/controller/Index.php ]
[ info ] [ LOG ] INIT File
