---------------------------------------------------------------
[ 2017-10-21T12:22:38+08:00 ] 104.238.148.249 157.119.232.11 HEAD /
[ info ] api.ullone.com/ [运行时间：0.016411s][吞吐率：60.93req/s] [内存消耗：131.84kb] [文件加载：29]
[ info ] [ LANG ] /webdata/api/thinkphp/lang/zh-cn.php
[ info ] [ ROUTE ] array (
  'type' => 'module',
  'module' => 
  array (
    0 => '',
    1 => NULL,
    2 => NULL,
  ),
)
[ info ] [ HEADER ] array (
  'x-request-id' => '4d1272b020f53ab906ffa67ccc472132',
  'x-edge-retry-times' => '-',
  'user-agent' => 'Mozilla/5.0 (Windows NT 6.1; Win64; x64) AppleWebKit/537.36 (KHTML, like Gecko) Chrome/40.0.2214.85 Safari/537.36',
  'x-forwarded-for' => '2001:4ca0:108:42::19',
  'x-real-ip' => '2001:4ca0:108:42::19',
  'client-ip' => '2001:4ca0:108:42::19',
  'accept' => '*/*',
  'x-via' => 'shanks/0.8.14',
  'host' => 'api.ullone.com',
  'content-type' => '',
  'content-length' => '',
)
[ info ] [ PARAM ] array (
)
[ info ] [ LOG ] INIT File
